<?xml version="1.0" encoding="UTF-8"?>
<testng-results ignored="0" total="2" passed="0" failed="2" skipped="0">
  <reporter-output>
  </reporter-output>
  <suite started-at="2024-09-05T13:46:16 IST" name="Default suite" finished-at="2024-09-05T13:46:45 IST" duration-ms="29116">
    <groups>
      <group name="Sanity">
        <method signature="ThumbsUpAndThumbsDownFeedback.testSelectingandVerifyingFlow()[pri:2, instance:com.MACU.BUI.ThumbsUpAndThumbsDownFeedback@14c01636]" name="testSelectingandVerifyingFlow" class="com.MACU.BUI.ThumbsUpAndThumbsDownFeedback"/>
        <method signature="ThumbsUpAndThumbsDownFeedback.testThumbsUpAndThumbsDownFeedbackFlow()[pri:1, instance:com.MACU.BUI.ThumbsUpAndThumbsDownFeedback@14c01636]" name="testThumbsUpAndThumbsDownFeedbackFlow" class="com.MACU.BUI.ThumbsUpAndThumbsDownFeedback"/>
      </group> <!-- Sanity -->
      <group name="Regression">
        <method signature="ThumbsUpAndThumbsDownFeedback.testSelectingandVerifyingFlow()[pri:2, instance:com.MACU.BUI.ThumbsUpAndThumbsDownFeedback@14c01636]" name="testSelectingandVerifyingFlow" class="com.MACU.BUI.ThumbsUpAndThumbsDownFeedback"/>
        <method signature="ThumbsUpAndThumbsDownFeedback.testThumbsUpAndThumbsDownFeedbackFlow()[pri:1, instance:com.MACU.BUI.ThumbsUpAndThumbsDownFeedback@14c01636]" name="testThumbsUpAndThumbsDownFeedbackFlow" class="com.MACU.BUI.ThumbsUpAndThumbsDownFeedback"/>
      </group> <!-- Regression -->
    </groups>
    <test started-at="2024-09-05T13:46:16 IST" name="Default test" finished-at="2024-09-05T13:46:45 IST" duration-ms="29116">
      <class name="com.MACU.BUI.ThumbsUpAndThumbsDownFeedback">
        <test-method is-config="true" signature="testSignIn()[pri:0, instance:com.MACU.BUI.ThumbsUpAndThumbsDownFeedback@14c01636]" started-at="2024-09-05T13:46:16 IST" name="testSignIn" finished-at="2024-09-05T13:46:25 IST" duration-ms="9043" status="PASS">
          <reporter-output>
          </reporter-output>
        </test-method> <!-- testSignIn -->
        <test-method signature="testThumbsUpAndThumbsDownFeedbackFlow()[pri:1, instance:com.MACU.BUI.ThumbsUpAndThumbsDownFeedback@14c01636]" started-at="2024-09-05T13:46:25 IST" name="testThumbsUpAndThumbsDownFeedbackFlow" description="Navigate To ThumbsUp_And_ThumbsDown_Feedback testing" finished-at="2024-09-05T13:46:42 IST" duration-ms="17013" status="FAIL">
          <exception class="java.lang.NullPointerException">
            <message>
              <![CDATA[Cannot invoke "org.openqa.selenium.WebDriver.findElement(org.openqa.selenium.By)" because "com.MACU.framework.Selenium_Wrapper.driver" is null]]>
            </message>
            <full-stacktrace>
              <![CDATA[java.lang.NullPointerException: Cannot invoke "org.openqa.selenium.WebDriver.findElement(org.openqa.selenium.By)" because "com.MACU.framework.Selenium_Wrapper.driver" is null
at com.MACU.framework.Selenium_Wrapper.getWebElement(Selenium_Wrapper.java:107)
at com.MACU.framework.Selenium_Wrapper.click(Selenium_Wrapper.java:101)
at com.MACU.BUI.ThumbsUpAndThumbsDownFeedback.testThumbsUpAndThumbsDownFeedbackFlow(ThumbsUpAndThumbsDownFeedback.java:31)
at java.base/jdk.internal.reflect.DirectMethodHandleAccessor.invoke(DirectMethodHandleAccessor.java:103)
at java.base/java.lang.reflect.Method.invoke(Method.java:580)
at org.testng.internal.MethodInvocationHelper.invokeMethod(MethodInvocationHelper.java:133)
at org.testng.internal.TestInvoker.invokeMethod(TestInvoker.java:598)
at org.testng.internal.TestInvoker.invokeTestMethod(TestInvoker.java:173)
at org.testng.internal.MethodRunner.runInSequence(MethodRunner.java:46)
at org.testng.internal.TestInvoker$MethodInvocationAgent.invoke(TestInvoker.java:824)
at org.testng.internal.TestInvoker.invokeTestMethods(TestInvoker.java:146)
at org.testng.internal.TestMethodWorker.invokeTestMethods(TestMethodWorker.java:146)
at org.testng.internal.TestMethodWorker.run(TestMethodWorker.java:128)
at java.base/java.util.ArrayList.forEach(ArrayList.java:1596)
at org.testng.TestRunner.privateRun(TestRunner.java:794)
at org.testng.TestRunner.run(TestRunner.java:596)
at org.testng.SuiteRunner.runTest(SuiteRunner.java:377)
at org.testng.SuiteRunner.runSequentially(SuiteRunner.java:371)
at org.testng.SuiteRunner.privateRun(SuiteRunner.java:332)
at org.testng.SuiteRunner.run(SuiteRunner.java:276)
at org.testng.SuiteRunnerWorker.runSuite(SuiteRunnerWorker.java:53)
at org.testng.SuiteRunnerWorker.run(SuiteRunnerWorker.java:96)
at org.testng.TestNG.runSuitesSequentially(TestNG.java:1212)
at org.testng.TestNG.runSuitesLocally(TestNG.java:1134)
at org.testng.TestNG.runSuites(TestNG.java:1063)
at org.testng.TestNG.run(TestNG.java:1031)
at org.testng.remote.AbstractRemoteTestNG.run(AbstractRemoteTestNG.java:115)
at org.testng.remote.RemoteTestNG.initAndRun(RemoteTestNG.java:251)
at org.testng.remote.RemoteTestNG.main(RemoteTestNG.java:77)
]]>
            </full-stacktrace>
          </exception> <!-- java.lang.NullPointerException -->
          <reporter-output>
          </reporter-output>
        </test-method> <!-- testThumbsUpAndThumbsDownFeedbackFlow -->
        <test-method signature="testSelectingandVerifyingFlow()[pri:2, instance:com.MACU.BUI.ThumbsUpAndThumbsDownFeedback@14c01636]" started-at="2024-09-05T13:46:42 IST" name="testSelectingandVerifyingFlow" description="Selecting and Verifying testing" finished-at="2024-09-05T13:46:42 IST" duration-ms="3" status="FAIL">
          <exception class="java.lang.NullPointerException">
            <message>
              <![CDATA[Cannot invoke "org.openqa.selenium.WebDriver.findElements(org.openqa.selenium.By)" because "com.MACU.BUI.ThumbsUpAndThumbsDownFeedback.driver" is null]]>
            </message>
            <full-stacktrace>
              <![CDATA[java.lang.NullPointerException: Cannot invoke "org.openqa.selenium.WebDriver.findElements(org.openqa.selenium.By)" because "com.MACU.BUI.ThumbsUpAndThumbsDownFeedback.driver" is null
at com.MACU.BUI.ThumbsUpAndThumbsDownFeedback.testSelectingandVerifyingFlow(ThumbsUpAndThumbsDownFeedback.java:50)
at java.base/jdk.internal.reflect.DirectMethodHandleAccessor.invoke(DirectMethodHandleAccessor.java:103)
at java.base/java.lang.reflect.Method.invoke(Method.java:580)
at org.testng.internal.MethodInvocationHelper.invokeMethod(MethodInvocationHelper.java:133)
at org.testng.internal.TestInvoker.invokeMethod(TestInvoker.java:598)
at org.testng.internal.TestInvoker.invokeTestMethod(TestInvoker.java:173)
at org.testng.internal.MethodRunner.runInSequence(MethodRunner.java:46)
at org.testng.internal.TestInvoker$MethodInvocationAgent.invoke(TestInvoker.java:824)
at org.testng.internal.TestInvoker.invokeTestMethods(TestInvoker.java:146)
at org.testng.internal.TestMethodWorker.invokeTestMethods(TestMethodWorker.java:146)
at org.testng.internal.TestMethodWorker.run(TestMethodWorker.java:128)
at java.base/java.util.ArrayList.forEach(ArrayList.java:1596)
at org.testng.TestRunner.privateRun(TestRunner.java:794)
at org.testng.TestRunner.run(TestRunner.java:596)
at org.testng.SuiteRunner.runTest(SuiteRunner.java:377)
at org.testng.SuiteRunner.runSequentially(SuiteRunner.java:371)
at org.testng.SuiteRunner.privateRun(SuiteRunner.java:332)
at org.testng.SuiteRunner.run(SuiteRunner.java:276)
at org.testng.SuiteRunnerWorker.runSuite(SuiteRunnerWorker.java:53)
at org.testng.SuiteRunnerWorker.run(SuiteRunnerWorker.java:96)
at org.testng.TestNG.runSuitesSequentially(TestNG.java:1212)
at org.testng.TestNG.runSuitesLocally(TestNG.java:1134)
at org.testng.TestNG.runSuites(TestNG.java:1063)
at org.testng.TestNG.run(TestNG.java:1031)
at org.testng.remote.AbstractRemoteTestNG.run(AbstractRemoteTestNG.java:115)
at org.testng.remote.RemoteTestNG.initAndRun(RemoteTestNG.java:251)
at org.testng.remote.RemoteTestNG.main(RemoteTestNG.java:77)
]]>
            </full-stacktrace>
          </exception> <!-- java.lang.NullPointerException -->
          <reporter-output>
          </reporter-output>
        </test-method> <!-- testSelectingandVerifyingFlow -->
        <test-method is-config="true" signature="testSignout()[pri:0, instance:com.MACU.BUI.ThumbsUpAndThumbsDownFeedback@14c01636]" started-at="2024-09-05T13:46:42 IST" name="testSignout" finished-at="2024-09-05T13:46:45 IST" duration-ms="3021" status="FAIL">
          <exception class="java.lang.NullPointerException">
            <message>
              <![CDATA[Cannot invoke "org.openqa.selenium.WebDriver.findElement(org.openqa.selenium.By)" because "com.MACU.framework.Selenium_Wrapper.driver" is null]]>
            </message>
            <full-stacktrace>
              <![CDATA[java.lang.NullPointerException: Cannot invoke "org.openqa.selenium.WebDriver.findElement(org.openqa.selenium.By)" because "com.MACU.framework.Selenium_Wrapper.driver" is null
at com.MACU.framework.Selenium_Wrapper.getWebElement(Selenium_Wrapper.java:107)
at com.MACU.framework.Selenium_Wrapper.click(Selenium_Wrapper.java:101)
at com.MACU.BUI.ThumbsUpAndThumbsDownFeedback.testSignout(ThumbsUpAndThumbsDownFeedback.java:180)
at java.base/jdk.internal.reflect.DirectMethodHandleAccessor.invoke(DirectMethodHandleAccessor.java:103)
at java.base/java.lang.reflect.Method.invoke(Method.java:580)
at org.testng.internal.MethodInvocationHelper.invokeMethod(MethodInvocationHelper.java:133)
at org.testng.internal.MethodInvocationHelper.invokeMethodConsideringTimeout(MethodInvocationHelper.java:62)
at org.testng.internal.ConfigInvoker.invokeConfigurationMethod(ConfigInvoker.java:385)
at org.testng.internal.ConfigInvoker.invokeConfigurations(ConfigInvoker.java:321)
at org.testng.internal.TestMethodWorker.invokeAfterClassMethods(TestMethodWorker.java:217)
at org.testng.internal.TestMethodWorker.run(TestMethodWorker.java:130)
at java.base/java.util.ArrayList.forEach(ArrayList.java:1596)
at org.testng.TestRunner.privateRun(TestRunner.java:794)
at org.testng.TestRunner.run(TestRunner.java:596)
at org.testng.SuiteRunner.runTest(SuiteRunner.java:377)
at org.testng.SuiteRunner.runSequentially(SuiteRunner.java:371)
at org.testng.SuiteRunner.privateRun(SuiteRunner.java:332)
at org.testng.SuiteRunner.run(SuiteRunner.java:276)
at org.testng.SuiteRunnerWorker.runSuite(SuiteRunnerWorker.java:53)
at org.testng.SuiteRunnerWorker.run(SuiteRunnerWorker.java:96)
at org.testng.TestNG.runSuitesSequentially(TestNG.java:1212)
at org.testng.TestNG.runSuitesLocally(TestNG.java:1134)
at org.testng.TestNG.runSuites(TestNG.java:1063)
at org.testng.TestNG.run(TestNG.java:1031)
at org.testng.remote.AbstractRemoteTestNG.run(AbstractRemoteTestNG.java:115)
at org.testng.remote.RemoteTestNG.initAndRun(RemoteTestNG.java:251)
at org.testng.remote.RemoteTestNG.main(RemoteTestNG.java:77)
]]>
            </full-stacktrace>
          </exception> <!-- java.lang.NullPointerException -->
          <reporter-output>
          </reporter-output>
        </test-method> <!-- testSignout -->
      </class> <!-- com.MACU.BUI.ThumbsUpAndThumbsDownFeedback -->
    </test> <!-- Default test -->
  </suite> <!-- Default suite -->
</testng-results>
