[INFO ][06-Feb-2024 13:01:38 PM] Selenium_Wrapper.openBrowser:(48) - Opening chrome browser.
[INFO ][06-Feb-2024 13:01:46 PM] Selenium_Wrapper.enterURL:(82) - Entering url :https://macu1--tst1.custhelp.com/app/home
[INFO ][06-Feb-2024 13:01:50 PM] Selenium_Wrapper.enterText:(311) - Entering Text :swamyk in WebElement :[[ChromeDriver: chrome on WINDOWS (411b0c00fd9e93f681e2eee4cb4e9483)] -> id: rn_LoginForm_2_Username]
[INFO ][06-Feb-2024 13:01:52 PM] Selenium_Wrapper.enterText:(311) - Entering Text :Soft@123 in WebElement :[[ChromeDriver: chrome on WINDOWS (411b0c00fd9e93f681e2eee4cb4e9483)] -> id: rn_LoginForm_2_Password]
[INFO ][06-Feb-2024 13:01:59 PM] Selenium_Wrapper.click:(199) - Clicking on :[[ChromeDriver: chrome on WINDOWS (411b0c00fd9e93f681e2eee4cb4e9483)] -> id: rn_LoginForm_2_Submit]
[INFO ][06-Feb-2024 13:02:10 PM] Selenium_Wrapper.click:(199) - Clicking on :[[ChromeDriver: chrome on WINDOWS (411b0c00fd9e93f681e2eee4cb4e9483)] -> xpath: //input[@type='search']]
[INFO ][06-Feb-2024 13:02:11 PM] Selenium_Wrapper.enterText:(311) - Entering Text :Business Auto Loan - ALPS 1.0 in WebElement :[[ChromeDriver: chrome on WINDOWS (411b0c00fd9e93f681e2eee4cb4e9483)] -> xpath: //input[@type='search']]
[INFO ][06-Feb-2024 13:02:26 PM] Selenium_Wrapper.click:(199) - Clicking on :[[ChromeDriver: chrome on WINDOWS (411b0c00fd9e93f681e2eee4cb4e9483)] -> xpath: //ul[@aria-label='Suggested Search']//li[normalize-space()='Business Auto Loan - ALPS 1.0']]
[INFO ][06-Feb-2024 13:02:33 PM] Selenium_Wrapper.click:(199) - Clicking on :[[ChromeDriver: chrome on WINDOWS (411b0c00fd9e93f681e2eee4cb4e9483)] -> xpath: //div[@class='rn_SearchResultContent']//a[text()='Business Auto Loan - ALPS 1.0']]
[ERROR][06-Feb-2024 13:02:40 PM] Selenium_Wrapper.highlightWebElement:(417) - org.openqa.selenium.NoSuchElementException: no such element: Unable to locate element: {"method":"xpath","selector":"//div[@class='rn_SchemaAttributeValue']//h5[text()='JUMP TO']"}
  (Session info: chrome=121.0.6167.140)
For documentation on this error, please visit: https://www.seleniumhq.org/exceptions/no_such_element.html
Build info: version: '3.141.59', revision: 'e82be7d358', time: '2018-11-14T08:17:03'
System info: host: 'CAF-QA-SWAMYK', ip: '192.168.0.5', os.name: 'Windows 10', os.arch: 'amd64', os.version: '10.0', java.version: '17.0.5'
Driver info: org.openqa.selenium.chrome.ChromeDriver
Capabilities {acceptInsecureCerts: false, browserName: chrome, browserVersion: 121.0.6167.140, chrome: {chromedriverVersion: 121.0.6167.85 (3f98d690ad7e..., userDataDir: C:\Users\swamyk\AppData\Loc...}, fedcm:accounts: true, goog:chromeOptions: {debuggerAddress: localhost:62869}, javascriptEnabled: true, networkConnectionEnabled: false, pageLoadStrategy: normal, platform: WINDOWS, platformName: WINDOWS, proxy: Proxy(), setWindowRect: true, strictFileInteractability: false, timeouts: {implicit: 0, pageLoad: 300000, script: 30000}, unhandledPromptBehavior: dismiss and notify, webauthn:extension:credBlob: true, webauthn:extension:largeBlob: true, webauthn:extension:minPinLength: true, webauthn:extension:prf: true, webauthn:virtualAuthenticators: true}
Session ID: 411b0c00fd9e93f681e2eee4cb4e9483
*** Element info: {Using=xpath, value=//div[@class='rn_SchemaAttributeValue']//h5[text()='JUMP TO']}
