[INFO ][02-Jul-2024 13:07:29 PM] Selenium_Wrapper.openBrowser:(54) - Opening chrome browser.
[INFO ][02-Jul-2024 13:07:40 PM] Selenium_Wrapper.enterURL:(88) - Entering url :https://macu1--tst1.custhelp.com/app/home
[INFO ][02-Jul-2024 13:07:45 PM] Selenium_Wrapper.enterText:(317) - Entering Text :swamyk in WebElement :[[ChromeDriver: chrome on WINDOWS (9002659676bb3a06f5ac437af94c916a)] -> id: rn_LoginForm_2_Username]
[INFO ][02-Jul-2024 13:07:46 PM] Selenium_Wrapper.enterText:(317) - Entering Text :Soft@123 in WebElement :[[ChromeDriver: chrome on WINDOWS (9002659676bb3a06f5ac437af94c916a)] -> id: rn_LoginForm_2_Password]
[INFO ][02-Jul-2024 13:07:50 PM] Selenium_Wrapper.click:(205) - Clicking on :[[ChromeDriver: chrome on WINDOWS (9002659676bb3a06f5ac437af94c916a)] -> id: rn_LoginForm_2_Submit]
[INFO ][02-Jul-2024 13:07:57 PM] Selenium_Wrapper.click:(205) - Clicking on :[[ChromeDriver: chrome on WINDOWS (9002659676bb3a06f5ac437af94c916a)] -> xpath: //input[@type='search']]
[INFO ][02-Jul-2024 13:07:58 PM] Selenium_Wrapper.enterText:(317) - Entering Text :Badge Protocol in WebElement :[[ChromeDriver: chrome on WINDOWS (9002659676bb3a06f5ac437af94c916a)] -> xpath: //input[@type='search']]
[INFO ][02-Jul-2024 13:08:00 PM] Selenium_Wrapper.click:(205) - Clicking on :[[ChromeDriver: chrome on WINDOWS (9002659676bb3a06f5ac437af94c916a)] -> xpath: //input[@type='search']]
[INFO ][02-Jul-2024 13:08:15 PM] Selenium_Wrapper.click:(205) - Clicking on :[[ChromeDriver: chrome on WINDOWS (9002659676bb3a06f5ac437af94c916a)] -> xpath: (//div[@class='yui3-aclist-content']//li//li)[1]]
[INFO ][02-Jul-2024 13:08:20 PM] Selenium_Wrapper.click:(205) - Clicking on :[[ChromeDriver: chrome on WINDOWS (9002659676bb3a06f5ac437af94c916a)] -> xpath: (//div[@class='rn_SearchResultContent']//a)[1]]
[INFO ][02-Jul-2024 13:08:40 PM] Selenium_Wrapper.click:(205) - Clicking on :[[ChromeDriver: chrome on WINDOWS (9002659676bb3a06f5ac437af94c916a)] -> xpath: //button[@class='rn_RecommendContentButton p-0']]
[ERROR][02-Jul-2024 13:08:41 PM] FeedbackAdmin.testFeedbackPage:(76) - Request Updates, Comments, Thumbs Up & Down Test is un-successfull
[ERROR][02-Jul-2024 13:12:01 PM] FeedbackAdmin.testMyFeedbackStatus:(112) - My Feedback Article Status in CP Test is un-successfull
[INFO ][02-Jul-2024 13:12:06 PM] Selenium_Wrapper.openBrowser:(54) - Opening chrome browser.
