[INFO ][04-Nov-2021 13:14:22 pm] Selenium_Wrapper.openBrowser:(48) - Opening chrome browser.
[INFO ][04-Nov-2021 13:14:34 pm] Selenium_Wrapper.enterURL:(82) - Entering url :https://macu1--tst.custhelp.com/app/home
[INFO ][04-Nov-2021 13:14:38 pm] Selenium_Wrapper.enterText:(311) - Entering Text :pramodk in WebElement :[[ChromeDriver: chrome on WINDOWS (9ebf810184080b096dca1130838366b1)] -> id: rn_LoginForm_2_Username]
[INFO ][04-Nov-2021 13:14:40 pm] Selenium_Wrapper.enterText:(311) - Entering Text :Soft@123 in WebElement :[[ChromeDriver: chrome on WINDOWS (9ebf810184080b096dca1130838366b1)] -> id: rn_LoginForm_2_Password]
[INFO ][04-Nov-2021 13:14:43 pm] Selenium_Wrapper.click:(199) - Clicking on :[[ChromeDriver: chrome on WINDOWS (9ebf810184080b096dca1130838366b1)] -> id: rn_LoginForm_2_Submit]
[INFO ][04-Nov-2021 13:14:52 pm] Selenium_Wrapper.click:(199) - Clicking on :[[ChromeDriver: chrome on WINDOWS (9ebf810184080b096dca1130838366b1)] -> class name: dropdown]
[ERROR][04-Nov-2021 13:16:14 pm] Selenium_Wrapper.getWebElement:(124) - org.openqa.selenium.WebDriverException: chrome not reachable
  (Session info: chrome=95.0.4638.54)
Build info: version: '3.141.59', revision: 'e82be7d358', time: '2018-11-14T08:17:03'
System info: host: 'DESKTOP-N43657M', ip: '10.10.105.46', os.name: 'Windows 10', os.arch: 'amd64', os.version: '10.0', java.version: '16.0.1'
Driver info: org.openqa.selenium.chrome.ChromeDriver
Capabilities {acceptInsecureCerts: false, browserName: chrome, browserVersion: 95.0.4638.54, chrome: {chromedriverVersion: 95.0.4638.17 (a9d0719444d4b..., userDataDir: C:\Users\Pramod\AppData\Loc...}, goog:chromeOptions: {debuggerAddress: localhost:61838}, javascriptEnabled: true, networkConnectionEnabled: false, pageLoadStrategy: normal, platform: WINDOWS, platformName: WINDOWS, proxy: Proxy(), setWindowRect: true, strictFileInteractability: false, timeouts: {implicit: 0, pageLoad: 300000, script: 30000}, unhandledPromptBehavior: dismiss and notify, webauthn:extension:credBlob: true, webauthn:extension:largeBlob: true, webauthn:virtualAuthenticators: true}
Session ID: 9ebf810184080b096dca1130838366b1
[ERROR][04-Nov-2021 13:16:14 pm] Selenium_Wrapper.highlightWebElement:(417) - org.openqa.selenium.WebDriverException: chrome not reachable
  (Session info: chrome=95.0.4638.54)
Build info: version: '3.141.59', revision: 'e82be7d358', time: '2018-11-14T08:17:03'
System info: host: 'DESKTOP-N43657M', ip: '10.10.105.46', os.name: 'Windows 10', os.arch: 'amd64', os.version: '10.0', java.version: '16.0.1'
Driver info: org.openqa.selenium.chrome.ChromeDriver
Capabilities {acceptInsecureCerts: false, browserName: chrome, browserVersion: 95.0.4638.54, chrome: {chromedriverVersion: 95.0.4638.17 (a9d0719444d4b..., userDataDir: C:\Users\Pramod\AppData\Loc...}, goog:chromeOptions: {debuggerAddress: localhost:61838}, javascriptEnabled: true, networkConnectionEnabled: false, pageLoadStrategy: normal, platform: WINDOWS, platformName: WINDOWS, proxy: Proxy(), setWindowRect: true, strictFileInteractability: false, timeouts: {implicit: 0, pageLoad: 300000, script: 30000}, unhandledPromptBehavior: dismiss and notify, webauthn:extension:credBlob: true, webauthn:extension:largeBlob: true, webauthn:virtualAuthenticators: true}
Session ID: 9ebf810184080b096dca1130838366b1
[ERROR][04-Nov-2021 13:16:28 pm] Selenium_Wrapper.highlightWebElement:(417) - org.openqa.selenium.WebDriverException: chrome not reachable
  (Session info: chrome=95.0.4638.54)
Build info: version: '3.141.59', revision: 'e82be7d358', time: '2018-11-14T08:17:03'
System info: host: 'DESKTOP-N43657M', ip: '10.10.105.46', os.name: 'Windows 10', os.arch: 'amd64', os.version: '10.0', java.version: '16.0.1'
Driver info: org.openqa.selenium.chrome.ChromeDriver
Capabilities {acceptInsecureCerts: false, browserName: chrome, browserVersion: 95.0.4638.54, chrome: {chromedriverVersion: 95.0.4638.17 (a9d0719444d4b..., userDataDir: C:\Users\Pramod\AppData\Loc...}, goog:chromeOptions: {debuggerAddress: localhost:61838}, javascriptEnabled: true, networkConnectionEnabled: false, pageLoadStrategy: normal, platform: WINDOWS, platformName: WINDOWS, proxy: Proxy(), setWindowRect: true, strictFileInteractability: false, timeouts: {implicit: 0, pageLoad: 300000, script: 30000}, unhandledPromptBehavior: dismiss and notify, webauthn:extension:credBlob: true, webauthn:extension:largeBlob: true, webauthn:virtualAuthenticators: true}
Session ID: 9ebf810184080b096dca1130838366b1
*** Element info: {Using=xpath, value=//div[@class='rn_HoverBookmark']//a[contains(text(),'COVID-19 Critical Updates')]}
[ERROR][04-Nov-2021 13:16:41 pm] QuickNavigation.testAssertBookmarkArticle:(49) - Assert Article from My Top Bookmarks Test is un-successfull
[ERROR][04-Nov-2021 13:16:54 pm] QuickNavigation.testBookmarkArticle:(70) - Bookmark Article Test is un-successfull
[ERROR][04-Nov-2021 13:17:06 pm] QuickNavigation.testVerifyBookmarkArticle:(147) - Verify Bookmark Article and Highlight in List Test is un-successfull
[ERROR][04-Nov-2021 13:17:19 pm] QuickNavigation.testPreferencesBookmarkPage:(172) - Preferences in My Bookmarks Test is un-successfull
[ERROR][04-Nov-2021 13:17:32 pm] QuickNavigation.testPreferencesNotificationPage:(193) - Preferences My Notification Test is un-successfull
[ERROR][04-Nov-2021 13:17:39 pm] QuickNavigation.testSignout:(205) - Logout/SignOut un-successfull
