[INFO ][03-Aug-2023 13:19:16 pm] Selenium_Wrapper.openBrowser:(48) - Opening chrome browser.
[INFO ][03-Aug-2023 13:19:19 pm] Selenium_Wrapper.enterURL:(82) - Entering url :https://macu1--tst1.custhelp.com/AgentWeb/
[INFO ][03-Aug-2023 13:19:24 pm] Selenium_Wrapper.enterText:(311) - Entering Text :automation_testing in WebElement :[[ChromeDriver: chrome on WINDOWS (dce4f2aebd7eb15d6f5c2e143eec493e)] -> id: username]
[INFO ][03-Aug-2023 13:19:25 pm] Selenium_Wrapper.enterText:(311) - Entering Text :Welcome123 in WebElement :[[ChromeDriver: chrome on WINDOWS (dce4f2aebd7eb15d6f5c2e143eec493e)] -> id: password]
[INFO ][03-Aug-2023 13:19:51 pm] Selenium_Wrapper.click:(199) - Clicking on :[[ChromeDriver: chrome on WINDOWS (dce4f2aebd7eb15d6f5c2e143eec493e)] -> id: loginbutton]
[INFO ][03-Aug-2023 13:20:11 pm] Selenium_Wrapper.click:(199) - Clicking on :[[ChromeDriver: chrome on WINDOWS (dce4f2aebd7eb15d6f5c2e143eec493e)] -> xpath: //oj-button[@id='navigationSetBtn']]
[INFO ][03-Aug-2023 13:20:17 pm] Selenium_Wrapper.click:(199) - Clicking on :[[ChromeDriver: chrome on WINDOWS (dce4f2aebd7eb15d6f5c2e143eec493e)] -> xpath: (//div[text()='Analytics']//a)]
[INFO ][03-Aug-2023 13:20:22 pm] Selenium_Wrapper.click:(199) - Clicking on :[[ChromeDriver: chrome on WINDOWS (dce4f2aebd7eb15d6f5c2e143eec493e)] -> xpath: //span[text()='Reports Explorer']]
[INFO ][03-Aug-2023 13:20:27 pm] Selenium_Wrapper.click:(199) - Clicking on :[[ChromeDriver: chrome on WINDOWS (dce4f2aebd7eb15d6f5c2e143eec493e)] -> xpath: //div[text()='Public Reports']]
[INFO ][03-Aug-2023 13:20:33 pm] Selenium_Wrapper.click:(199) - Clicking on :[[ChromeDriver: chrome on WINDOWS (dce4f2aebd7eb15d6f5c2e143eec493e)] -> xpath: //div[text()='MACU CUSTOM REPORTS']]
[INFO ][03-Aug-2023 13:20:38 pm] Selenium_Wrapper.click:(199) - Clicking on :[[ChromeDriver: chrome on WINDOWS (dce4f2aebd7eb15d6f5c2e143eec493e)] -> xpath: //div[text()='SoftClouds']]
[INFO ][03-Aug-2023 13:20:43 pm] Selenium_Wrapper.click:(199) - Clicking on :[[ChromeDriver: chrome on WINDOWS (dce4f2aebd7eb15d6f5c2e143eec493e)] -> xpath: //div[text()='OKCS']]
[INFO ][03-Aug-2023 13:20:55 pm] Selenium_Wrapper.click:(199) - Clicking on :[[ChromeDriver: chrome on WINDOWS (dce4f2aebd7eb15d6f5c2e143eec493e)] -> xpath: (//span[text()='Search'])[2]]
[ERROR][03-Aug-2023 13:21:01 pm] ThumbsUpAndThumbsDownFeedback.testSelectingandVerifyingFlow:(167) - Selecting and Verifying Test is un-successfull
[INFO ][03-Aug-2023 13:21:11 pm] Selenium_Wrapper.click:(199) - Clicking on :[[ChromeDriver: chrome on WINDOWS (dce4f2aebd7eb15d6f5c2e143eec493e)] -> xpath: //body//oj-avatar[@initials='[[userMenuLabel]]']]
[ERROR][03-Aug-2023 13:22:59 pm] Selenium_Wrapper.getWebElement:(124) - org.openqa.selenium.TimeoutException: Expected condition failed: waiting for visibility of [[ChromeDriver: chrome on WINDOWS (dce4f2aebd7eb15d6f5c2e143eec493e)] -> xpath: //a//span[text()='Sign Out']] (tried for 100 second(s) with 500 milliseconds interval)
Build info: version: '3.141.59', revision: 'e82be7d358', time: '2018-11-14T08:17:03'
System info: host: 'CAF-QA-SWAMYK', ip: '192.168.0.6', os.name: 'Windows 10', os.arch: 'amd64', os.version: '10.0', java.version: '17.0.5'
Driver info: org.openqa.selenium.chrome.ChromeDriver
Capabilities {acceptInsecureCerts: false, browserName: chrome, browserVersion: 115.0.5790.110, chrome: {chromedriverVersion: 114.0.5735.90 (386bc09e8f4f..., userDataDir: C:\Users\swamyk\AppData\Loc...}, goog:chromeOptions: {debuggerAddress: localhost:59072}, javascriptEnabled: true, networkConnectionEnabled: false, pageLoadStrategy: normal, platform: WINDOWS, platformName: WINDOWS, proxy: Proxy(), setWindowRect: true, strictFileInteractability: false, timeouts: {implicit: 0, pageLoad: 300000, script: 30000}, unhandledPromptBehavior: dismiss and notify, webauthn:extension:credBlob: true, webauthn:extension:largeBlob: true, webauthn:extension:minPinLength: true, webauthn:extension:prf: true, webauthn:virtualAuthenticators: true}
Session ID: dce4f2aebd7eb15d6f5c2e143eec493e
[ERROR][03-Aug-2023 13:22:59 pm] ThumbsUpAndThumbsDownFeedback.testSignout:(184) - Logout/SignOut un-successfull
