[INFO ][02-Jul-2024 13:38:34 PM] Selenium_Wrapper.openBrowser:(54) - Opening chrome browser.
[INFO ][02-Jul-2024 13:38:41 PM] Selenium_Wrapper.enterURL:(88) - Entering url :https://macu1--tst1.custhelp.com/AgentWeb/
[INFO ][02-Jul-2024 13:38:45 PM] Selenium_Wrapper.enterText:(317) - Entering Text :automation_testing in WebElement :[[ChromeDriver: chrome on WINDOWS (8f52cd411102c4a08c8f105ce7d8d79e)] -> id: username]
[INFO ][02-Jul-2024 13:38:46 PM] Selenium_Wrapper.enterText:(317) - Entering Text :Welcome123 in WebElement :[[ChromeDriver: chrome on WINDOWS (8f52cd411102c4a08c8f105ce7d8d79e)] -> id: password]
[INFO ][02-Jul-2024 13:38:58 PM] Selenium_Wrapper.click:(205) - Clicking on :[[ChromeDriver: chrome on WINDOWS (8f52cd411102c4a08c8f105ce7d8d79e)] -> id: loginbutton]
[ERROR][02-Jul-2024 13:39:10 PM] ModifyArticleFlow.testNavigateToArticleFlow:(38) - Navigate To Article un-successfull
[ERROR][02-Jul-2024 13:39:10 PM] ModifyArticleFlow.testEditArticleFlow:(93) - Edit Article  un-successfull
[INFO ][02-Jul-2024 13:39:14 PM] Selenium_Wrapper.openBrowser:(54) - Opening chrome browser.
[INFO ][02-Jul-2024 13:39:26 PM] Selenium_Wrapper.enterURL:(88) - Entering url :https://macu1--tst1.custhelp.com/app/home
[INFO ][02-Jul-2024 13:39:31 PM] Selenium_Wrapper.enterText:(317) - Entering Text :swamyk in WebElement :[[ChromeDriver: chrome on WINDOWS (e2b20a325dc56a1236808b6287a80f69)] -> id: rn_LoginForm_2_Username]
[INFO ][02-Jul-2024 13:39:32 PM] Selenium_Wrapper.enterText:(317) - Entering Text :Soft@123 in WebElement :[[ChromeDriver: chrome on WINDOWS (e2b20a325dc56a1236808b6287a80f69)] -> id: rn_LoginForm_2_Password]
[INFO ][02-Jul-2024 13:39:36 PM] Selenium_Wrapper.click:(205) - Clicking on :[[ChromeDriver: chrome on WINDOWS (e2b20a325dc56a1236808b6287a80f69)] -> id: rn_LoginForm_2_Submit]
[ERROR][02-Jul-2024 13:39:58 PM] Selenium_Wrapper.highlightWebElement:(423) - org.openqa.selenium.NoSuchWindowException: no such window: target window already closed
from unknown error: web view not found
  (Session info: chrome=126.0.6478.127)
Build info: version: '3.141.59', revision: 'e82be7d358', time: '2018-11-14T08:17:03'
System info: host: 'SC-CAF-CND84305', ip: '192.168.1.2', os.name: 'Windows 10', os.arch: 'amd64', os.version: '10.0', java.version: '21.0.2'
Driver info: org.openqa.selenium.chrome.ChromeDriver
Capabilities {acceptInsecureCerts: false, browserName: chrome, browserVersion: 126.0.6478.127, chrome: {chromedriverVersion: 125.0.6422.141 (4b1e8393712..., userDataDir: C:\Users\SWAMYK~1\AppData\L...}, fedcm:accounts: true, goog:chromeOptions: {debuggerAddress: localhost:62446}, javascriptEnabled: true, networkConnectionEnabled: false, pageLoadStrategy: normal, platform: WINDOWS, platformName: WINDOWS, proxy: Proxy(), setWindowRect: true, strictFileInteractability: false, timeouts: {implicit: 0, pageLoad: 300000, script: 30000}, unhandledPromptBehavior: dismiss and notify, webauthn:extension:credBlob: true, webauthn:extension:largeBlob: true, webauthn:extension:minPinLength: true, webauthn:extension:prf: true, webauthn:virtualAuthenticators: true}
Session ID: e2b20a325dc56a1236808b6287a80f69
*** Element info: {Using=xpath, value=//h1[@id='rn_Summary']}
[ERROR][02-Jul-2024 13:39:58 PM] ModifyArticleFlow.testSearchanArticle:(113) - Search an Article in CP is un-successfull
