[INFO ][06-Feb-2024 13:32:19 PM] Selenium_Wrapper.openBrowser:(48) - Opening chrome browser.
[INFO ][06-Feb-2024 13:32:24 PM] Selenium_Wrapper.enterURL:(82) - Entering url :https://macu1--tst1.custhelp.com/app/home
[INFO ][06-Feb-2024 13:32:28 PM] Selenium_Wrapper.enterText:(311) - Entering Text :swamyk in WebElement :[[ChromeDriver: chrome on WINDOWS (098933e02a61129135923b930bb8742b)] -> id: rn_LoginForm_2_Username]
[INFO ][06-Feb-2024 13:32:30 PM] Selenium_Wrapper.enterText:(311) - Entering Text :Soft@123 in WebElement :[[ChromeDriver: chrome on WINDOWS (098933e02a61129135923b930bb8742b)] -> id: rn_LoginForm_2_Password]
[INFO ][06-Feb-2024 13:32:37 PM] Selenium_Wrapper.click:(199) - Clicking on :[[ChromeDriver: chrome on WINDOWS (098933e02a61129135923b930bb8742b)] -> id: rn_LoginForm_2_Submit]
[INFO ][06-Feb-2024 13:32:53 PM] Selenium_Wrapper.click:(199) - Clicking on :[[ChromeDriver: chrome on WINDOWS (098933e02a61129135923b930bb8742b)] -> xpath: //input[@type='search']]
[INFO ][06-Feb-2024 13:32:54 PM] Selenium_Wrapper.enterText:(311) - Entering Text :Business Auto Loan - ALPS 1.0 in WebElement :[[ChromeDriver: chrome on WINDOWS (098933e02a61129135923b930bb8742b)] -> xpath: //input[@type='search']]
[ERROR][06-Feb-2024 13:33:40 PM] Selenium_Wrapper.highlightWebElement:(417) - org.openqa.selenium.StaleElementReferenceException: stale element reference: stale element not found
  (Session info: chrome=121.0.6167.140)
For documentation on this error, please visit: https://www.seleniumhq.org/exceptions/stale_element_reference.html
Build info: version: '3.141.59', revision: 'e82be7d358', time: '2018-11-14T08:17:03'
System info: host: 'CAF-QA-SWAMYK', ip: '192.168.0.5', os.name: 'Windows 10', os.arch: 'amd64', os.version: '10.0', java.version: '17.0.5'
Driver info: org.openqa.selenium.chrome.ChromeDriver
Capabilities {acceptInsecureCerts: false, browserName: chrome, browserVersion: 121.0.6167.140, chrome: {chromedriverVersion: 121.0.6167.85 (3f98d690ad7e..., userDataDir: C:\Users\swamyk\AppData\Loc...}, fedcm:accounts: true, goog:chromeOptions: {debuggerAddress: localhost:64556}, javascriptEnabled: true, networkConnectionEnabled: false, pageLoadStrategy: normal, platform: WINDOWS, platformName: WINDOWS, proxy: Proxy(), setWindowRect: true, strictFileInteractability: false, timeouts: {implicit: 0, pageLoad: 300000, script: 30000}, unhandledPromptBehavior: dismiss and notify, webauthn:extension:credBlob: true, webauthn:extension:largeBlob: true, webauthn:extension:minPinLength: true, webauthn:extension:prf: true, webauthn:virtualAuthenticators: true}
Session ID: 098933e02a61129135923b930bb8742b
[ERROR][06-Feb-2024 13:33:45 PM] QuickNavigation.testBookmarkArticle:(81) - Bookmark Article Test is un-successfull
[ERROR][06-Feb-2024 13:33:45 PM] QuickNavigation.testVerifyBookmarkArticle:(148) - Verify Bookmark Article and Highlight in List Test is un-successfull
[INFO ][06-Feb-2024 13:33:59 PM] Selenium_Wrapper.click:(199) - Clicking on :[[ChromeDriver: chrome on WINDOWS (098933e02a61129135923b930bb8742b)] -> class name: knowledge]
[ERROR][06-Feb-2024 13:34:07 PM] QuickNavigation.testPreferencesBookmarkPage:(173) - Preferences in My Bookmarks Test is un-successfull
