[INFO ][04-Nov-2021 13:46:54 pm] Selenium_Wrapper.openBrowser:(48) - Opening chrome browser.
[INFO ][04-Nov-2021 13:47:03 pm] Selenium_Wrapper.enterURL:(82) - Entering url :https://macu1--tst.custhelp.com/app/home
[INFO ][04-Nov-2021 13:47:07 pm] Selenium_Wrapper.enterText:(311) - Entering Text :pramodk in WebElement :[[ChromeDriver: chrome on WINDOWS (ea22c51d379be893c92f4725b7f0ff13)] -> id: rn_LoginForm_2_Username]
[INFO ][04-Nov-2021 13:47:08 pm] Selenium_Wrapper.enterText:(311) - Entering Text :Soft@123 in WebElement :[[ChromeDriver: chrome on WINDOWS (ea22c51d379be893c92f4725b7f0ff13)] -> id: rn_LoginForm_2_Password]
[INFO ][04-Nov-2021 13:47:12 pm] Selenium_Wrapper.click:(199) - Clicking on :[[ChromeDriver: chrome on WINDOWS (ea22c51d379be893c92f4725b7f0ff13)] -> id: rn_LoginForm_2_Submit]
[INFO ][04-Nov-2021 13:47:21 pm] Selenium_Wrapper.click:(199) - Clicking on :[[ChromeDriver: chrome on WINDOWS (ea22c51d379be893c92f4725b7f0ff13)] -> xpath: //div[@class='dropdown']]
[INFO ][04-Nov-2021 13:47:45 pm] Selenium_Wrapper.click:(199) - Clicking on :[[ChromeDriver: chrome on WINDOWS (ea22c51d379be893c92f4725b7f0ff13)] -> xpath: //div[@class='rn_HoverBookmark']//a[contains(text(),'COVID-19 Critical Updates')]]
[INFO ][04-Nov-2021 13:47:45 pm] QuickNavigation.testAssertBookmarkArticle:(45) - Assert Done
[INFO ][04-Nov-2021 13:47:47 pm] Selenium_Wrapper.click:(199) - Clicking on :[[ChromeDriver: chrome on WINDOWS (ea22c51d379be893c92f4725b7f0ff13)] -> class name: knowledge]
[INFO ][04-Nov-2021 13:47:51 pm] Selenium_Wrapper.click:(199) - Clicking on :[[ChromeDriver: chrome on WINDOWS (ea22c51d379be893c92f4725b7f0ff13)] -> xpath: //input[@type='search']]
[INFO ][04-Nov-2021 13:47:53 pm] Selenium_Wrapper.enterText:(311) - Entering Text :Flexible Work in WebElement :[[ChromeDriver: chrome on WINDOWS (ea22c51d379be893c92f4725b7f0ff13)] -> xpath: //input[@type='search']]
[INFO ][04-Nov-2021 13:48:01 pm] Selenium_Wrapper.click:(199) - Clicking on :[[ChromeDriver: chrome on WINDOWS (ea22c51d379be893c92f4725b7f0ff13)] -> xpath: //ul[@aria-label='Suggested Search']//li[normalize-space()='Flexible Work']]
[INFO ][04-Nov-2021 13:48:04 pm] Selenium_Wrapper.click:(199) - Clicking on :[[ChromeDriver: chrome on WINDOWS (ea22c51d379be893c92f4725b7f0ff13)] -> xpath: //div[@class='rn_SearchResultContent']//a[text()='Flexible Work']]
[INFO ][04-Nov-2021 13:48:12 pm] Selenium_Wrapper.click:(199) - Clicking on :[[ChromeDriver: chrome on WINDOWS (ea22c51d379be893c92f4725b7f0ff13)] -> class name: knowledge]
[INFO ][04-Nov-2021 13:48:20 pm] Selenium_Wrapper.click:(199) - Clicking on :[[ChromeDriver: chrome on WINDOWS (ea22c51d379be893c92f4725b7f0ff13)] -> xpath: //div[@class='dropdown']]
[INFO ][04-Nov-2021 13:48:43 pm] Selenium_Wrapper.click:(199) - Clicking on :[[ChromeDriver: chrome on WINDOWS (ea22c51d379be893c92f4725b7f0ff13)] -> xpath: //a[text()='SEE MORE']]
[INFO ][04-Nov-2021 13:49:22 pm] Selenium_Wrapper.click:(199) - Clicking on :[[ChromeDriver: chrome on WINDOWS (ea22c51d379be893c92f4725b7f0ff13)] -> class name: knowledge]
[INFO ][04-Nov-2021 13:49:26 pm] Selenium_Wrapper.click:(199) - Clicking on :[[ChromeDriver: chrome on WINDOWS (ea22c51d379be893c92f4725b7f0ff13)] -> xpath: //div[@class='dropdown']]
[ERROR][04-Nov-2021 13:51:04 pm] Selenium_Wrapper.getWebElement:(124) - org.openqa.selenium.WebDriverException: chrome not reachable
  (Session info: chrome=95.0.4638.54)
Build info: version: '3.141.59', revision: 'e82be7d358', time: '2018-11-14T08:17:03'
System info: host: 'DESKTOP-N43657M', ip: '10.10.105.46', os.name: 'Windows 10', os.arch: 'amd64', os.version: '10.0', java.version: '16.0.1'
Driver info: org.openqa.selenium.chrome.ChromeDriver
Capabilities {acceptInsecureCerts: false, browserName: chrome, browserVersion: 95.0.4638.54, chrome: {chromedriverVersion: 95.0.4638.17 (a9d0719444d4b..., userDataDir: C:\Users\Pramod\AppData\Loc...}, goog:chromeOptions: {debuggerAddress: localhost:63555}, javascriptEnabled: true, networkConnectionEnabled: false, pageLoadStrategy: normal, platform: WINDOWS, platformName: WINDOWS, proxy: Proxy(), setWindowRect: true, strictFileInteractability: false, timeouts: {implicit: 0, pageLoad: 300000, script: 30000}, unhandledPromptBehavior: dismiss and notify, webauthn:extension:credBlob: true, webauthn:extension:largeBlob: true, webauthn:virtualAuthenticators: true}
Session ID: ea22c51d379be893c92f4725b7f0ff13
[ERROR][04-Nov-2021 13:51:04 pm] Selenium_Wrapper.highlightWebElement:(417) - org.openqa.selenium.WebDriverException: chrome not reachable
  (Session info: chrome=95.0.4638.54)
Build info: version: '3.141.59', revision: 'e82be7d358', time: '2018-11-14T08:17:03'
System info: host: 'DESKTOP-N43657M', ip: '10.10.105.46', os.name: 'Windows 10', os.arch: 'amd64', os.version: '10.0', java.version: '16.0.1'
Driver info: org.openqa.selenium.chrome.ChromeDriver
Capabilities {acceptInsecureCerts: false, browserName: chrome, browserVersion: 95.0.4638.54, chrome: {chromedriverVersion: 95.0.4638.17 (a9d0719444d4b..., userDataDir: C:\Users\Pramod\AppData\Loc...}, goog:chromeOptions: {debuggerAddress: localhost:63555}, javascriptEnabled: true, networkConnectionEnabled: false, pageLoadStrategy: normal, platform: WINDOWS, platformName: WINDOWS, proxy: Proxy(), setWindowRect: true, strictFileInteractability: false, timeouts: {implicit: 0, pageLoad: 300000, script: 30000}, unhandledPromptBehavior: dismiss and notify, webauthn:extension:credBlob: true, webauthn:extension:largeBlob: true, webauthn:virtualAuthenticators: true}
Session ID: ea22c51d379be893c92f4725b7f0ff13
[ERROR][04-Nov-2021 13:51:17 pm] QuickNavigation.testPreferencesBookmarkPage:(162) - Preferences in My Bookmarks Test is un-successfull
[ERROR][04-Nov-2021 13:51:30 pm] QuickNavigation.testPreferencesNotificationPage:(183) - Preferences My Notification Test is un-successfull
[ERROR][04-Nov-2021 13:51:37 pm] QuickNavigation.testSignout:(195) - Logout/SignOut un-successfull
