[INFO ][01-Sep-2022 13:48:58 PM] Selenium_Wrapper.openBrowser:(48) - Opening chrome browser.
[INFO ][01-Sep-2022 13:49:07 PM] Selenium_Wrapper.enterURL:(82) - Entering url :https://macu1--upgrade.custhelp.com/
[INFO ][01-Sep-2022 13:49:11 PM] Selenium_Wrapper.enterText:(311) - Entering Text :pramodk in WebElement :[[ChromeDriver: chrome on WINDOWS (798293e5f6fe754cbd3a6da175f1797e)] -> id: rn_LoginForm_2_Username]
[INFO ][01-Sep-2022 13:49:12 PM] Selenium_Wrapper.enterText:(311) - Entering Text :Soft@123 in WebElement :[[ChromeDriver: chrome on WINDOWS (798293e5f6fe754cbd3a6da175f1797e)] -> id: rn_LoginForm_2_Password]
[INFO ][01-Sep-2022 13:49:19 PM] Selenium_Wrapper.click:(199) - Clicking on :[[ChromeDriver: chrome on WINDOWS (798293e5f6fe754cbd3a6da175f1797e)] -> id: rn_LoginForm_2_Submit]
[INFO ][01-Sep-2022 13:49:34 PM] Selenium_Wrapper.click:(199) - Clicking on :[[ChromeDriver: chrome on WINDOWS (798293e5f6fe754cbd3a6da175f1797e)] -> xpath: //input[@type='search']]
[INFO ][01-Sep-2022 13:49:36 PM] Selenium_Wrapper.enterText:(311) - Entering Text :Auto Loan in WebElement :[[ChromeDriver: chrome on WINDOWS (798293e5f6fe754cbd3a6da175f1797e)] -> xpath: //input[@type='search']]
[INFO ][01-Sep-2022 13:49:52 PM] Selenium_Wrapper.click:(199) - Clicking on :[[ChromeDriver: chrome on WINDOWS (798293e5f6fe754cbd3a6da175f1797e)] -> xpath: //ul[@aria-label='Suggested Search']//li[normalize-space()='Auto Loan']]
[INFO ][01-Sep-2022 13:49:59 PM] Selenium_Wrapper.click:(199) - Clicking on :[[ChromeDriver: chrome on WINDOWS (798293e5f6fe754cbd3a6da175f1797e)] -> xpath: //div[@class='rn_SearchResultContent']//a[text()='Auto Loan']]
[ERROR][01-Sep-2022 13:50:06 PM] Selenium_Wrapper.highlightWebElement:(417) - org.openqa.selenium.NoSuchElementException: no such element: Unable to locate element: {"method":"xpath","selector":"//div[@class='rn_SchemaAttributeValue']//h5[text()='JUMP TO']"}
  (Session info: chrome=105.0.5195.54)
For documentation on this error, please visit: https://www.seleniumhq.org/exceptions/no_such_element.html
Build info: version: '3.141.59', revision: 'e82be7d358', time: '2018-11-14T08:17:03'
System info: host: 'QA-SWAMYK', ip: '192.168.0.4', os.name: 'Windows 10', os.arch: 'amd64', os.version: '10.0', java.version: '11.0.10'
Driver info: org.openqa.selenium.chrome.ChromeDriver
Capabilities {acceptInsecureCerts: false, browserName: chrome, browserVersion: 105.0.5195.54, chrome: {chromedriverVersion: 105.0.5195.52 (412c95e51883..., userDataDir: C:\Users\SWAMYK~1\AppData\L...}, goog:chromeOptions: {debuggerAddress: localhost:56313}, javascriptEnabled: true, networkConnectionEnabled: false, pageLoadStrategy: normal, platform: WINDOWS, platformName: WINDOWS, proxy: Proxy(), setWindowRect: true, strictFileInteractability: false, timeouts: {implicit: 0, pageLoad: 300000, script: 30000}, unhandledPromptBehavior: dismiss and notify, webauthn:extension:credBlob: true, webauthn:extension:largeBlob: true, webauthn:virtualAuthenticators: true}
Session ID: 798293e5f6fe754cbd3a6da175f1797e
*** Element info: {Using=xpath, value=//div[@class='rn_SchemaAttributeValue']//h5[text()='JUMP TO']}
[INFO ][01-Sep-2022 13:50:18 PM] Selenium_Wrapper.click:(199) - Clicking on :[[ChromeDriver: chrome on WINDOWS (798293e5f6fe754cbd3a6da175f1797e)] -> xpath: (//div[@class='rn_SchemaAttributeValue']//a)[1]]
[INFO ][01-Sep-2022 13:50:45 PM] Selenium_Wrapper.click:(199) - Clicking on :[[ChromeDriver: chrome on WINDOWS (798293e5f6fe754cbd3a6da175f1797e)] -> id: relatedPages_headingOne]
[INFO ][01-Sep-2022 13:50:51 PM] Selenium_Wrapper.click:(199) - Clicking on :[[ChromeDriver: chrome on WINDOWS (798293e5f6fe754cbd3a6da175f1797e)] -> id: relatedPages_headingOne]
[INFO ][01-Sep-2022 13:51:02 PM] Selenium_Wrapper.click:(199) - Clicking on :[[ChromeDriver: chrome on WINDOWS (798293e5f6fe754cbd3a6da175f1797e)] -> id: rn_SearchHome_18_SearchInput]
[INFO ][01-Sep-2022 13:51:04 PM] Selenium_Wrapper.enterText:(311) - Entering Text :Auto Loan in WebElement :[[ChromeDriver: chrome on WINDOWS (798293e5f6fe754cbd3a6da175f1797e)] -> id: rn_SearchHome_18_SearchInput]
[INFO ][01-Sep-2022 13:51:15 PM] Selenium_Wrapper.click:(199) - Clicking on :[[ChromeDriver: chrome on WINDOWS (798293e5f6fe754cbd3a6da175f1797e)] -> xpath: //ul[@aria-label='Suggested Search']//li[@class='rn_SuggestionItem'][normalize-space()='Auto Loan']]
[INFO ][01-Sep-2022 13:51:23 PM] Selenium_Wrapper.click:(199) - Clicking on :[[ChromeDriver: chrome on WINDOWS (798293e5f6fe754cbd3a6da175f1797e)] -> xpath: //div[@class='rn_SearchResultContent']//a[text()='Auto Loan']]
[INFO ][01-Sep-2022 13:51:41 PM] Selenium_Wrapper.click:(199) - Clicking on :[[ChromeDriver: chrome on WINDOWS (798293e5f6fe754cbd3a6da175f1797e)] -> xpath: //button[@class='rn_RecommendContentButton p-0']]
[ERROR][01-Sep-2022 13:51:46 PM] MyFeedback.testFeedbackPage:(97) - Request Updates, Comments, Thumbs Up & Down Test is un-successfull
[ERROR][01-Sep-2022 13:57:17 PM] MyFeedback.testMyFeedbackStatus:(137) - My Feedback Article Status in CP Test is un-successfull
[ERROR][01-Sep-2022 13:57:22 PM] MyFeedback.testSignout:(149) - Logout/SignOut un-successfull
