[INFO ][05-Jun-2024 13:58:35 PM] Selenium_Wrapper.openBrowser:(54) - Opening chrome browser.
[INFO ][05-Jun-2024 13:58:39 PM] Selenium_Wrapper.enterURL:(88) - Entering url :https://macu1--tst1.custhelp.com/AgentWeb/
[INFO ][05-Jun-2024 13:58:43 PM] Selenium_Wrapper.enterText:(317) - Entering Text :automation_testing in WebElement :[[ChromeDriver: chrome on WINDOWS (85b37b980cb80cfee8af4feed71d691c)] -> id: username]
[INFO ][05-Jun-2024 13:58:44 PM] Selenium_Wrapper.enterText:(317) - Entering Text :Welcome123 in WebElement :[[ChromeDriver: chrome on WINDOWS (85b37b980cb80cfee8af4feed71d691c)] -> id: password]
[INFO ][05-Jun-2024 13:58:52 PM] Selenium_Wrapper.click:(205) - Clicking on :[[ChromeDriver: chrome on WINDOWS (85b37b980cb80cfee8af4feed71d691c)] -> id: loginbutton]
[ERROR][05-Jun-2024 13:58:59 PM] ModifyArticleFlow.testNavigateToArticleFlow:(38) - Navigate To Article un-successfull
[ERROR][05-Jun-2024 13:58:59 PM] ModifyArticleFlow.testEditArticleFlow:(93) - Edit Article  un-successfull
[INFO ][05-Jun-2024 13:59:01 PM] Selenium_Wrapper.openBrowser:(54) - Opening chrome browser.
[INFO ][05-Jun-2024 13:59:10 PM] Selenium_Wrapper.enterURL:(88) - Entering url :https://macu1--tst1.custhelp.com/app/home
[INFO ][05-Jun-2024 13:59:14 PM] Selenium_Wrapper.enterText:(317) - Entering Text :swamyk in WebElement :[[ChromeDriver: chrome on WINDOWS (d8373ae6d79ac73311ede2ef6a2cd019)] -> id: rn_LoginForm_2_Username]
[INFO ][05-Jun-2024 13:59:15 PM] Selenium_Wrapper.enterText:(317) - Entering Text :Soft@123 in WebElement :[[ChromeDriver: chrome on WINDOWS (d8373ae6d79ac73311ede2ef6a2cd019)] -> id: rn_LoginForm_2_Password]
[INFO ][05-Jun-2024 13:59:19 PM] Selenium_Wrapper.click:(205) - Clicking on :[[ChromeDriver: chrome on WINDOWS (d8373ae6d79ac73311ede2ef6a2cd019)] -> id: rn_LoginForm_2_Submit]
[ERROR][05-Jun-2024 13:59:38 PM] Selenium_Wrapper.highlightWebElement:(423) - org.openqa.selenium.NoSuchElementException: no such element: Unable to locate element: {"method":"xpath","selector":"//h1[@id='rn_Summary']"}
  (Session info: chrome=125.0.6422.142)
For documentation on this error, please visit: https://www.seleniumhq.org/exceptions/no_such_element.html
Build info: version: '3.141.59', revision: 'e82be7d358', time: '2018-11-14T08:17:03'
System info: host: 'SC-CAF-CND84305', ip: '192.168.85.14', os.name: 'Windows 10', os.arch: 'amd64', os.version: '10.0', java.version: '21.0.2'
Driver info: org.openqa.selenium.chrome.ChromeDriver
Capabilities {acceptInsecureCerts: false, browserName: chrome, browserVersion: 125.0.6422.142, chrome: {chromedriverVersion: 125.0.6422.141 (4b1e8393712..., userDataDir: C:\Users\SWAMYK~1\AppData\L...}, fedcm:accounts: true, goog:chromeOptions: {debuggerAddress: localhost:51140}, javascriptEnabled: true, networkConnectionEnabled: false, pageLoadStrategy: normal, platform: WINDOWS, platformName: WINDOWS, proxy: Proxy(), setWindowRect: true, strictFileInteractability: false, timeouts: {implicit: 0, pageLoad: 300000, script: 30000}, unhandledPromptBehavior: dismiss and notify, webauthn:extension:credBlob: true, webauthn:extension:largeBlob: true, webauthn:extension:minPinLength: true, webauthn:extension:prf: true, webauthn:virtualAuthenticators: true}
Session ID: d8373ae6d79ac73311ede2ef6a2cd019
*** Element info: {Using=xpath, value=//h1[@id='rn_Summary']}
[ERROR][05-Jun-2024 13:59:38 PM] ModifyArticleFlow.testSearchanArticle:(113) - Search an Article in CP is un-successfull
[INFO ][05-Jun-2024 13:59:41 PM] Selenium_Wrapper.closeCurrentBrowser:(657) - Closing the current Browser
