[INFO ][03-Apr-2024 13:51:14 PM] Selenium_Wrapper.openBrowser:(54) - Opening chrome browser.
[INFO ][03-Apr-2024 13:51:26 PM] Selenium_Wrapper.enterURL:(88) - Entering url :https://macu1--tst1.custhelp.com/app/home
[INFO ][03-Apr-2024 13:51:30 PM] Selenium_Wrapper.enterText:(317) - Entering Text :swamyk in WebElement :[[ChromeDriver: chrome on WINDOWS (79c5ade9e1daf6030772a7f491664680)] -> id: rn_LoginForm_2_Username]
[INFO ][03-Apr-2024 13:51:32 PM] Selenium_Wrapper.enterText:(317) - Entering Text :Soft@123 in WebElement :[[ChromeDriver: chrome on WINDOWS (79c5ade9e1daf6030772a7f491664680)] -> id: rn_LoginForm_2_Password]
[INFO ][03-Apr-2024 13:51:36 PM] Selenium_Wrapper.click:(205) - Clicking on :[[ChromeDriver: chrome on WINDOWS (79c5ade9e1daf6030772a7f491664680)] -> id: rn_LoginForm_2_Submit]
[ERROR][03-Apr-2024 13:51:42 PM] ArticlePage.testSearchPage:(37) - Search and Select Article Test case is un-successfull
[ERROR][03-Apr-2024 13:51:48 PM] ArticlePage.testBookmarkArticle:(94) - Bookmark Article Test case is un-successfull
