[INFO ][05-Feb-2024 14:43:02 PM] Selenium_Wrapper.openBrowser:(48) - Opening chrome browser.
[INFO ][05-Feb-2024 14:43:05 PM] Selenium_Wrapper.enterURL:(82) - Entering url :https://macu1--tst1.custhelp.com/AgentWeb/
[INFO ][05-Feb-2024 14:43:10 PM] Selenium_Wrapper.enterText:(311) - Entering Text :automation_testing in WebElement :[[ChromeDriver: chrome on WINDOWS (c403a53d8be5ff8a33234af659289e53)] -> id: username]
[INFO ][05-Feb-2024 14:43:11 PM] Selenium_Wrapper.enterText:(311) - Entering Text :Welcome123 in WebElement :[[ChromeDriver: chrome on WINDOWS (c403a53d8be5ff8a33234af659289e53)] -> id: password]
[INFO ][05-Feb-2024 14:43:24 PM] Selenium_Wrapper.click:(199) - Clicking on :[[ChromeDriver: chrome on WINDOWS (c403a53d8be5ff8a33234af659289e53)] -> id: loginbutton]
[ERROR][05-Feb-2024 14:43:45 PM] ThumbsUpAndThumbsDownFeedback.testThumbsUpAndThumbsDownFeedbackFlow:(40) - Navigate To ThumbsUp_And_ThumbsDown_Feedback Test is un-successfull
[ERROR][05-Feb-2024 14:43:50 PM] ThumbsUpAndThumbsDownFeedback.testSelectingandVerifyingFlow:(167) - Selecting and Verifying Test is un-successfull
[INFO ][05-Feb-2024 14:44:00 PM] Selenium_Wrapper.click:(199) - Clicking on :[[ChromeDriver: chrome on WINDOWS (c403a53d8be5ff8a33234af659289e53)] -> xpath: //body//oj-avatar[@initials='[[userMenuLabel]]']]
[ERROR][05-Feb-2024 14:45:47 PM] Selenium_Wrapper.getWebElement:(124) - org.openqa.selenium.TimeoutException: Expected condition failed: waiting for visibility of [[ChromeDriver: chrome on WINDOWS (c403a53d8be5ff8a33234af659289e53)] -> xpath: //a//span[text()='Sign Out']] (tried for 100 second(s) with 500 milliseconds interval)
Build info: version: '3.141.59', revision: 'e82be7d358', time: '2018-11-14T08:17:03'
System info: host: 'CAF-QA-SWAMYK', ip: '192.168.0.5', os.name: 'Windows 10', os.arch: 'amd64', os.version: '10.0', java.version: '17.0.5'
Driver info: org.openqa.selenium.chrome.ChromeDriver
Capabilities {acceptInsecureCerts: false, browserName: chrome, browserVersion: 121.0.6167.140, chrome: {chromedriverVersion: 121.0.6167.85 (3f98d690ad7e..., userDataDir: C:\Users\swamyk\AppData\Loc...}, fedcm:accounts: true, goog:chromeOptions: {debuggerAddress: localhost:52701}, javascriptEnabled: true, networkConnectionEnabled: false, pageLoadStrategy: normal, platform: WINDOWS, platformName: WINDOWS, proxy: Proxy(), setWindowRect: true, strictFileInteractability: false, timeouts: {implicit: 0, pageLoad: 300000, script: 30000}, unhandledPromptBehavior: dismiss and notify, webauthn:extension:credBlob: true, webauthn:extension:largeBlob: true, webauthn:extension:minPinLength: true, webauthn:extension:prf: true, webauthn:virtualAuthenticators: true}
Session ID: c403a53d8be5ff8a33234af659289e53
[ERROR][05-Feb-2024 14:45:47 PM] ThumbsUpAndThumbsDownFeedback.testSignout:(184) - Logout/SignOut un-successfull
