[INFO ][04-Oct-2023 15:29:18 pm] Selenium_Wrapper.openBrowser:(48) - Opening chrome browser.
[INFO ][04-Oct-2023 15:29:25 pm] Selenium_Wrapper.enterURL:(82) - Entering url :https://macu1--tst1.custhelp.com/app/home
[INFO ][04-Oct-2023 15:29:29 pm] Selenium_Wrapper.enterText:(311) - Entering Text :swamyk in WebElement :[[ChromeDriver: chrome on WINDOWS (2b102b9db78eeea8f6f98e1e3c0b0c8d)] -> id: rn_LoginForm_2_Username]
[INFO ][04-Oct-2023 15:29:30 pm] Selenium_Wrapper.enterText:(311) - Entering Text :Soft@123 in WebElement :[[ChromeDriver: chrome on WINDOWS (2b102b9db78eeea8f6f98e1e3c0b0c8d)] -> id: rn_LoginForm_2_Password]
[INFO ][04-Oct-2023 15:29:38 pm] Selenium_Wrapper.click:(199) - Clicking on :[[ChromeDriver: chrome on WINDOWS (2b102b9db78eeea8f6f98e1e3c0b0c8d)] -> id: rn_LoginForm_2_Submit]
[INFO ][04-Oct-2023 15:29:49 pm] Selenium_Wrapper.click:(199) - Clicking on :[[ChromeDriver: chrome on WINDOWS (2b102b9db78eeea8f6f98e1e3c0b0c8d)] -> xpath: //div[@class='dropdown']]
[INFO ][04-Oct-2023 15:30:05 pm] Selenium_Wrapper.click:(199) - Clicking on :[[ChromeDriver: chrome on WINDOWS (2b102b9db78eeea8f6f98e1e3c0b0c8d)] -> xpath: //a[text()='My Activity']]
[INFO ][04-Oct-2023 15:30:12 pm] Selenium_Wrapper.click:(199) - Clicking on :[[ChromeDriver: chrome on WINDOWS (2b102b9db78eeea8f6f98e1e3c0b0c8d)] -> xpath: //input[@type='search']]
[INFO ][04-Oct-2023 15:30:13 pm] Selenium_Wrapper.enterText:(311) - Entering Text :Business Auto Loan - ALPS 1.0 in WebElement :[[ChromeDriver: chrome on WINDOWS (2b102b9db78eeea8f6f98e1e3c0b0c8d)] -> xpath: //input[@type='search']]
[ERROR][04-Oct-2023 15:30:20 pm] Selenium_Wrapper.highlightWebElement:(417) - org.openqa.selenium.NoSuchElementException: no such element: Unable to locate element: {"method":"xpath","selector":"//ul[@aria-label='Suggested Search']/li[normalize-space()='Business Auto Loan - ALPS 1.0']"}
  (Session info: chrome=117.0.5938.150)
For documentation on this error, please visit: https://www.seleniumhq.org/exceptions/no_such_element.html
Build info: version: '3.141.59', revision: 'e82be7d358', time: '2018-11-14T08:17:03'
System info: host: 'CAF-QA-SWAMYK', ip: '192.168.0.6', os.name: 'Windows 10', os.arch: 'amd64', os.version: '10.0', java.version: '17.0.5'
Driver info: org.openqa.selenium.chrome.ChromeDriver
Capabilities {acceptInsecureCerts: false, browserName: chrome, browserVersion: 117.0.5938.150, chrome: {chromedriverVersion: 117.0.5938.92 (67649b10b92b..., userDataDir: C:\Users\swamyk\AppData\Loc...}, fedcm:accounts: true, goog:chromeOptions: {debuggerAddress: localhost:63216}, javascriptEnabled: true, networkConnectionEnabled: false, pageLoadStrategy: normal, platform: WINDOWS, platformName: WINDOWS, proxy: Proxy(), setWindowRect: true, strictFileInteractability: false, timeouts: {implicit: 0, pageLoad: 300000, script: 30000}, unhandledPromptBehavior: dismiss and notify, webauthn:extension:credBlob: true, webauthn:extension:largeBlob: true, webauthn:extension:minPinLength: true, webauthn:extension:prf: true, webauthn:virtualAuthenticators: true}
Session ID: 2b102b9db78eeea8f6f98e1e3c0b0c8d
*** Element info: {Using=xpath, value=//ul[@aria-label='Suggested Search']/li[normalize-space()='Business Auto Loan - ALPS 1.0']}
[ERROR][04-Oct-2023 15:30:25 pm] MyActivity.testSearchPage:(60) - My Activity Page Test is un-successfull
[INFO ][04-Oct-2023 15:30:28 pm] Selenium_Wrapper.closeCurrentBrowser:(651) - Closing the current Browser
