[INFO ][23-May-2023 15:29:31 PM] Selenium_Wrapper.openBrowser:(48) - Opening chrome browser.
[INFO ][23-May-2023 15:29:36 PM] Selenium_Wrapper.enterURL:(82) - Entering url :https://macu1--tst1.custhelp.com/app/home
[INFO ][23-May-2023 15:29:40 PM] Selenium_Wrapper.enterText:(311) - Entering Text :swamyk in WebElement :[[ChromeDriver: chrome on WINDOWS (bc11c6511eb82eb1a9fbb7fa8ec439bd)] -> id: rn_LoginForm_2_Username]
[INFO ][23-May-2023 15:29:41 PM] Selenium_Wrapper.enterText:(311) - Entering Text :Soft@123 in WebElement :[[ChromeDriver: chrome on WINDOWS (bc11c6511eb82eb1a9fbb7fa8ec439bd)] -> id: rn_LoginForm_2_Password]
[INFO ][23-May-2023 15:29:49 PM] Selenium_Wrapper.click:(199) - Clicking on :[[ChromeDriver: chrome on WINDOWS (bc11c6511eb82eb1a9fbb7fa8ec439bd)] -> id: rn_LoginForm_2_Submit]
[INFO ][23-May-2023 15:29:58 PM] Selenium_Wrapper.click:(199) - Clicking on :[[ChromeDriver: chrome on WINDOWS (bc11c6511eb82eb1a9fbb7fa8ec439bd)] -> xpath: //input[@type='search']]
[INFO ][23-May-2023 15:30:00 PM] Selenium_Wrapper.enterText:(311) - Entering Text :Business Auto Loan in WebElement :[[ChromeDriver: chrome on WINDOWS (bc11c6511eb82eb1a9fbb7fa8ec439bd)] -> xpath: //input[@type='search']]
[ERROR][23-May-2023 15:30:03 PM] Selenium_Wrapper.highlightWebElement:(417) - org.openqa.selenium.NoSuchElementException: no such element: Unable to locate element: {"method":"xpath","selector":"//ul[@aria-label='Suggested Search']//li[normalize-space()= 'Business Auto Loan' ]"}
  (Session info: chrome=113.0.5672.127)
For documentation on this error, please visit: https://www.seleniumhq.org/exceptions/no_such_element.html
Build info: version: '3.141.59', revision: 'e82be7d358', time: '2018-11-14T08:17:03'
System info: host: 'QA-SWAMYK', ip: '192.168.0.6', os.name: 'Windows 10', os.arch: 'amd64', os.version: '10.0', java.version: '11.0.10'
Driver info: org.openqa.selenium.chrome.ChromeDriver
Capabilities {acceptInsecureCerts: false, browserName: chrome, browserVersion: 113.0.5672.127, chrome: {chromedriverVersion: 113.0.5672.63 (0e1a4471d5ae..., userDataDir: C:\Users\SWAMYK~1\AppData\L...}, goog:chromeOptions: {debuggerAddress: localhost:61975}, javascriptEnabled: true, networkConnectionEnabled: false, pageLoadStrategy: normal, platform: WINDOWS, platformName: WINDOWS, proxy: Proxy(), setWindowRect: true, strictFileInteractability: false, timeouts: {implicit: 0, pageLoad: 300000, script: 30000}, unhandledPromptBehavior: dismiss and notify, webauthn:extension:credBlob: true, webauthn:extension:largeBlob: true, webauthn:extension:minPinLength: true, webauthn:extension:prf: true, webauthn:virtualAuthenticators: true}
Session ID: bc11c6511eb82eb1a9fbb7fa8ec439bd
*** Element info: {Using=xpath, value=//ul[@aria-label='Suggested Search']//li[normalize-space()= 'Business Auto Loan' ]}
[ERROR][23-May-2023 15:30:08 PM] AnswerVotingFeedbackReport.testSearchanArticle:(34) - Search an Article in CP is un-successfull
[ERROR][23-May-2023 15:30:11 PM] Selenium_Wrapper.highlightWebElement:(417) - org.openqa.selenium.NoSuchElementException: no such element: Unable to locate element: {"method":"xpath","selector":"//div[@class='main_image_div']//div[@class='thumbs_up_down'][2]"}
  (Session info: chrome=113.0.5672.127)
For documentation on this error, please visit: https://www.seleniumhq.org/exceptions/no_such_element.html
Build info: version: '3.141.59', revision: 'e82be7d358', time: '2018-11-14T08:17:03'
System info: host: 'QA-SWAMYK', ip: '192.168.0.6', os.name: 'Windows 10', os.arch: 'amd64', os.version: '10.0', java.version: '11.0.10'
Driver info: org.openqa.selenium.chrome.ChromeDriver
Capabilities {acceptInsecureCerts: false, browserName: chrome, browserVersion: 113.0.5672.127, chrome: {chromedriverVersion: 113.0.5672.63 (0e1a4471d5ae..., userDataDir: C:\Users\SWAMYK~1\AppData\L...}, goog:chromeOptions: {debuggerAddress: localhost:61975}, javascriptEnabled: true, networkConnectionEnabled: false, pageLoadStrategy: normal, platform: WINDOWS, platformName: WINDOWS, proxy: Proxy(), setWindowRect: true, strictFileInteractability: false, timeouts: {implicit: 0, pageLoad: 300000, script: 30000}, unhandledPromptBehavior: dismiss and notify, webauthn:extension:credBlob: true, webauthn:extension:largeBlob: true, webauthn:extension:minPinLength: true, webauthn:extension:prf: true, webauthn:virtualAuthenticators: true}
Session ID: bc11c6511eb82eb1a9fbb7fa8ec439bd
*** Element info: {Using=xpath, value=//div[@class='main_image_div']//div[@class='thumbs_up_down'][2]}
