[INFO ][23-May-2023 15:36:03 PM] Selenium_Wrapper.openBrowser:(48) - Opening chrome browser.
[INFO ][23-May-2023 15:36:12 PM] Selenium_Wrapper.enterURL:(82) - Entering url :https://macu1--tst1.custhelp.com/app/home
[INFO ][23-May-2023 15:36:16 PM] Selenium_Wrapper.enterText:(311) - Entering Text :swamyk in WebElement :[[ChromeDriver: chrome on WINDOWS (e848b9ff9bdbcfd9ad792edef05fff15)] -> id: rn_LoginForm_2_Username]
[INFO ][23-May-2023 15:36:18 PM] Selenium_Wrapper.enterText:(311) - Entering Text :Soft@123 in WebElement :[[ChromeDriver: chrome on WINDOWS (e848b9ff9bdbcfd9ad792edef05fff15)] -> id: rn_LoginForm_2_Password]
[INFO ][23-May-2023 15:36:25 PM] Selenium_Wrapper.click:(199) - Clicking on :[[ChromeDriver: chrome on WINDOWS (e848b9ff9bdbcfd9ad792edef05fff15)] -> id: rn_LoginForm_2_Submit]
[INFO ][23-May-2023 15:36:33 PM] Selenium_Wrapper.click:(199) - Clicking on :[[ChromeDriver: chrome on WINDOWS (e848b9ff9bdbcfd9ad792edef05fff15)] -> xpath: //input[@type='search']]
[INFO ][23-May-2023 15:36:35 PM] Selenium_Wrapper.enterText:(311) - Entering Text :Business Auto Loan in WebElement :[[ChromeDriver: chrome on WINDOWS (e848b9ff9bdbcfd9ad792edef05fff15)] -> xpath: //input[@type='search']]
[INFO ][23-May-2023 15:36:50 PM] Selenium_Wrapper.click:(199) - Clicking on :[[ChromeDriver: chrome on WINDOWS (e848b9ff9bdbcfd9ad792edef05fff15)] -> xpath: (//div[@class='yui3-aclist-content']//li//li)[1]]
[INFO ][23-May-2023 15:36:58 PM] Selenium_Wrapper.click:(199) - Clicking on :[[ChromeDriver: chrome on WINDOWS (e848b9ff9bdbcfd9ad792edef05fff15)] -> xpath: (//div[@class='rn_SearchResultContent']//a)[1]]
[INFO ][23-May-2023 15:37:17 PM] Selenium_Wrapper.click:(199) - Clicking on :[[ChromeDriver: chrome on WINDOWS (e848b9ff9bdbcfd9ad792edef05fff15)] -> xpath: //div[@class='main_image_div']//div[@class='thumbs_up_down'][2]]
[ERROR][23-May-2023 15:37:28 PM] AnswerVotingFeedbackReport.testFeedbackPage:(56) - Thumbs Up & Down Test is un-successfull
[INFO ][23-May-2023 15:37:36 PM] Selenium_Wrapper.click:(199) - Clicking on :[[ChromeDriver: chrome on WINDOWS (e848b9ff9bdbcfd9ad792edef05fff15)] -> xpath: //div[@class='dropdown']]
[INFO ][23-May-2023 15:37:48 PM] Selenium_Wrapper.click:(199) - Clicking on :[[ChromeDriver: chrome on WINDOWS (e848b9ff9bdbcfd9ad792edef05fff15)] -> xpath: //a[text()='My Feedback']]
[ERROR][23-May-2023 15:37:56 PM] Selenium_Wrapper.highlightWebElement:(417) - org.openqa.selenium.NoSuchElementException: no such element: Unable to locate element: {"method":"xpath","selector":"((//table//tbody)[2]//a)[1]"}
  (Session info: chrome=113.0.5672.127)
For documentation on this error, please visit: https://www.seleniumhq.org/exceptions/no_such_element.html
Build info: version: '3.141.59', revision: 'e82be7d358', time: '2018-11-14T08:17:03'
System info: host: 'QA-SWAMYK', ip: '192.168.0.6', os.name: 'Windows 10', os.arch: 'amd64', os.version: '10.0', java.version: '11.0.10'
Driver info: org.openqa.selenium.chrome.ChromeDriver
Capabilities {acceptInsecureCerts: false, browserName: chrome, browserVersion: 113.0.5672.127, chrome: {chromedriverVersion: 113.0.5672.63 (0e1a4471d5ae..., userDataDir: C:\Users\SWAMYK~1\AppData\L...}, goog:chromeOptions: {debuggerAddress: localhost:62597}, javascriptEnabled: true, networkConnectionEnabled: false, pageLoadStrategy: normal, platform: WINDOWS, platformName: WINDOWS, proxy: Proxy(), setWindowRect: true, strictFileInteractability: false, timeouts: {implicit: 0, pageLoad: 300000, script: 30000}, unhandledPromptBehavior: dismiss and notify, webauthn:extension:credBlob: true, webauthn:extension:largeBlob: true, webauthn:extension:minPinLength: true, webauthn:extension:prf: true, webauthn:virtualAuthenticators: true}
Session ID: e848b9ff9bdbcfd9ad792edef05fff15
*** Element info: {Using=xpath, value=((//table//tbody)[2]//a)[1]}
