[INFO ][09-Nov-2021 15:44:19 pm] Selenium_Wrapper.openBrowser:(48) - Opening chrome browser.
[INFO ][09-Nov-2021 15:44:24 pm] Selenium_Wrapper.enterURL:(82) - Entering url :https://macu1--tst.custhelp.com/AgentWeb/
[INFO ][09-Nov-2021 15:44:28 pm] Selenium_Wrapper.enterText:(311) - Entering Text :RNT_pramod in WebElement :[[ChromeDriver: chrome on WINDOWS (1f5364842e61df9008261561ae15b79b)] -> id: username]
[INFO ][09-Nov-2021 15:44:29 pm] Selenium_Wrapper.enterText:(311) - Entering Text :Welcome123 in WebElement :[[ChromeDriver: chrome on WINDOWS (1f5364842e61df9008261561ae15b79b)] -> id: password]
[INFO ][09-Nov-2021 15:44:59 pm] Selenium_Wrapper.click:(199) - Clicking on :[[ChromeDriver: chrome on WINDOWS (1f5364842e61df9008261561ae15b79b)] -> id: loginbutton]
[INFO ][09-Nov-2021 15:45:09 pm] Selenium_Wrapper.click:(199) - Clicking on :[[ChromeDriver: chrome on WINDOWS (1f5364842e61df9008261561ae15b79b)] -> xpath: (//span[@class='oj-button-icon oj-start navigator-icon oj-button-icon oj-start'])[1]]
[INFO ][09-Nov-2021 15:45:18 pm] Selenium_Wrapper.click:(199) - Clicking on :[[ChromeDriver: chrome on WINDOWS (1f5364842e61df9008261561ae15b79b)] -> xpath: (//div[text()='Configuration']//a)]
[INFO ][09-Nov-2021 15:45:23 pm] Selenium_Wrapper.click:(199) - Clicking on :[[ChromeDriver: chrome on WINDOWS (1f5364842e61df9008261561ae15b79b)] -> xpath: (//div[text()='Service']//a)]
[INFO ][09-Nov-2021 15:45:28 pm] Selenium_Wrapper.click:(199) - Clicking on :[[ChromeDriver: chrome on WINDOWS (1f5364842e61df9008261561ae15b79b)] -> xpath: (//div[text()='Knowledge Advanced']//a)]
[INFO ][09-Nov-2021 15:45:33 pm] Selenium_Wrapper.click:(199) - Clicking on :[[ChromeDriver: chrome on WINDOWS (1f5364842e61df9008261561ae15b79b)] -> xpath: //span[text()='Authoring']]
[INFO ][09-Nov-2021 15:45:50 pm] Selenium_Wrapper.click:(199) - Clicking on :[[ChromeDriver: chrome on WINDOWS (1f5364842e61df9008261561ae15b79b)] -> xpath: //div[@id='rntab']//ul//li[@testidentifier='MainNavBar_Content']//a]
[INFO ][09-Nov-2021 15:45:59 pm] Selenium_Wrapper.click:(199) - Clicking on :[[ChromeDriver: chrome on WINDOWS (1f5364842e61df9008261561ae15b79b)] -> xpath: //div[text()='Process']//following-sibling::a[@testidentifier='ContentNavBar_List_Process']]
[INFO ][09-Nov-2021 15:46:06 pm] Selenium_Wrapper.click:(199) - Clicking on :[[ChromeDriver: chrome on WINDOWS (1f5364842e61df9008261561ae15b79b)] -> xpath: //select[@testidentifier='ContentSearchResults_DocumentClassPulldown']]
[INFO ][09-Nov-2021 15:46:14 pm] Selenium_Wrapper.click:(199) - Clicking on :[[ChromeDriver: chrome on WINDOWS (1f5364842e61df9008261561ae15b79b)] -> xpath: //select[@testidentifier='ContentSearchResults_DocumentClassPulldown']//option[text()='All Documents']]
[INFO ][09-Nov-2021 15:46:22 pm] Selenium_Wrapper.click:(199) - Clicking on :[[ChromeDriver: chrome on WINDOWS (1f5364842e61df9008261561ae15b79b)] -> xpath: (//a[text()='TestingArticle'])[1]]
[INFO ][09-Nov-2021 15:46:41 pm] Selenium_Wrapper.click:(199) - Clicking on :[[ChromeDriver: chrome on WINDOWS (1f5364842e61df9008261561ae15b79b)] -> xpath: //a[text()='Edit Document']]
[INFO ][09-Nov-2021 15:46:48 pm] Selenium_Wrapper.enterText:(311) - Entering Text :TestingArticle - Edited in WebElement :[[ChromeDriver: chrome on WINDOWS (1f5364842e61df9008261561ae15b79b)] -> xpath: //input[@testidentifier='Content_ContentType_Add_SUMMARY']]
[INFO ][09-Nov-2021 15:46:53 pm] Selenium_Wrapper.enterText:(311) - Entering Text :Some Important Updates in WebElement :[[ChromeDriver: chrome on WINDOWS (1f5364842e61df9008261561ae15b79b)] -> xpath: //textarea[@class='editfields']]
[INFO ][09-Nov-2021 15:47:04 pm] Selenium_Wrapper.click:(199) - Clicking on :[[ChromeDriver: chrome on WINDOWS (1f5364842e61df9008261561ae15b79b)] -> xpath: //a[text()='Save and Continue Editing']]
[INFO ][09-Nov-2021 15:47:10 pm] Selenium_Wrapper.enterText:(311) - Entering Text :Criticals - Edited in WebElement :[[ChromeDriver: chrome on WINDOWS (1f5364842e61df9008261561ae15b79b)] -> xpath: //input[@testidentifier='Content_ContentType_Add_KEYWORD']]
[INFO ][09-Nov-2021 15:47:16 pm] Selenium_Wrapper.enterText:(311) - Entering Text :Some Important Updates in WebElement :[[ChromeDriver: chrome on WINDOWS (1f5364842e61df9008261561ae15b79b)] -> xpath: //textarea[@class='editfields']]
[INFO ][09-Nov-2021 15:47:22 pm] Selenium_Wrapper.click:(199) - Clicking on :[[ChromeDriver: chrome on WINDOWS (1f5364842e61df9008261561ae15b79b)] -> xpath: //a[text()='Save Document']]
[INFO ][09-Nov-2021 15:47:33 pm] Selenium_Wrapper.click:(199) - Clicking on :[[ChromeDriver: chrome on WINDOWS (1f5364842e61df9008261561ae15b79b)] -> xpath: //a[text()='Bypass Workflow/Publish']]
[INFO ][09-Nov-2021 15:47:48 pm] Selenium_Wrapper.click:(199) - Clicking on :[[ChromeDriver: chrome on WINDOWS (1f5364842e61df9008261561ae15b79b)] -> xpath: //body//span[@id='initialsText']]
[INFO ][09-Nov-2021 15:47:56 pm] Selenium_Wrapper.click:(199) - Clicking on :[[ChromeDriver: chrome on WINDOWS (1f5364842e61df9008261561ae15b79b)] -> xpath: //a//span[text()='Sign Out']]
[INFO ][09-Nov-2021 15:48:01 pm] Selenium_Wrapper.closeCurrentBrowser:(650) - Closing the current Browser
[INFO ][09-Nov-2021 15:48:02 pm] Selenium_Wrapper.openBrowser:(48) - Opening chrome browser.
[INFO ][09-Nov-2021 15:48:11 pm] Selenium_Wrapper.enterURL:(82) - Entering url :https://macu1--tst.custhelp.com/app/home
[INFO ][09-Nov-2021 15:48:15 pm] Selenium_Wrapper.enterText:(311) - Entering Text :pramodk in WebElement :[[ChromeDriver: chrome on WINDOWS (0c3ac86a869d3ad7cd65a2cbbf0a315d)] -> id: rn_LoginForm_2_Username]
[INFO ][09-Nov-2021 15:48:16 pm] Selenium_Wrapper.enterText:(311) - Entering Text :Soft@123 in WebElement :[[ChromeDriver: chrome on WINDOWS (0c3ac86a869d3ad7cd65a2cbbf0a315d)] -> id: rn_LoginForm_2_Password]
[INFO ][09-Nov-2021 15:48:23 pm] Selenium_Wrapper.click:(199) - Clicking on :[[ChromeDriver: chrome on WINDOWS (0c3ac86a869d3ad7cd65a2cbbf0a315d)] -> id: rn_LoginForm_2_Submit]
[ERROR][09-Nov-2021 15:48:52 pm] Selenium_Wrapper.highlightWebElement:(417) - org.openqa.selenium.NoSuchElementException: no such element: Unable to locate element: {"method":"xpath","selector":"//h1[@id='rn_Summary']"}
  (Session info: chrome=95.0.4638.54)
For documentation on this error, please visit: https://www.seleniumhq.org/exceptions/no_such_element.html
Build info: version: '3.141.59', revision: 'e82be7d358', time: '2018-11-14T08:17:03'
System info: host: 'DESKTOP-N43657M', ip: '192.168.29.58', os.name: 'Windows 10', os.arch: 'amd64', os.version: '10.0', java.version: '16.0.1'
Driver info: org.openqa.selenium.chrome.ChromeDriver
Capabilities {acceptInsecureCerts: false, browserName: chrome, browserVersion: 95.0.4638.54, chrome: {chromedriverVersion: 95.0.4638.17 (a9d0719444d4b..., userDataDir: C:\Users\Pramod\AppData\Loc...}, goog:chromeOptions: {debuggerAddress: localhost:59371}, javascriptEnabled: true, networkConnectionEnabled: false, pageLoadStrategy: normal, platform: WINDOWS, platformName: WINDOWS, proxy: Proxy(), setWindowRect: true, strictFileInteractability: false, timeouts: {implicit: 0, pageLoad: 300000, script: 30000}, unhandledPromptBehavior: dismiss and notify, webauthn:extension:credBlob: true, webauthn:extension:largeBlob: true, webauthn:virtualAuthenticators: true}
Session ID: 0c3ac86a869d3ad7cd65a2cbbf0a315d
*** Element info: {Using=xpath, value=//h1[@id='rn_Summary']}
[ERROR][09-Nov-2021 15:48:52 pm] ModifyArticleFlow.testSearchanArticle:(108) - Search an Article in CP is un-successfull
