[INFO ][04-Oct-2023 15:43:02 pm] Selenium_Wrapper.openBrowser:(48) - Opening chrome browser.
[INFO ][04-Oct-2023 15:43:09 pm] Selenium_Wrapper.enterURL:(82) - Entering url :https://macu1--tst1.custhelp.com/app/home
[INFO ][04-Oct-2023 15:43:14 pm] Selenium_Wrapper.enterText:(311) - Entering Text :swamyk in WebElement :[[ChromeDriver: chrome on WINDOWS (48004540a0751badf6a9863121a5b44b)] -> id: rn_LoginForm_2_Username]
[INFO ][04-Oct-2023 15:43:15 pm] Selenium_Wrapper.enterText:(311) - Entering Text :Soft@123 in WebElement :[[ChromeDriver: chrome on WINDOWS (48004540a0751badf6a9863121a5b44b)] -> id: rn_LoginForm_2_Password]
[INFO ][04-Oct-2023 15:43:22 pm] Selenium_Wrapper.click:(199) - Clicking on :[[ChromeDriver: chrome on WINDOWS (48004540a0751badf6a9863121a5b44b)] -> id: rn_LoginForm_2_Submit]
[INFO ][04-Oct-2023 15:43:33 pm] Selenium_Wrapper.click:(199) - Clicking on :[[ChromeDriver: chrome on WINDOWS (48004540a0751badf6a9863121a5b44b)] -> xpath: //div[@class='dropdown']]
[INFO ][04-Oct-2023 15:43:43 pm] Selenium_Wrapper.click:(199) - Clicking on :[[ChromeDriver: chrome on WINDOWS (48004540a0751badf6a9863121a5b44b)] -> xpath: //a[text()='My Feedback']]
[INFO ][04-Oct-2023 15:43:45 pm] Selenium_Wrapper.enterText:(311) - Entering Text :Business Auto Loan - ALPS 1.0 in WebElement :[[ChromeDriver: chrome on WINDOWS (48004540a0751badf6a9863121a5b44b)] -> xpath: //input[@placeholder='Search Your Feedback Report']]
[INFO ][04-Oct-2023 15:44:04 pm] Selenium_Wrapper.click:(199) - Clicking on :[[ChromeDriver: chrome on WINDOWS (48004540a0751badf6a9863121a5b44b)] -> xpath: //div[@class='rn_SearchInput1 mt-3']//span[@class='btn-srch-icon']//i[@class='fa fa-search']]
[ERROR][04-Oct-2023 15:44:12 pm] Selenium_Wrapper.highlightWebElement:(417) - org.openqa.selenium.NoSuchElementException: no such element: Unable to locate element: {"method":"xpath","selector":"//tr[@data-yui3-record='model_11']//td[@headers='Grid_6_c1']/a"}
  (Session info: chrome=117.0.5938.150)
For documentation on this error, please visit: https://www.seleniumhq.org/exceptions/no_such_element.html
Build info: version: '3.141.59', revision: 'e82be7d358', time: '2018-11-14T08:17:03'
System info: host: 'CAF-QA-SWAMYK', ip: '192.168.0.6', os.name: 'Windows 10', os.arch: 'amd64', os.version: '10.0', java.version: '17.0.5'
Driver info: org.openqa.selenium.chrome.ChromeDriver
Capabilities {acceptInsecureCerts: false, browserName: chrome, browserVersion: 117.0.5938.150, chrome: {chromedriverVersion: 117.0.5938.92 (67649b10b92b..., userDataDir: C:\Users\swamyk\AppData\Loc...}, fedcm:accounts: true, goog:chromeOptions: {debuggerAddress: localhost:64073}, javascriptEnabled: true, networkConnectionEnabled: false, pageLoadStrategy: normal, platform: WINDOWS, platformName: WINDOWS, proxy: Proxy(), setWindowRect: true, strictFileInteractability: false, timeouts: {implicit: 0, pageLoad: 300000, script: 30000}, unhandledPromptBehavior: dismiss and notify, webauthn:extension:credBlob: true, webauthn:extension:largeBlob: true, webauthn:extension:minPinLength: true, webauthn:extension:prf: true, webauthn:virtualAuthenticators: true}
Session ID: 48004540a0751badf6a9863121a5b44b
*** Element info: {Using=xpath, value=//tr[@data-yui3-record='model_11']//td[@headers='Grid_6_c1']/a}
[ERROR][04-Oct-2023 15:44:25 pm] MyFeedback.testMyFeedbackStatus:(159) - My Feedback Article Status in CP Test is un-successfull
[INFO ][04-Oct-2023 15:44:28 pm] Selenium_Wrapper.closeCurrentBrowser:(651) - Closing the current Browser
