[INFO ][04-Oct-2023 15:55:33 pm] Selenium_Wrapper.openBrowser:(48) - Opening chrome browser.
[INFO ][04-Oct-2023 15:55:39 pm] Selenium_Wrapper.enterURL:(82) - Entering url :https://macu1--tst1.custhelp.com/app/home
[INFO ][04-Oct-2023 15:55:43 pm] Selenium_Wrapper.enterText:(311) - Entering Text :swamyk in WebElement :[[ChromeDriver: chrome on WINDOWS (73c26473ab8782d62709ef73923bf317)] -> id: rn_LoginForm_2_Username]
[INFO ][04-Oct-2023 15:55:45 pm] Selenium_Wrapper.enterText:(311) - Entering Text :Soft@123 in WebElement :[[ChromeDriver: chrome on WINDOWS (73c26473ab8782d62709ef73923bf317)] -> id: rn_LoginForm_2_Password]
[INFO ][04-Oct-2023 15:55:52 pm] Selenium_Wrapper.click:(199) - Clicking on :[[ChromeDriver: chrome on WINDOWS (73c26473ab8782d62709ef73923bf317)] -> id: rn_LoginForm_2_Submit]
[INFO ][04-Oct-2023 15:56:02 pm] Selenium_Wrapper.click:(199) - Clicking on :[[ChromeDriver: chrome on WINDOWS (73c26473ab8782d62709ef73923bf317)] -> xpath: //div[@class='dropdown']]
[ERROR][04-Oct-2023 15:56:07 pm] Selenium_Wrapper.highlightWebElement:(417) - org.openqa.selenium.NoSuchElementException: no such element: Unable to locate element: {"method":"xpath","selector":"//label[text()='My Top Bookmarks']"}
  (Session info: chrome=117.0.5938.150)
For documentation on this error, please visit: https://www.seleniumhq.org/exceptions/no_such_element.html
Build info: version: '3.141.59', revision: 'e82be7d358', time: '2018-11-14T08:17:03'
System info: host: 'CAF-QA-SWAMYK', ip: '192.168.0.6', os.name: 'Windows 10', os.arch: 'amd64', os.version: '10.0', java.version: '17.0.5'
Driver info: org.openqa.selenium.chrome.ChromeDriver
Capabilities {acceptInsecureCerts: false, browserName: chrome, browserVersion: 117.0.5938.150, chrome: {chromedriverVersion: 117.0.5938.92 (67649b10b92b..., userDataDir: C:\Users\swamyk\AppData\Loc...}, fedcm:accounts: true, goog:chromeOptions: {debuggerAddress: localhost:64910}, javascriptEnabled: true, networkConnectionEnabled: false, pageLoadStrategy: normal, platform: WINDOWS, platformName: WINDOWS, proxy: Proxy(), setWindowRect: true, strictFileInteractability: false, timeouts: {implicit: 0, pageLoad: 300000, script: 30000}, unhandledPromptBehavior: dismiss and notify, webauthn:extension:credBlob: true, webauthn:extension:largeBlob: true, webauthn:extension:minPinLength: true, webauthn:extension:prf: true, webauthn:virtualAuthenticators: true}
Session ID: 73c26473ab8782d62709ef73923bf317
*** Element info: {Using=xpath, value=//label[text()='My Top Bookmarks']}
[INFO ][04-Oct-2023 15:56:19 pm] Selenium_Wrapper.click:(199) - Clicking on :[[ChromeDriver: chrome on WINDOWS (73c26473ab8782d62709ef73923bf317)] -> xpath: (//div[@class='dropdown-content']//a)[1]]
[INFO ][04-Oct-2023 15:56:47 pm] Selenium_Wrapper.click:(199) - Clicking on :[[ChromeDriver: chrome on WINDOWS (73c26473ab8782d62709ef73923bf317)] -> xpath: //input[@type='search']]
[INFO ][04-Oct-2023 15:56:49 pm] Selenium_Wrapper.enterText:(311) - Entering Text :Business Auto Loan - ALPS 1.0 in WebElement :[[ChromeDriver: chrome on WINDOWS (73c26473ab8782d62709ef73923bf317)] -> xpath: //input[@type='search']]
[INFO ][04-Oct-2023 15:57:04 pm] Selenium_Wrapper.click:(199) - Clicking on :[[ChromeDriver: chrome on WINDOWS (73c26473ab8782d62709ef73923bf317)] -> xpath: (//div[@class='yui3-aclist-content']//li//li)[1]]
[INFO ][04-Oct-2023 15:57:11 pm] Selenium_Wrapper.click:(199) - Clicking on :[[ChromeDriver: chrome on WINDOWS (73c26473ab8782d62709ef73923bf317)] -> xpath: (//div[@class='rn_SearchResultContent']//a)[1]]
[INFO ][04-Oct-2023 15:57:29 pm] Selenium_Wrapper.click:(199) - Clicking on :[[ChromeDriver: chrome on WINDOWS (73c26473ab8782d62709ef73923bf317)] -> class name: knowledge]
[INFO ][04-Oct-2023 15:57:44 pm] Selenium_Wrapper.click:(199) - Clicking on :[[ChromeDriver: chrome on WINDOWS (73c26473ab8782d62709ef73923bf317)] -> xpath: //div[@class='dropdown']]
[INFO ][04-Oct-2023 15:57:56 pm] Selenium_Wrapper.click:(199) - Clicking on :[[ChromeDriver: chrome on WINDOWS (73c26473ab8782d62709ef73923bf317)] -> xpath: //a[text()='SEE MORE']]
[INFO ][04-Oct-2023 15:58:14 pm] Selenium_Wrapper.click:(199) - Clicking on :[[ChromeDriver: chrome on WINDOWS (73c26473ab8782d62709ef73923bf317)] -> class name: knowledge]
[INFO ][04-Oct-2023 15:58:23 pm] Selenium_Wrapper.click:(199) - Clicking on :[[ChromeDriver: chrome on WINDOWS (73c26473ab8782d62709ef73923bf317)] -> xpath: //div[@class='dropdown']]
[ERROR][04-Oct-2023 16:00:06 pm] Selenium_Wrapper.getWebElement:(124) - org.openqa.selenium.TimeoutException: Expected condition failed: waiting for visibility of [[ChromeDriver: chrome on WINDOWS (73c26473ab8782d62709ef73923bf317)] -> xpath: //div[@class='dropdown-content']//a[normalize-space()='My Bookmarks']] (tried for 100 second(s) with 500 milliseconds interval)
[ERROR][04-Oct-2023 16:00:06 pm] Selenium_Wrapper.highlightWebElement:(417) - org.openqa.selenium.TimeoutException: Expected condition failed: waiting for visibility of [[ChromeDriver: chrome on WINDOWS (73c26473ab8782d62709ef73923bf317)] -> xpath: //div[@class='dropdown-content']//a[normalize-space()='My Bookmarks']] (tried for 100 second(s) with 500 milliseconds interval)
[ERROR][04-Oct-2023 16:00:11 pm] QuickNavigation.testPreferencesBookmarkPage:(171) - Preferences in My Bookmarks Test is un-successfull
[ERROR][04-Oct-2023 16:00:16 pm] QuickNavigation.testPreferencesNotificationPage:(192) - Preferences My Notification Test is un-successfull
[ERROR][04-Oct-2023 16:00:19 pm] QuickNavigation.testSignout:(204) - Logout/SignOut un-successfull
