[INFO ][02-Jul-2024 15:55:33 PM] Selenium_Wrapper.openBrowser:(54) - Opening chrome browser.
[INFO ][02-Jul-2024 15:55:42 PM] Selenium_Wrapper.enterURL:(88) - Entering url :https://macu1--tst1.custhelp.com/app/home
[INFO ][02-Jul-2024 15:55:46 PM] Selenium_Wrapper.enterText:(317) - Entering Text :swamyk in WebElement :[[ChromeDriver: chrome on WINDOWS (98dec116982d8c196727c048ed90cf18)] -> id: rn_LoginForm_2_Username]
[INFO ][02-Jul-2024 15:55:47 PM] Selenium_Wrapper.enterText:(317) - Entering Text :Soft@123 in WebElement :[[ChromeDriver: chrome on WINDOWS (98dec116982d8c196727c048ed90cf18)] -> id: rn_LoginForm_2_Password]
[INFO ][02-Jul-2024 15:55:52 PM] Selenium_Wrapper.click:(205) - Clicking on :[[ChromeDriver: chrome on WINDOWS (98dec116982d8c196727c048ed90cf18)] -> id: rn_LoginForm_2_Submit]
[INFO ][02-Jul-2024 15:56:07 PM] Selenium_Wrapper.click:(205) - Clicking on :[[ChromeDriver: chrome on WINDOWS (98dec116982d8c196727c048ed90cf18)] -> xpath: //p[@class='search_text']//a[text()='browse all PAGES']]
[INFO ][02-Jul-2024 15:56:36 PM] Selenium_Wrapper.click:(205) - Clicking on :[[ChromeDriver: chrome on WINDOWS (98dec116982d8c196727c048ed90cf18)] -> xpath: //a[text()='Knowledge Center']]
[ERROR][02-Jul-2024 15:57:17 PM] Selenium_Wrapper.highlightWebElement:(423) - org.openqa.selenium.NoSuchElementException: no such element: Unable to locate element: {"method":"xpath","selector":"//h2[normalize-space()='NEW & UPDATED FOR YOU']//parent::div//following-sibling::div[@class='row article_list']//ul[@class='trending-list']"}
  (Session info: chrome=126.0.6478.127)
For documentation on this error, please visit: https://www.seleniumhq.org/exceptions/no_such_element.html
Build info: version: '3.141.59', revision: 'e82be7d358', time: '2018-11-14T08:17:03'
System info: host: 'SC-CAF-CND84305', ip: '192.168.1.4', os.name: 'Windows 10', os.arch: 'amd64', os.version: '10.0', java.version: '21.0.2'
Driver info: org.openqa.selenium.chrome.ChromeDriver
Capabilities {acceptInsecureCerts: false, browserName: chrome, browserVersion: 126.0.6478.127, chrome: {chromedriverVersion: 125.0.6422.141 (4b1e8393712..., userDataDir: C:\Users\SWAMYK~1\AppData\L...}, fedcm:accounts: true, goog:chromeOptions: {debuggerAddress: localhost:59872}, javascriptEnabled: true, networkConnectionEnabled: false, pageLoadStrategy: normal, platform: WINDOWS, platformName: WINDOWS, proxy: Proxy(), setWindowRect: true, strictFileInteractability: false, timeouts: {implicit: 0, pageLoad: 300000, script: 30000}, unhandledPromptBehavior: dismiss and notify, webauthn:extension:credBlob: true, webauthn:extension:largeBlob: true, webauthn:extension:minPinLength: true, webauthn:extension:prf: true, webauthn:virtualAuthenticators: true}
Session ID: 98dec116982d8c196727c048ed90cf18
*** Element info: {Using=xpath, value=//h2[normalize-space()='NEW & UPDATED FOR YOU']//parent::div//following-sibling::div[@class='row article_list']//ul[@class='trending-list']}
[INFO ][02-Jul-2024 15:57:31 PM] Selenium_Wrapper.click:(205) - Clicking on :[[ChromeDriver: chrome on WINDOWS (98dec116982d8c196727c048ed90cf18)] -> xpath: //div[@id='rn_RequestUpdate_9_RecommendContent']//button]
[INFO ][02-Jul-2024 15:57:32 PM] Selenium_Wrapper.enterText:(317) - Entering Text :Test Improve, comments, updates in WebElement :[[ChromeDriver: chrome on WINDOWS (98dec116982d8c196727c048ed90cf18)] -> xpath: //textarea[@id='rn_RequestUpdate_9_Description']]
[INFO ][02-Jul-2024 15:57:34 PM] Selenium_Wrapper.click:(205) - Clicking on :[[ChromeDriver: chrome on WINDOWS (98dec116982d8c196727c048ed90cf18)] -> xpath: //span[@class='yui3-widget-buttons']//button[@class='yui3-button yui3-button-close']]
[ERROR][02-Jul-2024 15:57:37 PM] Selenium_Wrapper.highlightWebElement:(423) - org.openqa.selenium.NoSuchElementException: no such element: Unable to locate element: {"method":"xpath","selector":"//h2[@class='footer_heading']/a[text()='Browse all pages']"}
  (Session info: chrome=126.0.6478.127)
For documentation on this error, please visit: https://www.seleniumhq.org/exceptions/no_such_element.html
Build info: version: '3.141.59', revision: 'e82be7d358', time: '2018-11-14T08:17:03'
System info: host: 'SC-CAF-CND84305', ip: '192.168.1.4', os.name: 'Windows 10', os.arch: 'amd64', os.version: '10.0', java.version: '21.0.2'
Driver info: org.openqa.selenium.chrome.ChromeDriver
Capabilities {acceptInsecureCerts: false, browserName: chrome, browserVersion: 126.0.6478.127, chrome: {chromedriverVersion: 125.0.6422.141 (4b1e8393712..., userDataDir: C:\Users\SWAMYK~1\AppData\L...}, fedcm:accounts: true, goog:chromeOptions: {debuggerAddress: localhost:59872}, javascriptEnabled: true, networkConnectionEnabled: false, pageLoadStrategy: normal, platform: WINDOWS, platformName: WINDOWS, proxy: Proxy(), setWindowRect: true, strictFileInteractability: false, timeouts: {implicit: 0, pageLoad: 300000, script: 30000}, unhandledPromptBehavior: dismiss and notify, webauthn:extension:credBlob: true, webauthn:extension:largeBlob: true, webauthn:extension:minPinLength: true, webauthn:extension:prf: true, webauthn:virtualAuthenticators: true}
Session ID: 98dec116982d8c196727c048ed90cf18
*** Element info: {Using=xpath, value=//h2[@class='footer_heading']/a[text()='Browse all pages']}
[ERROR][02-Jul-2024 15:57:44 PM] HomePage.testFooterLinks:(139) - Footer Links Test is un-successfull
[INFO ][02-Jul-2024 15:57:47 PM] Selenium_Wrapper.closeCurrentBrowser:(657) - Closing the current Browser
