[INFO ][16-Nov-2021 16:16:10 pm] Selenium_Wrapper.openBrowser:(48) - Opening chrome browser.
[INFO ][16-Nov-2021 16:16:17 pm] Selenium_Wrapper.enterURL:(82) - Entering url :https://macu1--tst.custhelp.com/app/home
[INFO ][16-Nov-2021 16:16:21 pm] Selenium_Wrapper.enterText:(311) - Entering Text :pramodk in WebElement :[[ChromeDriver: chrome on WINDOWS (1e4cac98e0e1937fbf6bd66e5ec6663e)] -> id: rn_LoginForm_2_Username]
[INFO ][16-Nov-2021 16:16:22 pm] Selenium_Wrapper.enterText:(311) - Entering Text :Soft@123 in WebElement :[[ChromeDriver: chrome on WINDOWS (1e4cac98e0e1937fbf6bd66e5ec6663e)] -> id: rn_LoginForm_2_Password]
[INFO ][16-Nov-2021 16:16:30 pm] Selenium_Wrapper.click:(199) - Clicking on :[[ChromeDriver: chrome on WINDOWS (1e4cac98e0e1937fbf6bd66e5ec6663e)] -> id: rn_LoginForm_2_Submit]
[INFO ][16-Nov-2021 16:16:39 pm] Selenium_Wrapper.click:(199) - Clicking on :[[ChromeDriver: chrome on WINDOWS (1e4cac98e0e1937fbf6bd66e5ec6663e)] -> xpath: //input[@type='search']]
[INFO ][16-Nov-2021 16:16:40 pm] Selenium_Wrapper.enterText:(311) - Entering Text :Auto Loan in WebElement :[[ChromeDriver: chrome on WINDOWS (1e4cac98e0e1937fbf6bd66e5ec6663e)] -> xpath: //input[@type='search']]
[INFO ][16-Nov-2021 16:16:55 pm] Selenium_Wrapper.click:(199) - Clicking on :[[ChromeDriver: chrome on WINDOWS (1e4cac98e0e1937fbf6bd66e5ec6663e)] -> xpath: //ul[@aria-label='Suggested Search']//li[normalize-space()= 'Auto Loan' ]]
[INFO ][16-Nov-2021 16:17:02 pm] Selenium_Wrapper.click:(199) - Clicking on :[[ChromeDriver: chrome on WINDOWS (1e4cac98e0e1937fbf6bd66e5ec6663e)] -> xpath: //div[@class='rn_SearchResultContent']//a[text()='Auto Loan']]
[INFO ][16-Nov-2021 16:17:19 pm] Selenium_Wrapper.click:(199) - Clicking on :[[ChromeDriver: chrome on WINDOWS (1e4cac98e0e1937fbf6bd66e5ec6663e)] -> xpath: //div[contains(@class,'EmailAnswerLink')]//img[@class='share_icon_default']]
[INFO ][16-Nov-2021 16:17:24 pm] Selenium_Wrapper.click:(199) - Clicking on :[[ChromeDriver: chrome on WINDOWS (1e4cac98e0e1937fbf6bd66e5ec6663e)] -> xpath: //div[@id='rnDialog1']//input[@class='select2-search__field']]
[INFO ][16-Nov-2021 16:17:25 pm] Selenium_Wrapper.enterText:(311) - Entering Text :Aaron Brown in WebElement :[[ChromeDriver: chrome on WINDOWS (1e4cac98e0e1937fbf6bd66e5ec6663e)] -> xpath: //div[@id='rnDialog1']//input[@class='select2-search__field']]
[INFO ][16-Nov-2021 16:17:33 pm] Selenium_Wrapper.click:(199) - Clicking on :[[ChromeDriver: chrome on WINDOWS (1e4cac98e0e1937fbf6bd66e5ec6663e)] -> xpath: //ul[@class='select2-results__options']//li[text()='Aaron Brown']]
[INFO ][16-Nov-2021 16:17:39 pm] Selenium_Wrapper.click:(199) - Clicking on :[[ChromeDriver: chrome on WINDOWS (1e4cac98e0e1937fbf6bd66e5ec6663e)] -> xpath: //button[@class='yui3-button yui3-button-close']]
[INFO ][16-Nov-2021 16:17:46 pm] Selenium_Wrapper.click:(199) - Clicking on :[[ChromeDriver: chrome on WINDOWS (1e4cac98e0e1937fbf6bd66e5ec6663e)] -> class name: knowledge]
[INFO ][16-Nov-2021 16:17:53 pm] Selenium_Wrapper.click:(199) - Clicking on :[[ChromeDriver: chrome on WINDOWS (1e4cac98e0e1937fbf6bd66e5ec6663e)] -> xpath: //input[@type='search']]
[INFO ][16-Nov-2021 16:17:54 pm] Selenium_Wrapper.enterText:(311) - Entering Text :COVID-19 Critical Updates in WebElement :[[ChromeDriver: chrome on WINDOWS (1e4cac98e0e1937fbf6bd66e5ec6663e)] -> xpath: //input[@type='search']]
[INFO ][16-Nov-2021 16:18:08 pm] Selenium_Wrapper.click:(199) - Clicking on :[[ChromeDriver: chrome on WINDOWS (1e4cac98e0e1937fbf6bd66e5ec6663e)] -> xpath: //ul[@aria-label='Suggested Search']//li[normalize-space()='COVID-19 Critical Updates']]
[INFO ][16-Nov-2021 16:18:15 pm] Selenium_Wrapper.click:(199) - Clicking on :[[ChromeDriver: chrome on WINDOWS (1e4cac98e0e1937fbf6bd66e5ec6663e)] -> xpath: //div[@class='rn_SearchResultContent']//a[text()='COVID-19 Critical Updates']]
[ERROR][16-Nov-2021 16:18:28 pm] Selenium_Wrapper.highlightWebElement:(417) - org.openqa.selenium.NoSuchElementException: no such element: Unable to locate element: {"method":"xpath","selector":"//a[@class='add_bookmarkButton']//img[@class='bookmark_icon_blank']"}
  (Session info: chrome=95.0.4638.69)
For documentation on this error, please visit: https://www.seleniumhq.org/exceptions/no_such_element.html
Build info: version: '3.141.59', revision: 'e82be7d358', time: '2018-11-14T08:17:03'
System info: host: 'DESKTOP-N43657M', ip: '192.168.29.58', os.name: 'Windows 10', os.arch: 'amd64', os.version: '10.0', java.version: '16.0.1'
Driver info: org.openqa.selenium.chrome.ChromeDriver
Capabilities {acceptInsecureCerts: false, browserName: chrome, browserVersion: 95.0.4638.69, chrome: {chromedriverVersion: 95.0.4638.17 (a9d0719444d4b..., userDataDir: C:\Users\Pramod\AppData\Loc...}, goog:chromeOptions: {debuggerAddress: localhost:54313}, javascriptEnabled: true, networkConnectionEnabled: false, pageLoadStrategy: normal, platform: WINDOWS, platformName: WINDOWS, proxy: Proxy(), setWindowRect: true, strictFileInteractability: false, timeouts: {implicit: 0, pageLoad: 300000, script: 30000}, unhandledPromptBehavior: dismiss and notify, webauthn:extension:credBlob: true, webauthn:extension:largeBlob: true, webauthn:virtualAuthenticators: true}
Session ID: 1e4cac98e0e1937fbf6bd66e5ec6663e
*** Element info: {Using=xpath, value=//a[@class='add_bookmarkButton']//img[@class='bookmark_icon_blank']}
[INFO ][16-Nov-2021 16:19:16 pm] Selenium_Wrapper.click:(199) - Clicking on :[[ChromeDriver: chrome on WINDOWS (1e4cac98e0e1937fbf6bd66e5ec6663e)] -> xpath: //div[@class='quick-guide']//a[text()='Employee Resources']]
[INFO ][16-Nov-2021 16:19:27 pm] Selenium_Wrapper.click:(199) - Clicking on :[[ChromeDriver: chrome on WINDOWS (1e4cac98e0e1937fbf6bd66e5ec6663e)] -> xpath: //div[@class='quick-guide']//a[text()='Remote Work']]
[INFO ][16-Nov-2021 16:19:45 pm] Selenium_Wrapper.click:(199) - Clicking on :[[ChromeDriver: chrome on WINDOWS (1e4cac98e0e1937fbf6bd66e5ec6663e)] -> xpath: //button[@class='rn_RecommendContentButton p-0']]
[INFO ][16-Nov-2021 16:19:46 pm] Selenium_Wrapper.enterText:(311) - Entering Text :Test Improve, comments, updates in WebElement :[[ChromeDriver: chrome on WINDOWS (1e4cac98e0e1937fbf6bd66e5ec6663e)] -> id: rn_RequestUpdate_25_Description]
[INFO ][16-Nov-2021 16:19:52 pm] Selenium_Wrapper.click:(199) - Clicking on :[[ChromeDriver: chrome on WINDOWS (1e4cac98e0e1937fbf6bd66e5ec6663e)] -> xpath: //button[@class='yui3-button yui3-button-close']]
[ERROR][16-Nov-2021 16:19:56 pm] Selenium_Wrapper.highlightWebElement:(417) - org.openqa.selenium.NoSuchElementException: no such element: Unable to locate element: {"method":"css selector","selector":"#formsResources_headingOne"}
  (Session info: chrome=95.0.4638.69)
For documentation on this error, please visit: https://www.seleniumhq.org/exceptions/no_such_element.html
Build info: version: '3.141.59', revision: 'e82be7d358', time: '2018-11-14T08:17:03'
System info: host: 'DESKTOP-N43657M', ip: '192.168.29.58', os.name: 'Windows 10', os.arch: 'amd64', os.version: '10.0', java.version: '16.0.1'
Driver info: org.openqa.selenium.chrome.ChromeDriver
Capabilities {acceptInsecureCerts: false, browserName: chrome, browserVersion: 95.0.4638.69, chrome: {chromedriverVersion: 95.0.4638.17 (a9d0719444d4b..., userDataDir: C:\Users\Pramod\AppData\Loc...}, goog:chromeOptions: {debuggerAddress: localhost:54313}, javascriptEnabled: true, networkConnectionEnabled: false, pageLoadStrategy: normal, platform: WINDOWS, platformName: WINDOWS, proxy: Proxy(), setWindowRect: true, strictFileInteractability: false, timeouts: {implicit: 0, pageLoad: 300000, script: 30000}, unhandledPromptBehavior: dismiss and notify, webauthn:extension:credBlob: true, webauthn:extension:largeBlob: true, webauthn:virtualAuthenticators: true}
Session ID: 1e4cac98e0e1937fbf6bd66e5ec6663e
*** Element info: {Using=id, value=formsResources_headingOne}
[ERROR][16-Nov-2021 16:20:01 pm] ArticlePage.testRequests:(151) - testRequests Test case is un-successfull
