[INFO ][23-May-2023 16:29:26 PM] Selenium_Wrapper.openBrowser:(48) - Opening chrome browser.
[INFO ][23-May-2023 16:29:33 PM] Selenium_Wrapper.enterURL:(82) - Entering url :https://macu1--tst1.custhelp.com/app/home
[INFO ][23-May-2023 16:29:37 PM] Selenium_Wrapper.enterText:(311) - Entering Text :swamyk in WebElement :[[ChromeDriver: chrome on WINDOWS (319acf14e0a5b34e8e6eb991fff9e6ba)] -> id: rn_LoginForm_2_Username]
[INFO ][23-May-2023 16:29:39 PM] Selenium_Wrapper.enterText:(311) - Entering Text :Soft@123 in WebElement :[[ChromeDriver: chrome on WINDOWS (319acf14e0a5b34e8e6eb991fff9e6ba)] -> id: rn_LoginForm_2_Password]
[INFO ][23-May-2023 16:29:46 PM] Selenium_Wrapper.click:(199) - Clicking on :[[ChromeDriver: chrome on WINDOWS (319acf14e0a5b34e8e6eb991fff9e6ba)] -> id: rn_LoginForm_2_Submit]
[INFO ][23-May-2023 16:29:59 PM] Selenium_Wrapper.click:(199) - Clicking on :[[ChromeDriver: chrome on WINDOWS (319acf14e0a5b34e8e6eb991fff9e6ba)] -> xpath: //input[@type='search']]
[INFO ][23-May-2023 16:30:01 PM] Selenium_Wrapper.enterText:(311) - Entering Text :Business Auto Loan in WebElement :[[ChromeDriver: chrome on WINDOWS (319acf14e0a5b34e8e6eb991fff9e6ba)] -> xpath: //input[@type='search']]
[INFO ][23-May-2023 16:30:21 PM] Selenium_Wrapper.click:(199) - Clicking on :[[ChromeDriver: chrome on WINDOWS (319acf14e0a5b34e8e6eb991fff9e6ba)] -> xpath: (//div[@class='yui3-aclist-content']//li//li)[1]]
[ERROR][23-May-2023 16:30:28 PM] AnswerVotingFeedbackReport.testSearchanArticle:(34) - Search an Article in CP is un-successfull
[ERROR][23-May-2023 16:30:32 PM] Selenium_Wrapper.highlightWebElement:(417) - org.openqa.selenium.NoSuchElementException: no such element: Unable to locate element: {"method":"xpath","selector":"//div[@class='main_image_div']//div[@class='thumbs_up_down'][2]"}
  (Session info: chrome=113.0.5672.127)
For documentation on this error, please visit: https://www.seleniumhq.org/exceptions/no_such_element.html
Build info: version: '3.141.59', revision: 'e82be7d358', time: '2018-11-14T08:17:03'
System info: host: 'QA-SWAMYK', ip: '192.168.0.6', os.name: 'Windows 10', os.arch: 'amd64', os.version: '10.0', java.version: '11.0.10'
Driver info: org.openqa.selenium.chrome.ChromeDriver
Capabilities {acceptInsecureCerts: false, browserName: chrome, browserVersion: 113.0.5672.127, chrome: {chromedriverVersion: 113.0.5672.63 (0e1a4471d5ae..., userDataDir: C:\Users\SWAMYK~1\AppData\L...}, goog:chromeOptions: {debuggerAddress: localhost:52657}, javascriptEnabled: true, networkConnectionEnabled: false, pageLoadStrategy: normal, platform: WINDOWS, platformName: WINDOWS, proxy: Proxy(), setWindowRect: true, strictFileInteractability: false, timeouts: {implicit: 0, pageLoad: 300000, script: 30000}, unhandledPromptBehavior: dismiss and notify, webauthn:extension:credBlob: true, webauthn:extension:largeBlob: true, webauthn:extension:minPinLength: true, webauthn:extension:prf: true, webauthn:virtualAuthenticators: true}
Session ID: 319acf14e0a5b34e8e6eb991fff9e6ba
*** Element info: {Using=xpath, value=//div[@class='main_image_div']//div[@class='thumbs_up_down'][2]}
[ERROR][23-May-2023 16:30:38 PM] AnswerVotingFeedbackReport.testFeedbackPage:(56) - Thumbs Up & Down Test is un-successfull
[INFO ][23-May-2023 16:30:45 PM] Selenium_Wrapper.click:(199) - Clicking on :[[ChromeDriver: chrome on WINDOWS (319acf14e0a5b34e8e6eb991fff9e6ba)] -> xpath: //div[@class='dropdown']]
[ERROR][23-May-2023 16:30:50 PM] AnswerVotingFeedbackReport.testMyFeedbackStatus:(91) - My Feedback Article Status in CP Test is un-successfull
[INFO ][23-May-2023 16:30:51 PM] Selenium_Wrapper.openBrowser:(48) - Opening chrome browser.
