[INFO ][02-Sep-2022 16:46:05 PM] Selenium_Wrapper.openBrowser:(48) - Opening chrome browser.
[INFO ][02-Sep-2022 16:46:11 PM] Selenium_Wrapper.enterURL:(82) - Entering url :https://macu1--upgrade.custhelp.com/
[INFO ][02-Sep-2022 16:46:15 PM] Selenium_Wrapper.enterText:(311) - Entering Text :pramodk in WebElement :[[ChromeDriver: chrome on WINDOWS (80c9022cac79a5969805edc2360c4476)] -> id: rn_LoginForm_2_Username]
[INFO ][02-Sep-2022 16:46:16 PM] Selenium_Wrapper.enterText:(311) - Entering Text :Soft@123 in WebElement :[[ChromeDriver: chrome on WINDOWS (80c9022cac79a5969805edc2360c4476)] -> id: rn_LoginForm_2_Password]
[INFO ][02-Sep-2022 16:46:23 PM] Selenium_Wrapper.click:(199) - Clicking on :[[ChromeDriver: chrome on WINDOWS (80c9022cac79a5969805edc2360c4476)] -> id: rn_LoginForm_2_Submit]
[INFO ][02-Sep-2022 16:46:34 PM] Selenium_Wrapper.click:(199) - Clicking on :[[ChromeDriver: chrome on WINDOWS (80c9022cac79a5969805edc2360c4476)] -> xpath: //div[@class='dropdown']]
[INFO ][02-Sep-2022 16:46:44 PM] Selenium_Wrapper.click:(199) - Clicking on :[[ChromeDriver: chrome on WINDOWS (80c9022cac79a5969805edc2360c4476)] -> xpath: //a[text()='My Feedback']]
[INFO ][02-Sep-2022 16:46:49 PM] Selenium_Wrapper.click:(199) - Clicking on :[[ChromeDriver: chrome on WINDOWS (80c9022cac79a5969805edc2360c4476)] -> xpath: //input[@placeholder='Search Your Feedback Report']]
[INFO ][02-Sep-2022 16:46:50 PM] Selenium_Wrapper.enterText:(311) - Entering Text :Auto Loan in WebElement :[[ChromeDriver: chrome on WINDOWS (80c9022cac79a5969805edc2360c4476)] -> xpath: //input[@placeholder='Search Your Feedback Report']]
[ERROR][02-Sep-2022 16:46:53 PM] Selenium_Wrapper.highlightWebElement:(417) - org.openqa.selenium.NoSuchElementException: no such element: Unable to locate element: {"method":"xpath","selector":"//div[@class='rn_SearchInput1 mt-3']//span[@class='btn-srch-icon']//i[@class='fa fa-search']"}
  (Session info: chrome=105.0.5195.54)
For documentation on this error, please visit: https://www.seleniumhq.org/exceptions/no_such_element.html
Build info: version: '3.141.59', revision: 'e82be7d358', time: '2018-11-14T08:17:03'
System info: host: 'QA-SWAMYK', ip: '192.168.0.4', os.name: 'Windows 10', os.arch: 'amd64', os.version: '10.0', java.version: '11.0.10'
Driver info: org.openqa.selenium.chrome.ChromeDriver
Capabilities {acceptInsecureCerts: false, browserName: chrome, browserVersion: 105.0.5195.54, chrome: {chromedriverVersion: 105.0.5195.52 (412c95e51883..., userDataDir: C:\Users\SWAMYK~1\AppData\L...}, goog:chromeOptions: {debuggerAddress: localhost:50643}, javascriptEnabled: true, networkConnectionEnabled: false, pageLoadStrategy: normal, platform: WINDOWS, platformName: WINDOWS, proxy: Proxy(), setWindowRect: true, strictFileInteractability: false, timeouts: {implicit: 0, pageLoad: 300000, script: 30000}, unhandledPromptBehavior: dismiss and notify, webauthn:extension:credBlob: true, webauthn:extension:largeBlob: true, webauthn:virtualAuthenticators: true}
Session ID: 80c9022cac79a5969805edc2360c4476
*** Element info: {Using=xpath, value=//div[@class='rn_SearchInput1 mt-3']//span[@class='btn-srch-icon']//i[@class='fa fa-search']}
[ERROR][02-Sep-2022 16:46:58 PM] MyFeedback.testMyFeedbackStatus:(139) - My Feedback Article Status in CP Test is un-successfull
[INFO ][02-Sep-2022 16:47:02 PM] Selenium_Wrapper.closeCurrentBrowser:(651) - Closing the current Browser
