[INFO ][03-Jul-2024 16:56:09 PM] Selenium_Wrapper.openBrowser:(54) - Opening chrome browser.
[INFO ][03-Jul-2024 16:56:19 PM] Selenium_Wrapper.enterURL:(88) - Entering url :https://macu1--tst1.custhelp.com/app/home
[INFO ][03-Jul-2024 16:56:23 PM] Selenium_Wrapper.enterText:(317) - Entering Text :swamyk in WebElement :[[ChromeDriver: chrome on WINDOWS (de89e58f0792bc3dc88f1b700810d50e)] -> id: rn_LoginForm_2_Username]
[INFO ][03-Jul-2024 16:56:24 PM] Selenium_Wrapper.enterText:(317) - Entering Text :Soft@123 in WebElement :[[ChromeDriver: chrome on WINDOWS (de89e58f0792bc3dc88f1b700810d50e)] -> id: rn_LoginForm_2_Password]
[INFO ][03-Jul-2024 16:56:29 PM] Selenium_Wrapper.click:(205) - Clicking on :[[ChromeDriver: chrome on WINDOWS (de89e58f0792bc3dc88f1b700810d50e)] -> id: rn_LoginForm_2_Submit]
[INFO ][03-Jul-2024 16:56:38 PM] Selenium_Wrapper.click:(205) - Clicking on :[[ChromeDriver: chrome on WINDOWS (de89e58f0792bc3dc88f1b700810d50e)] -> xpath: //input[@type='search']]
[INFO ][03-Jul-2024 16:56:39 PM] Selenium_Wrapper.enterText:(317) - Entering Text :Business Use Auto Loan in WebElement :[[ChromeDriver: chrome on WINDOWS (de89e58f0792bc3dc88f1b700810d50e)] -> xpath: //input[@type='search']]
[ERROR][03-Jul-2024 16:58:27 PM] Selenium_Wrapper.getWebElement:(130) - org.openqa.selenium.TimeoutException: Expected condition failed: waiting for visibility of [[ChromeDriver: chrome on WINDOWS (de89e58f0792bc3dc88f1b700810d50e)] -> xpath: (//div[@class='yui3-aclist-content']//li//li)[1]] (tried for 100 second(s) with 500 milliseconds interval)
[ERROR][03-Jul-2024 16:58:27 PM] ThumbsDownFeedBack.testJumpToSection:(42) - Jump to section Test is un-successfull
[ERROR][03-Jul-2024 16:58:31 PM] ThumbsDownFeedBack.testFeedbackPage:(72) - Request Updates, Comments, Thumbs Up & Down Test is un-successfull
[ERROR][03-Jul-2024 16:58:35 PM] ThumbsDownFeedBack.testMyFeedbackStatus:(107) - My Feedback Article Status in CP Test is un-successfull
[INFO ][03-Jul-2024 16:58:36 PM] Selenium_Wrapper.openBrowser:(54) - Opening chrome browser.
[INFO ][03-Jul-2024 16:58:40 PM] Selenium_Wrapper.enterURL:(88) - Entering url :https://macu1--tst1.custhelp.com/AgentWeb/
[INFO ][03-Jul-2024 16:58:44 PM] Selenium_Wrapper.enterText:(317) - Entering Text :automation_testing in WebElement :[[ChromeDriver: chrome on WINDOWS (97a7fa67733cc8e251d840ca33035371)] -> id: username]
[INFO ][03-Jul-2024 16:58:46 PM] Selenium_Wrapper.enterText:(317) - Entering Text :Welcome123 in WebElement :[[ChromeDriver: chrome on WINDOWS (97a7fa67733cc8e251d840ca33035371)] -> id: password]
[INFO ][03-Jul-2024 16:59:15 PM] Selenium_Wrapper.click:(205) - Clicking on :[[ChromeDriver: chrome on WINDOWS (97a7fa67733cc8e251d840ca33035371)] -> id: loginbutton]
[ERROR][03-Jul-2024 16:59:52 PM] ThumbsDownFeedBack.testNavigateToThumbsDownFeedBackReportFlow:(135) - Navigate To ThumbsDown FeedBack Report Test is un-successfull
[ERROR][03-Jul-2024 16:59:55 PM] Selenium_Wrapper.highlightWebElement:(423) - org.openqa.selenium.NoSuchElementException: no such element: Unable to locate element: {"method":"xpath","selector":"//div[@class='explorer-right-panel']//div[@class='explorer-data-grid']//span[text()='Feedback Admin Report']"}
  (Session info: chrome=126.0.6478.127)
For documentation on this error, please visit: https://www.seleniumhq.org/exceptions/no_such_element.html
Build info: version: '3.141.59', revision: 'e82be7d358', time: '2018-11-14T08:17:03'
System info: host: 'SC-CAF-CND84305', ip: '192.168.1.2', os.name: 'Windows 10', os.arch: 'amd64', os.version: '10.0', java.version: '21.0.2'
Driver info: org.openqa.selenium.chrome.ChromeDriver
Capabilities {acceptInsecureCerts: false, browserName: chrome, browserVersion: 126.0.6478.127, chrome: {chromedriverVersion: 125.0.6422.141 (4b1e8393712..., userDataDir: C:\Users\SWAMYK~1\AppData\L...}, fedcm:accounts: true, goog:chromeOptions: {debuggerAddress: localhost:60820}, javascriptEnabled: true, networkConnectionEnabled: false, pageLoadStrategy: normal, platform: WINDOWS, platformName: WINDOWS, proxy: Proxy(), setWindowRect: true, strictFileInteractability: false, timeouts: {implicit: 0, pageLoad: 300000, script: 30000}, unhandledPromptBehavior: dismiss and notify, webauthn:extension:credBlob: true, webauthn:extension:largeBlob: true, webauthn:extension:minPinLength: true, webauthn:extension:prf: true, webauthn:virtualAuthenticators: true}
Session ID: 97a7fa67733cc8e251d840ca33035371
*** Element info: {Using=xpath, value=//div[@class='explorer-right-panel']//div[@class='explorer-data-grid']//span[text()='Feedback Admin Report']}
[ERROR][03-Jul-2024 16:59:55 PM] Selenium_Wrapper.doubleClick:(279) - org.openqa.selenium.NoSuchElementException: no such element: Unable to locate element: {"method":"xpath","selector":"//div[@class='explorer-right-panel']//div[@class='explorer-data-grid']//span[text()='Feedback Admin Report']"}
  (Session info: chrome=126.0.6478.127)
For documentation on this error, please visit: https://www.seleniumhq.org/exceptions/no_such_element.html
Build info: version: '3.141.59', revision: 'e82be7d358', time: '2018-11-14T08:17:03'
System info: host: 'SC-CAF-CND84305', ip: '192.168.1.2', os.name: 'Windows 10', os.arch: 'amd64', os.version: '10.0', java.version: '21.0.2'
Driver info: org.openqa.selenium.chrome.ChromeDriver
Capabilities {acceptInsecureCerts: false, browserName: chrome, browserVersion: 126.0.6478.127, chrome: {chromedriverVersion: 125.0.6422.141 (4b1e8393712..., userDataDir: C:\Users\SWAMYK~1\AppData\L...}, fedcm:accounts: true, goog:chromeOptions: {debuggerAddress: localhost:60820}, javascriptEnabled: true, networkConnectionEnabled: false, pageLoadStrategy: normal, platform: WINDOWS, platformName: WINDOWS, proxy: Proxy(), setWindowRect: true, strictFileInteractability: false, timeouts: {implicit: 0, pageLoad: 300000, script: 30000}, unhandledPromptBehavior: dismiss and notify, webauthn:extension:credBlob: true, webauthn:extension:largeBlob: true, webauthn:extension:minPinLength: true, webauthn:extension:prf: true, webauthn:virtualAuthenticators: true}
Session ID: 97a7fa67733cc8e251d840ca33035371
*** Element info: {Using=xpath, value=//div[@class='explorer-right-panel']//div[@class='explorer-data-grid']//span[text()='Feedback Admin Report']}
[ERROR][03-Jul-2024 16:59:55 PM] ThumbsDownFeedBack.testSelectingandGivingAnswerstoReportFlow:(201) - Selecting and Giving Answers to Report Test  is  un-successfull
