[INFO ][03-Jul-2024 16:57:06 PM] Selenium_Wrapper.openBrowser:(54) - Opening chrome browser.
[INFO ][03-Jul-2024 16:57:18 PM] Selenium_Wrapper.enterURL:(88) - Entering url :https://macu1--tst1.custhelp.com/app/home
[INFO ][03-Jul-2024 16:57:22 PM] Selenium_Wrapper.enterText:(317) - Entering Text :swamyk in WebElement :[[ChromeDriver: chrome on WINDOWS (60e0cb72d289ccfc8521b5776cf2bcb4)] -> id: rn_LoginForm_2_Username]
[INFO ][03-Jul-2024 16:57:24 PM] Selenium_Wrapper.enterText:(317) - Entering Text :Soft@123 in WebElement :[[ChromeDriver: chrome on WINDOWS (60e0cb72d289ccfc8521b5776cf2bcb4)] -> id: rn_LoginForm_2_Password]
[INFO ][03-Jul-2024 16:57:28 PM] Selenium_Wrapper.click:(205) - Clicking on :[[ChromeDriver: chrome on WINDOWS (60e0cb72d289ccfc8521b5776cf2bcb4)] -> id: rn_LoginForm_2_Submit]
[INFO ][03-Jul-2024 16:57:38 PM] Selenium_Wrapper.click:(205) - Clicking on :[[ChromeDriver: chrome on WINDOWS (60e0cb72d289ccfc8521b5776cf2bcb4)] -> xpath: //input[@type='search']]
[INFO ][03-Jul-2024 16:57:39 PM] Selenium_Wrapper.enterText:(317) - Entering Text :Business Use Auto Loan in WebElement :[[ChromeDriver: chrome on WINDOWS (60e0cb72d289ccfc8521b5776cf2bcb4)] -> xpath: //input[@type='search']]
[INFO ][03-Jul-2024 16:57:52 PM] Selenium_Wrapper.click:(205) - Clicking on :[[ChromeDriver: chrome on WINDOWS (60e0cb72d289ccfc8521b5776cf2bcb4)] -> xpath: (//div[@class='yui3-aclist-content']//li//li)[1]]
[INFO ][03-Jul-2024 16:57:56 PM] Selenium_Wrapper.click:(205) - Clicking on :[[ChromeDriver: chrome on WINDOWS (60e0cb72d289ccfc8521b5776cf2bcb4)] -> xpath: (//div[@class='rn_SearchResultContent']//a)[1]]
[INFO ][03-Jul-2024 16:58:04 PM] Selenium_Wrapper.click:(205) - Clicking on :[[ChromeDriver: chrome on WINDOWS (60e0cb72d289ccfc8521b5776cf2bcb4)] -> xpath: //div[@class='main_image_div']//div[@class='thumbs_up_down'][2]]
[INFO ][03-Jul-2024 16:58:15 PM] Selenium_Wrapper.click:(205) - Clicking on :[[ChromeDriver: chrome on WINDOWS (60e0cb72d289ccfc8521b5776cf2bcb4)] -> xpath: //div[@class='col-sm-3 noprint']//div[@class='answer_rating_block']//div[@class='rn_Content']//div[@class='rn_Well']//div[@class='rn_DocumentCommentDiv']//textarea[@class='rn_DocumentTextArea']]
[INFO ][03-Jul-2024 16:58:18 PM] Selenium_Wrapper.enterText:(317) - Entering Text :Flexible Work - ThumbDown Comments in WebElement :[[ChromeDriver: chrome on WINDOWS (60e0cb72d289ccfc8521b5776cf2bcb4)] -> xpath: //div[@class='col-sm-3 noprint']//div[@class='answer_rating_block']//div[@class='rn_Content']//div[@class='rn_Well']//div[@class='rn_DocumentCommentDiv']//textarea[@class='rn_DocumentTextArea']]
[ERROR][03-Jul-2024 16:58:20 PM] ThumbsDownFeedBack.testFeedbackPage:(72) - Request Updates, Comments, Thumbs Up & Down Test is un-successfull
[INFO ][03-Jul-2024 16:58:25 PM] Selenium_Wrapper.click:(205) - Clicking on :[[ChromeDriver: chrome on WINDOWS (60e0cb72d289ccfc8521b5776cf2bcb4)] -> xpath: //div[@class='dropdown']]
[INFO ][03-Jul-2024 16:58:31 PM] Selenium_Wrapper.click:(205) - Clicking on :[[ChromeDriver: chrome on WINDOWS (60e0cb72d289ccfc8521b5776cf2bcb4)] -> xpath: //a[text()='My Feedback']]
[ERROR][03-Jul-2024 16:58:46 PM] Selenium_Wrapper.highlightWebElement:(423) - org.openqa.selenium.NoSuchWindowException: no such window: target window already closed
from unknown error: web view not found
  (Session info: chrome=126.0.6478.127)
Build info: version: '3.141.59', revision: 'e82be7d358', time: '2018-11-14T08:17:03'
System info: host: 'SC-CAF-CND84305', ip: '192.168.1.2', os.name: 'Windows 10', os.arch: 'amd64', os.version: '10.0', java.version: '21.0.2'
Driver info: org.openqa.selenium.chrome.ChromeDriver
Capabilities {acceptInsecureCerts: false, browserName: chrome, browserVersion: 126.0.6478.127, chrome: {chromedriverVersion: 125.0.6422.141 (4b1e8393712..., userDataDir: C:\Users\SWAMYK~1\AppData\L...}, fedcm:accounts: true, goog:chromeOptions: {debuggerAddress: localhost:60616}, javascriptEnabled: true, networkConnectionEnabled: false, pageLoadStrategy: normal, platform: WINDOWS, platformName: WINDOWS, proxy: Proxy(), setWindowRect: true, strictFileInteractability: false, timeouts: {implicit: 0, pageLoad: 300000, script: 30000}, unhandledPromptBehavior: dismiss and notify, webauthn:extension:credBlob: true, webauthn:extension:largeBlob: true, webauthn:extension:minPinLength: true, webauthn:extension:prf: true, webauthn:virtualAuthenticators: true}
Session ID: 60e0cb72d289ccfc8521b5776cf2bcb4
[ERROR][03-Jul-2024 16:58:46 PM] ThumbsDownFeedBack.testMyFeedbackStatus:(107) - My Feedback Article Status in CP Test is un-successfull
[INFO ][03-Jul-2024 16:58:47 PM] Selenium_Wrapper.openBrowser:(54) - Opening chrome browser.
[INFO ][03-Jul-2024 16:58:49 PM] Selenium_Wrapper.enterURL:(88) - Entering url :https://macu1--tst1.custhelp.com/AgentWeb/
