[INFO ][16-Nov-2021 17:00:13 pm] Selenium_Wrapper.openBrowser:(48) - Opening chrome browser.
[INFO ][16-Nov-2021 17:00:18 pm] Selenium_Wrapper.enterURL:(82) - Entering url :https://macu1--tst.custhelp.com/app/home
[INFO ][16-Nov-2021 17:00:22 pm] Selenium_Wrapper.enterText:(311) - Entering Text :pramodk in WebElement :[[ChromeDriver: chrome on WINDOWS (afbca6753375d9d83a9b3c9f9177097b)] -> id: rn_LoginForm_2_Username]
[INFO ][16-Nov-2021 17:00:24 pm] Selenium_Wrapper.enterText:(311) - Entering Text :Soft@123 in WebElement :[[ChromeDriver: chrome on WINDOWS (afbca6753375d9d83a9b3c9f9177097b)] -> id: rn_LoginForm_2_Password]
[INFO ][16-Nov-2021 17:00:31 pm] Selenium_Wrapper.click:(199) - Clicking on :[[ChromeDriver: chrome on WINDOWS (afbca6753375d9d83a9b3c9f9177097b)] -> id: rn_LoginForm_2_Submit]
[INFO ][16-Nov-2021 17:00:40 pm] Selenium_Wrapper.click:(199) - Clicking on :[[ChromeDriver: chrome on WINDOWS (afbca6753375d9d83a9b3c9f9177097b)] -> xpath: //input[@type='search']]
[INFO ][16-Nov-2021 17:00:41 pm] Selenium_Wrapper.enterText:(311) - Entering Text :Auto Loan in WebElement :[[ChromeDriver: chrome on WINDOWS (afbca6753375d9d83a9b3c9f9177097b)] -> xpath: //input[@type='search']]
[INFO ][16-Nov-2021 17:00:56 pm] Selenium_Wrapper.click:(199) - Clicking on :[[ChromeDriver: chrome on WINDOWS (afbca6753375d9d83a9b3c9f9177097b)] -> xpath: //ul[@aria-label='Suggested Search']//li[normalize-space()= 'Auto Loan' ]]
[INFO ][16-Nov-2021 17:01:03 pm] Selenium_Wrapper.click:(199) - Clicking on :[[ChromeDriver: chrome on WINDOWS (afbca6753375d9d83a9b3c9f9177097b)] -> xpath: //div[@class='rn_SearchResultContent']//a[text()='Auto Loan']]
[INFO ][16-Nov-2021 17:01:19 pm] Selenium_Wrapper.click:(199) - Clicking on :[[ChromeDriver: chrome on WINDOWS (afbca6753375d9d83a9b3c9f9177097b)] -> xpath: //div[contains(@class,'EmailAnswerLink')]//img[@class='share_icon_default']]
[INFO ][16-Nov-2021 17:01:24 pm] Selenium_Wrapper.click:(199) - Clicking on :[[ChromeDriver: chrome on WINDOWS (afbca6753375d9d83a9b3c9f9177097b)] -> xpath: //div[@id='rnDialog1']//input[@class='select2-search__field']]
[INFO ][16-Nov-2021 17:01:26 pm] Selenium_Wrapper.enterText:(311) - Entering Text :Aaron Brown in WebElement :[[ChromeDriver: chrome on WINDOWS (afbca6753375d9d83a9b3c9f9177097b)] -> xpath: //div[@id='rnDialog1']//input[@class='select2-search__field']]
[INFO ][16-Nov-2021 17:01:34 pm] Selenium_Wrapper.click:(199) - Clicking on :[[ChromeDriver: chrome on WINDOWS (afbca6753375d9d83a9b3c9f9177097b)] -> xpath: //ul[@class='select2-results__options']//li[text()='Aaron Brown']]
[INFO ][16-Nov-2021 17:01:39 pm] Selenium_Wrapper.click:(199) - Clicking on :[[ChromeDriver: chrome on WINDOWS (afbca6753375d9d83a9b3c9f9177097b)] -> xpath: //button[@class='yui3-button yui3-button-close']]
[INFO ][16-Nov-2021 17:01:52 pm] Selenium_Wrapper.click:(199) - Clicking on :[[ChromeDriver: chrome on WINDOWS (afbca6753375d9d83a9b3c9f9177097b)] -> xpath: //div[@id='formsResources_panel']//div[@id='formsResources_headingOne']]
[ERROR][16-Nov-2021 17:02:13 pm] Selenium_Wrapper.moveToThenClick:(452) - org.openqa.selenium.ElementClickInterceptedException: element click intercepted: Element <a href="/app/answers/macu_view/a_id/1003983" title="..." target="_blank">Application for Title</a> is not clickable at point (1239, 648). Other element would receive the click: <p>...</p>
  (Session info: chrome=95.0.4638.69)
Build info: version: '3.141.59', revision: 'e82be7d358', time: '2018-11-14T08:17:03'
System info: host: 'DESKTOP-N43657M', ip: '192.168.29.58', os.name: 'Windows 10', os.arch: 'amd64', os.version: '10.0', java.version: '16.0.1'
Driver info: org.openqa.selenium.chrome.ChromeDriver
Capabilities {acceptInsecureCerts: false, browserName: chrome, browserVersion: 95.0.4638.69, chrome: {chromedriverVersion: 95.0.4638.17 (a9d0719444d4b..., userDataDir: C:\Users\Pramod\AppData\Loc...}, goog:chromeOptions: {debuggerAddress: localhost:57540}, javascriptEnabled: true, networkConnectionEnabled: false, pageLoadStrategy: normal, platform: WINDOWS, platformName: WINDOWS, proxy: Proxy(), setWindowRect: true, strictFileInteractability: false, timeouts: {implicit: 0, pageLoad: 300000, script: 30000}, unhandledPromptBehavior: dismiss and notify, webauthn:extension:credBlob: true, webauthn:extension:largeBlob: true, webauthn:virtualAuthenticators: true}
Session ID: afbca6753375d9d83a9b3c9f9177097b
[ERROR][16-Nov-2021 17:02:13 pm] Selenium_Wrapper.moveToThenClick:(442) - org.openqa.selenium.ElementClickInterceptedException: element click intercepted: Element <a href="/app/answers/macu_view/a_id/1003983" title="..." target="_blank">Application for Title</a> is not clickable at point (1239, 648). Other element would receive the click: <p>...</p>
  (Session info: chrome=95.0.4638.69)
Build info: version: '3.141.59', revision: 'e82be7d358', time: '2018-11-14T08:17:03'
System info: host: 'DESKTOP-N43657M', ip: '192.168.29.58', os.name: 'Windows 10', os.arch: 'amd64', os.version: '10.0', java.version: '16.0.1'
Driver info: org.openqa.selenium.chrome.ChromeDriver
Capabilities {acceptInsecureCerts: false, browserName: chrome, browserVersion: 95.0.4638.69, chrome: {chromedriverVersion: 95.0.4638.17 (a9d0719444d4b..., userDataDir: C:\Users\Pramod\AppData\Loc...}, goog:chromeOptions: {debuggerAddress: localhost:57540}, javascriptEnabled: true, networkConnectionEnabled: false, pageLoadStrategy: normal, platform: WINDOWS, platformName: WINDOWS, proxy: Proxy(), setWindowRect: true, strictFileInteractability: false, timeouts: {implicit: 0, pageLoad: 300000, script: 30000}, unhandledPromptBehavior: dismiss and notify, webauthn:extension:credBlob: true, webauthn:extension:largeBlob: true, webauthn:virtualAuthenticators: true}
Session ID: afbca6753375d9d83a9b3c9f9177097b
