[INFO ][03-Aug-2023 17:59:23 pm] Selenium_Wrapper.openBrowser:(48) - Opening chrome browser.
[INFO ][03-Aug-2023 17:59:31 pm] Selenium_Wrapper.enterURL:(82) - Entering url :https://macu1--tst1.custhelp.com/app/home
[INFO ][03-Aug-2023 17:59:36 pm] Selenium_Wrapper.enterText:(311) - Entering Text :swamyk in WebElement :[[ChromeDriver: chrome on WINDOWS (12c961f497b29fd9a4f060ecc6e856a6)] -> id: rn_LoginForm_2_Username]
[INFO ][03-Aug-2023 17:59:37 pm] Selenium_Wrapper.enterText:(311) - Entering Text :Soft@123 in WebElement :[[ChromeDriver: chrome on WINDOWS (12c961f497b29fd9a4f060ecc6e856a6)] -> id: rn_LoginForm_2_Password]
[INFO ][03-Aug-2023 17:59:44 pm] Selenium_Wrapper.click:(199) - Clicking on :[[ChromeDriver: chrome on WINDOWS (12c961f497b29fd9a4f060ecc6e856a6)] -> id: rn_LoginForm_2_Submit]
[INFO ][03-Aug-2023 17:59:53 pm] Selenium_Wrapper.click:(199) - Clicking on :[[ChromeDriver: chrome on WINDOWS (12c961f497b29fd9a4f060ecc6e856a6)] -> xpath: //input[@type='search']]
[INFO ][03-Aug-2023 17:59:54 pm] Selenium_Wrapper.enterText:(311) - Entering Text :Business Auto Loan in WebElement :[[ChromeDriver: chrome on WINDOWS (12c961f497b29fd9a4f060ecc6e856a6)] -> xpath: //input[@type='search']]
[ERROR][03-Aug-2023 17:59:57 pm] Selenium_Wrapper.highlightWebElement:(417) - org.openqa.selenium.NoSuchElementException: no such element: Unable to locate element: {"method":"xpath","selector":"//ul[@aria-label='Suggested Search']//li[normalize-space()= 'Business Auto Loan' ]"}
  (Session info: chrome=115.0.5790.110)
For documentation on this error, please visit: https://www.seleniumhq.org/exceptions/no_such_element.html
Build info: version: '3.141.59', revision: 'e82be7d358', time: '2018-11-14T08:17:03'
System info: host: 'CAF-QA-SWAMYK', ip: '192.168.0.6', os.name: 'Windows 10', os.arch: 'amd64', os.version: '10.0', java.version: '17.0.5'
Driver info: org.openqa.selenium.chrome.ChromeDriver
Capabilities {acceptInsecureCerts: false, browserName: chrome, browserVersion: 115.0.5790.110, chrome: {chromedriverVersion: 114.0.5735.90 (386bc09e8f4f..., userDataDir: C:\Users\swamyk\AppData\Loc...}, goog:chromeOptions: {debuggerAddress: localhost:64064}, javascriptEnabled: true, networkConnectionEnabled: false, pageLoadStrategy: normal, platform: WINDOWS, platformName: WINDOWS, proxy: Proxy(), setWindowRect: true, strictFileInteractability: false, timeouts: {implicit: 0, pageLoad: 300000, script: 30000}, unhandledPromptBehavior: dismiss and notify, webauthn:extension:credBlob: true, webauthn:extension:largeBlob: true, webauthn:extension:minPinLength: true, webauthn:extension:prf: true, webauthn:virtualAuthenticators: true}
Session ID: 12c961f497b29fd9a4f060ecc6e856a6
*** Element info: {Using=xpath, value=//ul[@aria-label='Suggested Search']//li[normalize-space()= 'Business Auto Loan' ]}
[ERROR][03-Aug-2023 18:00:02 pm] ArticlePage.testSearchPage:(35) - Search and Select Article Test case is un-successfull
[ERROR][03-Aug-2023 18:00:06 pm] ArticlePage.testBookmarkArticle:(92) - Bookmark Article Test case is un-successfull
[ERROR][03-Aug-2023 18:00:14 pm] ArticlePage.testShareEmail:(131) - Share Email Test case is un-successfull
[INFO ][03-Aug-2023 18:00:24 pm] Selenium_Wrapper.click:(199) - Clicking on :[[ChromeDriver: chrome on WINDOWS (12c961f497b29fd9a4f060ecc6e856a6)] -> xpath: //input[@type='search']]
[INFO ][03-Aug-2023 18:00:26 pm] Selenium_Wrapper.enterText:(311) - Entering Text :COVID-19 Critical Updates in WebElement :[[ChromeDriver: chrome on WINDOWS (12c961f497b29fd9a4f060ecc6e856a6)] -> xpath: //input[@type='search']]
[INFO ][03-Aug-2023 18:00:43 pm] Selenium_Wrapper.click:(199) - Clicking on :[[ChromeDriver: chrome on WINDOWS (12c961f497b29fd9a4f060ecc6e856a6)] -> xpath: //ul[@aria-label='Suggested Search']//li[normalize-space()='COVID-19 Critical Updates']]
[INFO ][03-Aug-2023 18:00:50 pm] Selenium_Wrapper.click:(199) - Clicking on :[[ChromeDriver: chrome on WINDOWS (12c961f497b29fd9a4f060ecc6e856a6)] -> xpath: //div[@class='rn_SearchResultContent']//a[text()='COVID-19 Critical Updates']]
[ERROR][03-Aug-2023 18:01:43 pm] Selenium_Wrapper.scrollToWebElement:(487) - org.openqa.selenium.NoSuchElementException: no such element: Unable to locate element: {"method":"xpath","selector":"//h5[@class='recently-viewed']//bold[text()='Recently Viewed']"}
  (Session info: chrome=115.0.5790.110)
For documentation on this error, please visit: https://www.seleniumhq.org/exceptions/no_such_element.html
Build info: version: '3.141.59', revision: 'e82be7d358', time: '2018-11-14T08:17:03'
System info: host: 'CAF-QA-SWAMYK', ip: '192.168.0.6', os.name: 'Windows 10', os.arch: 'amd64', os.version: '10.0', java.version: '17.0.5'
Driver info: org.openqa.selenium.chrome.ChromeDriver
Capabilities {acceptInsecureCerts: false, browserName: chrome, browserVersion: 115.0.5790.110, chrome: {chromedriverVersion: 114.0.5735.90 (386bc09e8f4f..., userDataDir: C:\Users\swamyk\AppData\Loc...}, goog:chromeOptions: {debuggerAddress: localhost:64064}, javascriptEnabled: true, networkConnectionEnabled: false, pageLoadStrategy: normal, platform: WINDOWS, platformName: WINDOWS, proxy: Proxy(), setWindowRect: true, strictFileInteractability: false, timeouts: {implicit: 0, pageLoad: 300000, script: 30000}, unhandledPromptBehavior: dismiss and notify, webauthn:extension:credBlob: true, webauthn:extension:largeBlob: true, webauthn:extension:minPinLength: true, webauthn:extension:prf: true, webauthn:virtualAuthenticators: true}
Session ID: 12c961f497b29fd9a4f060ecc6e856a6
*** Element info: {Using=xpath, value=//h5[@class='recently-viewed']//bold[text()='Recently Viewed']}
[ERROR][03-Aug-2023 18:01:43 pm] ArticlePage.testRequests:(198) - testRequests Test case is un-successfull
[INFO ][03-Aug-2023 18:01:47 pm] Selenium_Wrapper.closeCurrentBrowser:(651) - Closing the current Browser
