[INFO ][09-Aug-2023 18:27:06 pm] Selenium_Wrapper.openBrowser:(48) - Opening chrome browser.
[INFO ][09-Aug-2023 18:27:11 pm] Selenium_Wrapper.enterURL:(82) - Entering url :https://macu1--tst1.custhelp.com/app/home
[INFO ][09-Aug-2023 18:27:16 pm] Selenium_Wrapper.enterText:(311) - Entering Text :swamyk in WebElement :[[ChromeDriver: chrome on WINDOWS (2feff5a456f19ee344ce2958c805f20d)] -> id: rn_LoginForm_2_Username]
[INFO ][09-Aug-2023 18:27:17 pm] Selenium_Wrapper.enterText:(311) - Entering Text :Soft@123 in WebElement :[[ChromeDriver: chrome on WINDOWS (2feff5a456f19ee344ce2958c805f20d)] -> id: rn_LoginForm_2_Password]
[INFO ][09-Aug-2023 18:27:24 pm] Selenium_Wrapper.click:(199) - Clicking on :[[ChromeDriver: chrome on WINDOWS (2feff5a456f19ee344ce2958c805f20d)] -> id: rn_LoginForm_2_Submit]
[INFO ][09-Aug-2023 18:27:42 pm] Selenium_Wrapper.openBrowser:(48) - Opening chrome browser.
[INFO ][09-Aug-2023 18:27:47 pm] Selenium_Wrapper.enterURL:(82) - Entering url :https://macu1--tst1.custhelp.com/app/home
[INFO ][09-Aug-2023 18:27:52 pm] Selenium_Wrapper.enterText:(311) - Entering Text :swamyk in WebElement :[[ChromeDriver: chrome on WINDOWS (38c3ed7bc156ed7cd2b7f3e0ca07ea61)] -> id: rn_LoginForm_2_Username]
[INFO ][09-Aug-2023 18:27:53 pm] Selenium_Wrapper.enterText:(311) - Entering Text :Soft@123 in WebElement :[[ChromeDriver: chrome on WINDOWS (38c3ed7bc156ed7cd2b7f3e0ca07ea61)] -> id: rn_LoginForm_2_Password]
[INFO ][09-Aug-2023 18:28:00 pm] Selenium_Wrapper.click:(199) - Clicking on :[[ChromeDriver: chrome on WINDOWS (38c3ed7bc156ed7cd2b7f3e0ca07ea61)] -> id: rn_LoginForm_2_Submit]
[INFO ][09-Aug-2023 18:28:23 pm] Selenium_Wrapper.click:(199) - Clicking on :[[ChromeDriver: chrome on WINDOWS (38c3ed7bc156ed7cd2b7f3e0ca07ea61)] -> xpath: //p[@class='search_text']//a[text()='browse all PAGES']]
[ERROR][09-Aug-2023 18:28:54 pm] HomePage.testSearchPage:(47) - Home Page - Heres What You Need To Know Test is un-successfull
[ERROR][09-Aug-2023 18:29:09 pm] Selenium_Wrapper.highlightWebElement:(417) - org.openqa.selenium.NoSuchElementException: no such element: Unable to locate element: {"method":"xpath","selector":"//h2[normalize-space()='TRENDING FOR']"}
  (Session info: chrome=115.0.5790.171)
For documentation on this error, please visit: https://www.seleniumhq.org/exceptions/no_such_element.html
Build info: version: '3.141.59', revision: 'e82be7d358', time: '2018-11-14T08:17:03'
System info: host: 'CAF-QA-SWAMYK', ip: '192.168.0.6', os.name: 'Windows 10', os.arch: 'amd64', os.version: '10.0', java.version: '17.0.5'
Driver info: org.openqa.selenium.chrome.ChromeDriver
Capabilities {acceptInsecureCerts: false, browserName: chrome, browserVersion: 115.0.5790.171, chrome: {chromedriverVersion: 114.0.5735.90 (386bc09e8f4f..., userDataDir: C:\Users\swamyk\AppData\Loc...}, goog:chromeOptions: {debuggerAddress: localhost:52996}, javascriptEnabled: true, networkConnectionEnabled: false, pageLoadStrategy: normal, platform: WINDOWS, platformName: WINDOWS, proxy: Proxy(), setWindowRect: true, strictFileInteractability: false, timeouts: {implicit: 0, pageLoad: 300000, script: 30000}, unhandledPromptBehavior: dismiss and notify, webauthn:extension:credBlob: true, webauthn:extension:largeBlob: true, webauthn:extension:minPinLength: true, webauthn:extension:prf: true, webauthn:virtualAuthenticators: true}
Session ID: 38c3ed7bc156ed7cd2b7f3e0ca07ea61
*** Element info: {Using=xpath, value=//h2[normalize-space()='TRENDING FOR']}
[INFO ][09-Aug-2023 18:29:20 pm] Selenium_Wrapper.click:(199) - Clicking on :[[ChromeDriver: chrome on WINDOWS (38c3ed7bc156ed7cd2b7f3e0ca07ea61)] -> xpath: //div[@id='rn_RequestUpdate_9_RecommendContent']//button]
[INFO ][09-Aug-2023 18:29:21 pm] Selenium_Wrapper.enterText:(311) - Entering Text :Test Improve, comments, updates in WebElement :[[ChromeDriver: chrome on WINDOWS (38c3ed7bc156ed7cd2b7f3e0ca07ea61)] -> xpath: //textarea[@id='rn_RequestUpdate_9_Description']]
[INFO ][09-Aug-2023 18:29:26 pm] Selenium_Wrapper.click:(199) - Clicking on :[[ChromeDriver: chrome on WINDOWS (38c3ed7bc156ed7cd2b7f3e0ca07ea61)] -> xpath: //span[@class='yui3-widget-buttons']//button[@class='yui3-button yui3-button-close']]
[ERROR][09-Aug-2023 18:29:29 pm] Selenium_Wrapper.highlightWebElement:(417) - org.openqa.selenium.NoSuchElementException: no such element: Unable to locate element: {"method":"css selector","selector":".emoji\ d\-flex"}
  (Session info: chrome=115.0.5790.171)
For documentation on this error, please visit: https://www.seleniumhq.org/exceptions/no_such_element.html
Build info: version: '3.141.59', revision: 'e82be7d358', time: '2018-11-14T08:17:03'
System info: host: 'CAF-QA-SWAMYK', ip: '192.168.0.6', os.name: 'Windows 10', os.arch: 'amd64', os.version: '10.0', java.version: '17.0.5'
Driver info: org.openqa.selenium.chrome.ChromeDriver
Capabilities {acceptInsecureCerts: false, browserName: chrome, browserVersion: 115.0.5790.171, chrome: {chromedriverVersion: 114.0.5735.90 (386bc09e8f4f..., userDataDir: C:\Users\swamyk\AppData\Loc...}, goog:chromeOptions: {debuggerAddress: localhost:52996}, javascriptEnabled: true, networkConnectionEnabled: false, pageLoadStrategy: normal, platform: WINDOWS, platformName: WINDOWS, proxy: Proxy(), setWindowRect: true, strictFileInteractability: false, timeouts: {implicit: 0, pageLoad: 300000, script: 30000}, unhandledPromptBehavior: dismiss and notify, webauthn:extension:credBlob: true, webauthn:extension:largeBlob: true, webauthn:extension:minPinLength: true, webauthn:extension:prf: true, webauthn:virtualAuthenticators: true}
Session ID: 38c3ed7bc156ed7cd2b7f3e0ca07ea61
*** Element info: {Using=class name, value=emoji d-flex}
[ERROR][09-Aug-2023 18:29:34 pm] HomePage.testemojis:(109) - Emojis- Smile & Sad Test is un-successfull
[INFO ][09-Aug-2023 18:29:54 pm] Selenium_Wrapper.click:(199) - Clicking on :[[ChromeDriver: chrome on WINDOWS (38c3ed7bc156ed7cd2b7f3e0ca07ea61)] -> xpath: //h2[@class='footer_heading']/a[text()='Browse all pages']]
[ERROR][09-Aug-2023 18:30:24 pm] HomePage.testFooterLinks:(139) - Footer Links Test is un-successfull
