[INFO ][09-Aug-2023 18:36:26 pm] Selenium_Wrapper.openBrowser:(48) - Opening chrome browser.
[INFO ][09-Aug-2023 18:36:32 pm] Selenium_Wrapper.enterURL:(82) - Entering url :https://macu1--tst1.custhelp.com/app/home
[INFO ][09-Aug-2023 18:36:36 pm] Selenium_Wrapper.enterText:(311) - Entering Text :swamyk in WebElement :[[ChromeDriver: chrome on WINDOWS (91ec49d1ec0931e263f4bbb7465fe84a)] -> id: rn_LoginForm_2_Username]
[INFO ][09-Aug-2023 18:36:37 pm] Selenium_Wrapper.enterText:(311) - Entering Text :Soft@123 in WebElement :[[ChromeDriver: chrome on WINDOWS (91ec49d1ec0931e263f4bbb7465fe84a)] -> id: rn_LoginForm_2_Password]
[INFO ][09-Aug-2023 18:36:44 pm] Selenium_Wrapper.click:(199) - Clicking on :[[ChromeDriver: chrome on WINDOWS (91ec49d1ec0931e263f4bbb7465fe84a)] -> id: rn_LoginForm_2_Submit]
[INFO ][09-Aug-2023 18:37:07 pm] Selenium_Wrapper.click:(199) - Clicking on :[[ChromeDriver: chrome on WINDOWS (91ec49d1ec0931e263f4bbb7465fe84a)] -> xpath: //p[@class='search_text']//a[text()='browse all PAGES']]
[ERROR][09-Aug-2023 18:37:33 pm] HomePage.testSearchPage:(47) - Home Page - Heres What You Need To Know Test is un-successfull
[ERROR][09-Aug-2023 18:37:47 pm] Selenium_Wrapper.highlightWebElement:(417) - org.openqa.selenium.NoSuchElementException: no such element: Unable to locate element: {"method":"xpath","selector":"//h2[normalize-space()='TRENDING FOR']"}
  (Session info: chrome=115.0.5790.171)
For documentation on this error, please visit: https://www.seleniumhq.org/exceptions/no_such_element.html
Build info: version: '3.141.59', revision: 'e82be7d358', time: '2018-11-14T08:17:03'
System info: host: 'CAF-QA-SWAMYK', ip: '192.168.0.6', os.name: 'Windows 10', os.arch: 'amd64', os.version: '10.0', java.version: '17.0.5'
Driver info: org.openqa.selenium.chrome.ChromeDriver
Capabilities {acceptInsecureCerts: false, browserName: chrome, browserVersion: 115.0.5790.171, chrome: {chromedriverVersion: 114.0.5735.90 (386bc09e8f4f..., userDataDir: C:\Users\swamyk\AppData\Loc...}, goog:chromeOptions: {debuggerAddress: localhost:54527}, javascriptEnabled: true, networkConnectionEnabled: false, pageLoadStrategy: normal, platform: WINDOWS, platformName: WINDOWS, proxy: Proxy(), setWindowRect: true, strictFileInteractability: false, timeouts: {implicit: 0, pageLoad: 300000, script: 30000}, unhandledPromptBehavior: dismiss and notify, webauthn:extension:credBlob: true, webauthn:extension:largeBlob: true, webauthn:extension:minPinLength: true, webauthn:extension:prf: true, webauthn:virtualAuthenticators: true}
Session ID: 91ec49d1ec0931e263f4bbb7465fe84a
*** Element info: {Using=xpath, value=//h2[normalize-space()='TRENDING FOR']}
[INFO ][09-Aug-2023 18:37:58 pm] Selenium_Wrapper.click:(199) - Clicking on :[[ChromeDriver: chrome on WINDOWS (91ec49d1ec0931e263f4bbb7465fe84a)] -> xpath: //div[@id='rn_RequestUpdate_9_RecommendContent']//button]
[INFO ][09-Aug-2023 18:37:59 pm] Selenium_Wrapper.enterText:(311) - Entering Text :Test Improve, comments, updates in WebElement :[[ChromeDriver: chrome on WINDOWS (91ec49d1ec0931e263f4bbb7465fe84a)] -> xpath: //textarea[@id='rn_RequestUpdate_9_Description']]
[ERROR][09-Aug-2023 18:38:19 pm] HomePage.testHelpUsImprove:(94) - Help us improve Send us a note Test is un-successfull
[ERROR][09-Aug-2023 18:38:19 pm] Selenium_Wrapper.scrollToWebElement:(487) - org.openqa.selenium.NoSuchElementException: no such element: Unable to locate element: {"method":"xpath","selector":"//h2[normalize-space()='NEW & UPDATED FOR YOU']"}
  (Session info: chrome=115.0.5790.171)
For documentation on this error, please visit: https://www.seleniumhq.org/exceptions/no_such_element.html
Build info: version: '3.141.59', revision: 'e82be7d358', time: '2018-11-14T08:17:03'
System info: host: 'CAF-QA-SWAMYK', ip: '192.168.0.6', os.name: 'Windows 10', os.arch: 'amd64', os.version: '10.0', java.version: '17.0.5'
Driver info: org.openqa.selenium.chrome.ChromeDriver
Capabilities {acceptInsecureCerts: false, browserName: chrome, browserVersion: 115.0.5790.171, chrome: {chromedriverVersion: 114.0.5735.90 (386bc09e8f4f..., userDataDir: C:\Users\swamyk\AppData\Loc...}, goog:chromeOptions: {debuggerAddress: localhost:54527}, javascriptEnabled: true, networkConnectionEnabled: false, pageLoadStrategy: normal, platform: WINDOWS, platformName: WINDOWS, proxy: Proxy(), setWindowRect: true, strictFileInteractability: false, timeouts: {implicit: 0, pageLoad: 300000, script: 30000}, unhandledPromptBehavior: dismiss and notify, webauthn:extension:credBlob: true, webauthn:extension:largeBlob: true, webauthn:extension:minPinLength: true, webauthn:extension:prf: true, webauthn:virtualAuthenticators: true}
Session ID: 91ec49d1ec0931e263f4bbb7465fe84a
*** Element info: {Using=xpath, value=//h2[normalize-space()='NEW & UPDATED FOR YOU']}
[ERROR][09-Aug-2023 18:38:19 pm] HomePage.testemojis:(109) - Emojis- Smile & Sad Test is un-successfull
[INFO ][09-Aug-2023 18:38:39 pm] Selenium_Wrapper.click:(199) - Clicking on :[[ChromeDriver: chrome on WINDOWS (91ec49d1ec0931e263f4bbb7465fe84a)] -> xpath: //h2[@class='footer_heading']/a[text()='Browse all pages']]
[ERROR][09-Aug-2023 18:39:06 pm] HomePage.testFooterLinks:(139) - Footer Links Test is un-successfull
