[INFO ][24-Feb-2023 19:00:41 PM] Selenium_Wrapper.openBrowser:(48) - Opening chrome browser.
[INFO ][24-Feb-2023 19:00:45 PM] Selenium_Wrapper.enterURL:(82) - Entering url :https://macu1--upgrade.custhelp.com/
[INFO ][24-Feb-2023 19:00:49 PM] Selenium_Wrapper.enterText:(311) - Entering Text :automation_testing in WebElement :[[ChromeDriver: chrome on WINDOWS (46b1b7906a623b2cfe0765d229118d13)] -> id: rn_LoginForm_2_Username]
[INFO ][24-Feb-2023 19:00:50 PM] Selenium_Wrapper.enterText:(311) - Entering Text :Soft@123 in WebElement :[[ChromeDriver: chrome on WINDOWS (46b1b7906a623b2cfe0765d229118d13)] -> id: rn_LoginForm_2_Password]
[INFO ][24-Feb-2023 19:00:57 PM] Selenium_Wrapper.click:(199) - Clicking on :[[ChromeDriver: chrome on WINDOWS (46b1b7906a623b2cfe0765d229118d13)] -> id: rn_LoginForm_2_Submit]
[INFO ][24-Feb-2023 19:01:07 PM] Selenium_Wrapper.click:(199) - Clicking on :[[ChromeDriver: chrome on WINDOWS (46b1b7906a623b2cfe0765d229118d13)] -> xpath: //input[@type='search']]
[INFO ][24-Feb-2023 19:01:08 PM] Selenium_Wrapper.enterText:(311) - Entering Text :Business Auto Loan in WebElement :[[ChromeDriver: chrome on WINDOWS (46b1b7906a623b2cfe0765d229118d13)] -> xpath: //input[@type='search']]
[INFO ][24-Feb-2023 19:01:22 PM] Selenium_Wrapper.click:(199) - Clicking on :[[ChromeDriver: chrome on WINDOWS (46b1b7906a623b2cfe0765d229118d13)] -> xpath: //ul[@aria-label='Suggested Search']//li[normalize-space()= 'Business Auto Loan' ]]
[INFO ][24-Feb-2023 19:01:29 PM] Selenium_Wrapper.click:(199) - Clicking on :[[ChromeDriver: chrome on WINDOWS (46b1b7906a623b2cfe0765d229118d13)] -> xpath: //div[@class='rn_SearchResultContent']//a[text()='Business Auto Loan']]
[INFO ][24-Feb-2023 19:01:57 PM] Selenium_Wrapper.click:(199) - Clicking on :[[ChromeDriver: chrome on WINDOWS (46b1b7906a623b2cfe0765d229118d13)] -> xpath: //a[@class='add_bookmarkButton']//img[@class='bookmark_icon_blank']]
[INFO ][24-Feb-2023 19:02:05 PM] Selenium_Wrapper.click:(199) - Clicking on :[[ChromeDriver: chrome on WINDOWS (46b1b7906a623b2cfe0765d229118d13)] -> xpath: //div[@class='dropdown']]
[INFO ][24-Feb-2023 19:02:13 PM] Selenium_Wrapper.click:(199) - Clicking on :[[ChromeDriver: chrome on WINDOWS (46b1b7906a623b2cfe0765d229118d13)] -> xpath: //div[@class='data Custom-data']//a[text()='My Bookmarks']]
[INFO ][24-Feb-2023 19:02:34 PM] Selenium_Wrapper.click:(199) - Clicking on :[[ChromeDriver: chrome on WINDOWS (46b1b7906a623b2cfe0765d229118d13)] -> xpath: //a[contains(text(),'Business Auto Loan')]//parent::div[@class='rn_Notification_Info']//following-sibling::div[@class='rn_Notification_Actions']//button[@class='rn_Notification_Delete']//img[@class='bookmark_del_ico']]
[INFO ][24-Feb-2023 19:02:56 PM] Selenium_Wrapper.click:(199) - Clicking on :[[ChromeDriver: chrome on WINDOWS (46b1b7906a623b2cfe0765d229118d13)] -> class name: knowledge]
[INFO ][24-Feb-2023 19:03:03 PM] Selenium_Wrapper.click:(199) - Clicking on :[[ChromeDriver: chrome on WINDOWS (46b1b7906a623b2cfe0765d229118d13)] -> xpath: //input[@type='search']]
[INFO ][24-Feb-2023 19:03:04 PM] Selenium_Wrapper.enterText:(311) - Entering Text :Business Auto Loan in WebElement :[[ChromeDriver: chrome on WINDOWS (46b1b7906a623b2cfe0765d229118d13)] -> xpath: //input[@type='search']]
[INFO ][24-Feb-2023 19:03:12 PM] Selenium_Wrapper.click:(199) - Clicking on :[[ChromeDriver: chrome on WINDOWS (46b1b7906a623b2cfe0765d229118d13)] -> xpath: //ul[@aria-label='Suggested Search']//li[normalize-space()= 'Business Auto Loan' ]]
[INFO ][24-Feb-2023 19:03:19 PM] Selenium_Wrapper.click:(199) - Clicking on :[[ChromeDriver: chrome on WINDOWS (46b1b7906a623b2cfe0765d229118d13)] -> xpath: //div[@class='rn_SearchResultContent']//a[text()='Business Auto Loan']]
[INFO ][24-Feb-2023 19:03:29 PM] Selenium_Wrapper.click:(199) - Clicking on :[[ChromeDriver: chrome on WINDOWS (46b1b7906a623b2cfe0765d229118d13)] -> xpath: //div[contains(@class,'EmailAnswerLink')]//img[@class='share_icon_default']]
[INFO ][24-Feb-2023 19:03:35 PM] Selenium_Wrapper.click:(199) - Clicking on :[[ChromeDriver: chrome on WINDOWS (46b1b7906a623b2cfe0765d229118d13)] -> xpath: //div[@id='rnDialog1']//input[@class='select2-search__field']]
[INFO ][24-Feb-2023 19:03:36 PM] Selenium_Wrapper.enterText:(311) - Entering Text :Aaron Brown in WebElement :[[ChromeDriver: chrome on WINDOWS (46b1b7906a623b2cfe0765d229118d13)] -> xpath: //div[@id='rnDialog1']//input[@class='select2-search__field']]
[INFO ][24-Feb-2023 19:03:44 PM] Selenium_Wrapper.click:(199) - Clicking on :[[ChromeDriver: chrome on WINDOWS (46b1b7906a623b2cfe0765d229118d13)] -> xpath: //ul[@class='select2-results__options']//li[text()='Aaron Brown']]
[INFO ][24-Feb-2023 19:03:49 PM] Selenium_Wrapper.click:(199) - Clicking on :[[ChromeDriver: chrome on WINDOWS (46b1b7906a623b2cfe0765d229118d13)] -> xpath: //button[@class='yui3-button yui3-button-close']]
[INFO ][24-Feb-2023 19:04:04 PM] Selenium_Wrapper.click:(199) - Clicking on :[[ChromeDriver: chrome on WINDOWS (46b1b7906a623b2cfe0765d229118d13)] -> xpath: //div[@id='formsResources_panel']//div[@id='formsResources_headingOne']]
[INFO ][24-Feb-2023 19:04:19 PM] Selenium_Wrapper.clickUsingActions:(249) - Clicking on :[[ChromeDriver: chrome on WINDOWS (46b1b7906a623b2cfe0765d229118d13)] -> xpath: (//ul[@class='formsResources']//ul//li/a)[2]]
[ERROR][24-Feb-2023 19:04:27 PM] ArticlePage.testShareEmail:(130) - Share Email Test case is un-successfull
[ERROR][24-Feb-2023 19:04:37 PM] ArticlePage.testSearchArticle:(148) - Search Existing Article Test case is un-successfull
[ERROR][24-Feb-2023 19:04:39 PM] Selenium_Wrapper.scrollToWebElement:(487) - org.openqa.selenium.NoSuchElementException: no such element: Unable to locate element: {"method":"css selector","selector":".knowledge"}
  (Session info: chrome=110.0.5481.177)
For documentation on this error, please visit: https://www.seleniumhq.org/exceptions/no_such_element.html
Build info: version: '3.141.59', revision: 'e82be7d358', time: '2018-11-14T08:17:03'
System info: host: 'QA-SWAMYK', ip: '192.168.0.3', os.name: 'Windows 10', os.arch: 'amd64', os.version: '10.0', java.version: '11.0.10'
Driver info: org.openqa.selenium.chrome.ChromeDriver
Capabilities {acceptInsecureCerts: false, browserName: chrome, browserVersion: 110.0.5481.177, chrome: {chromedriverVersion: 110.0.5481.77 (65ed616c6e8e..., userDataDir: C:\Users\SWAMYK~1\AppData\L...}, goog:chromeOptions: {debuggerAddress: localhost:53905}, javascriptEnabled: true, networkConnectionEnabled: false, pageLoadStrategy: normal, platform: WINDOWS, platformName: WINDOWS, proxy: Proxy(), setWindowRect: true, strictFileInteractability: false, timeouts: {implicit: 0, pageLoad: 300000, script: 30000}, unhandledPromptBehavior: dismiss and notify, webauthn:extension:credBlob: true, webauthn:extension:largeBlob: true, webauthn:virtualAuthenticators: true}
Session ID: 46b1b7906a623b2cfe0765d229118d13
*** Element info: {Using=class name, value=knowledge}
[ERROR][24-Feb-2023 19:04:39 PM] ArticlePage.testRequests:(197) - testRequests Test case is un-successfull
