[INFO ][04-Sep-2022 19:01:08 PM] Selenium_Wrapper.openBrowser:(48) - Opening chrome browser.
[INFO ][04-Sep-2022 19:01:14 PM] Selenium_Wrapper.enterURL:(82) - Entering url :https://macu1--upgrade.custhelp.com/
[INFO ][04-Sep-2022 19:01:18 PM] Selenium_Wrapper.enterText:(311) - Entering Text :pramodk in WebElement :[[ChromeDriver: chrome on WINDOWS (0e3636e4bccd19fdcf9c501f912d0354)] -> id: rn_LoginForm_2_Username]
[INFO ][04-Sep-2022 19:01:19 PM] Selenium_Wrapper.enterText:(311) - Entering Text :Soft@123 in WebElement :[[ChromeDriver: chrome on WINDOWS (0e3636e4bccd19fdcf9c501f912d0354)] -> id: rn_LoginForm_2_Password]
[INFO ][04-Sep-2022 19:01:27 PM] Selenium_Wrapper.click:(199) - Clicking on :[[ChromeDriver: chrome on WINDOWS (0e3636e4bccd19fdcf9c501f912d0354)] -> id: rn_LoginForm_2_Submit]
[INFO ][04-Sep-2022 19:01:39 PM] Selenium_Wrapper.click:(199) - Clicking on :[[ChromeDriver: chrome on WINDOWS (0e3636e4bccd19fdcf9c501f912d0354)] -> xpath: //input[@type='search']]
[INFO ][04-Sep-2022 19:01:40 PM] Selenium_Wrapper.enterText:(311) - Entering Text :Auto Loan in WebElement :[[ChromeDriver: chrome on WINDOWS (0e3636e4bccd19fdcf9c501f912d0354)] -> xpath: //input[@type='search']]
[INFO ][04-Sep-2022 19:01:59 PM] Selenium_Wrapper.click:(199) - Clicking on :[[ChromeDriver: chrome on WINDOWS (0e3636e4bccd19fdcf9c501f912d0354)] -> xpath: //ul[@aria-label='Suggested Search']//li[normalize-space()= 'Auto Loan' ]]
[INFO ][04-Sep-2022 19:02:06 PM] Selenium_Wrapper.click:(199) - Clicking on :[[ChromeDriver: chrome on WINDOWS (0e3636e4bccd19fdcf9c501f912d0354)] -> xpath: //div[@class='rn_SearchResultContent']//a[text()='Auto Loan']]
[INFO ][04-Sep-2022 19:02:27 PM] Selenium_Wrapper.click:(199) - Clicking on :[[ChromeDriver: chrome on WINDOWS (0e3636e4bccd19fdcf9c501f912d0354)] -> xpath: //button[@class='rn_RecommendContentButton p-0']]
[ERROR][04-Sep-2022 19:02:32 PM] FeedbackAdmin.testFeedbackPage:(71) - Request Updates, Comments, Thumbs Up & Down Test is un-successfull
[ERROR][04-Sep-2022 19:03:00 PM] FeedbackAdmin.testMyFeedbackStatus:(106) - My Feedback Article Status in CP Test is un-successfull
[INFO ][04-Sep-2022 19:03:01 PM] Selenium_Wrapper.openBrowser:(48) - Opening chrome browser.
[ERROR][04-Sep-2022 19:03:17 PM] MACU_Wrapper.signIntoBUI:(37) - Error in the loginin process
[ERROR][04-Sep-2022 19:03:35 PM] FeedbackAdmin.testNavigateToFeedBackAdminReportFlow:(129) - Navigate To Article un-successfull
[ERROR][04-Sep-2022 19:03:46 PM] FeedbackAdmin.testSelectingandGivingAsnwerstoReportFlow:(221) - Selecting and Giving Asnwers to Report- un-successfull
[ERROR][04-Sep-2022 19:04:03 PM] FeedbackAdmin.testSignout:(240) - Logout/SignOut un-successfull
