[INFO ][04-Sep-2022 19:10:47 PM] Selenium_Wrapper.openBrowser:(48) - Opening chrome browser.
[INFO ][04-Sep-2022 19:10:55 PM] Selenium_Wrapper.enterURL:(82) - Entering url :https://macu1--upgrade.custhelp.com/
[INFO ][04-Sep-2022 19:10:59 PM] Selenium_Wrapper.enterText:(311) - Entering Text :pramodk in WebElement :[[ChromeDriver: chrome on WINDOWS (cadf29936b792b00d9c4c266c88c084c)] -> id: rn_LoginForm_2_Username]
[INFO ][04-Sep-2022 19:11:00 PM] Selenium_Wrapper.enterText:(311) - Entering Text :Soft@123 in WebElement :[[ChromeDriver: chrome on WINDOWS (cadf29936b792b00d9c4c266c88c084c)] -> id: rn_LoginForm_2_Password]
[INFO ][04-Sep-2022 19:11:08 PM] Selenium_Wrapper.click:(199) - Clicking on :[[ChromeDriver: chrome on WINDOWS (cadf29936b792b00d9c4c266c88c084c)] -> id: rn_LoginForm_2_Submit]
[INFO ][04-Sep-2022 19:11:21 PM] Selenium_Wrapper.click:(199) - Clicking on :[[ChromeDriver: chrome on WINDOWS (cadf29936b792b00d9c4c266c88c084c)] -> xpath: //input[@type='search']]
[INFO ][04-Sep-2022 19:11:23 PM] Selenium_Wrapper.enterText:(311) - Entering Text :Auto Loan in WebElement :[[ChromeDriver: chrome on WINDOWS (cadf29936b792b00d9c4c266c88c084c)] -> xpath: //input[@type='search']]
[INFO ][04-Sep-2022 19:11:40 PM] Selenium_Wrapper.click:(199) - Clicking on :[[ChromeDriver: chrome on WINDOWS (cadf29936b792b00d9c4c266c88c084c)] -> xpath: //ul[@aria-label='Suggested Search']//li[normalize-space()= 'Auto Loan' ]]
[INFO ][04-Sep-2022 19:11:47 PM] Selenium_Wrapper.click:(199) - Clicking on :[[ChromeDriver: chrome on WINDOWS (cadf29936b792b00d9c4c266c88c084c)] -> xpath: //div[@class='rn_SearchResultContent']//a[text()='Auto Loan']]
[ERROR][04-Sep-2022 19:13:43 PM] Selenium_Wrapper.getWebElement:(124) - org.openqa.selenium.TimeoutException: Expected condition failed: waiting for visibility of [[ChromeDriver: chrome on WINDOWS (cadf29936b792b00d9c4c266c88c084c)] -> id: rn_AnswerRating_3_22_FeedbackMessage] (tried for 100 second(s) with 500 milliseconds interval)
Build info: version: '3.141.59', revision: 'e82be7d358', time: '2018-11-14T08:17:03'
System info: host: 'QA-SWAMYK', ip: '192.168.0.4', os.name: 'Windows 10', os.arch: 'amd64', os.version: '10.0', java.version: '11.0.10'
Driver info: org.openqa.selenium.chrome.ChromeDriver
Capabilities {acceptInsecureCerts: false, browserName: chrome, browserVersion: 105.0.5195.102, chrome: {chromedriverVersion: 105.0.5195.52 (412c95e51883..., userDataDir: C:\Users\SWAMYK~1\AppData\L...}, goog:chromeOptions: {debuggerAddress: localhost:57191}, javascriptEnabled: true, networkConnectionEnabled: false, pageLoadStrategy: normal, platform: WINDOWS, platformName: WINDOWS, proxy: Proxy(), setWindowRect: true, strictFileInteractability: false, timeouts: {implicit: 0, pageLoad: 300000, script: 30000}, unhandledPromptBehavior: dismiss and notify, webauthn:extension:credBlob: true, webauthn:extension:largeBlob: true, webauthn:virtualAuthenticators: true}
Session ID: cadf29936b792b00d9c4c266c88c084c
[ERROR][04-Sep-2022 19:13:43 PM] FeedbackAdmin.testFeedbackPage:(77) - Request Updates, Comments, Thumbs Up & Down Test is un-successfull
[INFO ][04-Sep-2022 19:13:51 PM] Selenium_Wrapper.click:(199) - Clicking on :[[ChromeDriver: chrome on WINDOWS (cadf29936b792b00d9c4c266c88c084c)] -> xpath: //div[@class='dropdown']]
[INFO ][04-Sep-2022 19:14:01 PM] Selenium_Wrapper.click:(199) - Clicking on :[[ChromeDriver: chrome on WINDOWS (cadf29936b792b00d9c4c266c88c084c)] -> xpath: //a[text()='My Feedback']]
[INFO ][04-Sep-2022 19:14:02 PM] Selenium_Wrapper.enterText:(311) - Entering Text :Auto Loan in WebElement :[[ChromeDriver: chrome on WINDOWS (cadf29936b792b00d9c4c266c88c084c)] -> xpath: //input[@placeholder='Search Your Feedback Report']]
[ERROR][04-Sep-2022 19:14:08 PM] Selenium_Wrapper.highlightWebElement:(417) - org.openqa.selenium.NoSuchElementException: no such element: Unable to locate element: {"method":"xpath","selector":"//div[@class='rn_SearchInput1 mt-3']//span[@class='btn-srch-icon']//i[@class='fa fa-search']"}
  (Session info: chrome=105.0.5195.102)
For documentation on this error, please visit: https://www.seleniumhq.org/exceptions/no_such_element.html
Build info: version: '3.141.59', revision: 'e82be7d358', time: '2018-11-14T08:17:03'
System info: host: 'QA-SWAMYK', ip: '192.168.0.4', os.name: 'Windows 10', os.arch: 'amd64', os.version: '10.0', java.version: '11.0.10'
Driver info: org.openqa.selenium.chrome.ChromeDriver
Capabilities {acceptInsecureCerts: false, browserName: chrome, browserVersion: 105.0.5195.102, chrome: {chromedriverVersion: 105.0.5195.52 (412c95e51883..., userDataDir: C:\Users\SWAMYK~1\AppData\L...}, goog:chromeOptions: {debuggerAddress: localhost:57191}, javascriptEnabled: true, networkConnectionEnabled: false, pageLoadStrategy: normal, platform: WINDOWS, platformName: WINDOWS, proxy: Proxy(), setWindowRect: true, strictFileInteractability: false, timeouts: {implicit: 0, pageLoad: 300000, script: 30000}, unhandledPromptBehavior: dismiss and notify, webauthn:extension:credBlob: true, webauthn:extension:largeBlob: true, webauthn:virtualAuthenticators: true}
Session ID: cadf29936b792b00d9c4c266c88c084c
*** Element info: {Using=xpath, value=//div[@class='rn_SearchInput1 mt-3']//span[@class='btn-srch-icon']//i[@class='fa fa-search']}
[ERROR][04-Sep-2022 19:14:14 PM] FeedbackAdmin.testMyFeedbackStatus:(112) - My Feedback Article Status in CP Test is un-successfull
[INFO ][04-Sep-2022 19:14:15 PM] Selenium_Wrapper.openBrowser:(48) - Opening chrome browser.
[INFO ][04-Sep-2022 19:14:18 PM] Selenium_Wrapper.enterURL:(82) - Entering url :https://macu1--upgrade.custhelp.com/AgentWeb/
[INFO ][04-Sep-2022 19:14:23 PM] Selenium_Wrapper.enterText:(311) - Entering Text :RNT_pramod in WebElement :[[ChromeDriver: chrome on WINDOWS (e3b8ff8b7b8e3900d581e70b7fa66d4a)] -> id: username]
[INFO ][04-Sep-2022 19:14:24 PM] Selenium_Wrapper.enterText:(311) - Entering Text :Welcome123 in WebElement :[[ChromeDriver: chrome on WINDOWS (e3b8ff8b7b8e3900d581e70b7fa66d4a)] -> id: password]
[INFO ][04-Sep-2022 19:15:02 PM] Selenium_Wrapper.click:(199) - Clicking on :[[ChromeDriver: chrome on WINDOWS (e3b8ff8b7b8e3900d581e70b7fa66d4a)] -> id: loginbutton]
[ERROR][04-Sep-2022 19:15:10 PM] FeedbackAdmin.testNavigateToFeedBackAdminReportFlow:(135) - Navigate To Article un-successfull
[ERROR][04-Sep-2022 19:15:10 PM] FeedbackAdmin.testSelectingandGivingAsnwerstoReportFlow:(227) - Selecting and Giving Asnwers to Report- un-successfull
[ERROR][04-Sep-2022 19:16:57 PM] Selenium_Wrapper.getWebElement:(124) - org.openqa.selenium.TimeoutException: Expected condition failed: waiting for visibility of [[ChromeDriver: chrome on WINDOWS (e3b8ff8b7b8e3900d581e70b7fa66d4a)] -> xpath: //body//span[@id='initialsText']] (tried for 100 second(s) with 500 milliseconds interval)
Build info: version: '3.141.59', revision: 'e82be7d358', time: '2018-11-14T08:17:03'
System info: host: 'QA-SWAMYK', ip: '192.168.0.4', os.name: 'Windows 10', os.arch: 'amd64', os.version: '10.0', java.version: '11.0.10'
Driver info: org.openqa.selenium.chrome.ChromeDriver
Capabilities {acceptInsecureCerts: false, browserName: chrome, browserVersion: 105.0.5195.102, chrome: {chromedriverVersion: 105.0.5195.52 (412c95e51883..., userDataDir: C:\Users\SWAMYK~1\AppData\L...}, goog:chromeOptions: {debuggerAddress: localhost:57424}, javascriptEnabled: true, networkConnectionEnabled: false, pageLoadStrategy: normal, platform: WINDOWS, platformName: WINDOWS, proxy: Proxy(), setWindowRect: true, strictFileInteractability: false, timeouts: {implicit: 0, pageLoad: 300000, script: 30000}, unhandledPromptBehavior: dismiss and notify, webauthn:extension:credBlob: true, webauthn:extension:largeBlob: true, webauthn:virtualAuthenticators: true}
Session ID: e3b8ff8b7b8e3900d581e70b7fa66d4a
[ERROR][04-Sep-2022 19:16:57 PM] FeedbackAdmin.testSignout:(246) - Logout/SignOut un-successfull
