[INFO ][04-Sep-2022 19:13:43 PM] Selenium_Wrapper.openBrowser:(48) - Opening chrome browser.
[INFO ][04-Sep-2022 19:13:52 PM] Selenium_Wrapper.enterURL:(82) - Entering url :https://macu1--upgrade.custhelp.com/
[INFO ][04-Sep-2022 19:13:56 PM] Selenium_Wrapper.enterText:(311) - Entering Text :pramodk in WebElement :[[ChromeDriver: chrome on WINDOWS (2629701a18d1d466257ecbff0ebed543)] -> id: rn_LoginForm_2_Username]
[INFO ][04-Sep-2022 19:13:57 PM] Selenium_Wrapper.enterText:(311) - Entering Text :Soft@123 in WebElement :[[ChromeDriver: chrome on WINDOWS (2629701a18d1d466257ecbff0ebed543)] -> id: rn_LoginForm_2_Password]
[INFO ][04-Sep-2022 19:14:05 PM] Selenium_Wrapper.click:(199) - Clicking on :[[ChromeDriver: chrome on WINDOWS (2629701a18d1d466257ecbff0ebed543)] -> id: rn_LoginForm_2_Submit]
[INFO ][04-Sep-2022 19:14:21 PM] Selenium_Wrapper.click:(199) - Clicking on :[[ChromeDriver: chrome on WINDOWS (2629701a18d1d466257ecbff0ebed543)] -> xpath: //input[@type='search']]
[INFO ][04-Sep-2022 19:14:22 PM] Selenium_Wrapper.enterText:(311) - Entering Text :Auto Loan in WebElement :[[ChromeDriver: chrome on WINDOWS (2629701a18d1d466257ecbff0ebed543)] -> xpath: //input[@type='search']]
[INFO ][04-Sep-2022 19:14:40 PM] Selenium_Wrapper.click:(199) - Clicking on :[[ChromeDriver: chrome on WINDOWS (2629701a18d1d466257ecbff0ebed543)] -> xpath: //ul[@aria-label='Suggested Search']//li[normalize-space()= 'Auto Loan' ]]
[INFO ][04-Sep-2022 19:14:47 PM] Selenium_Wrapper.click:(199) - Clicking on :[[ChromeDriver: chrome on WINDOWS (2629701a18d1d466257ecbff0ebed543)] -> xpath: //div[@class='rn_SearchResultContent']//a[text()='Auto Loan']]
[INFO ][04-Sep-2022 19:15:09 PM] Selenium_Wrapper.click:(199) - Clicking on :[[ChromeDriver: chrome on WINDOWS (2629701a18d1d466257ecbff0ebed543)] -> xpath: //button[@class='rn_RecommendContentButton p-0']]
[ERROR][04-Sep-2022 19:15:10 PM] FeedbackAdmin.testFeedbackPage:(79) - Request Updates, Comments, Thumbs Up & Down Test is un-successfull
[ERROR][04-Sep-2022 19:20:36 PM] FeedbackAdmin.testMyFeedbackStatus:(114) - My Feedback Article Status in CP Test is un-successfull
[INFO ][04-Sep-2022 19:20:37 PM] Selenium_Wrapper.openBrowser:(48) - Opening chrome browser.
[INFO ][04-Sep-2022 19:20:43 PM] Selenium_Wrapper.enterURL:(82) - Entering url :https://macu1--upgrade.custhelp.com/AgentWeb/
[INFO ][04-Sep-2022 19:20:47 PM] Selenium_Wrapper.enterText:(311) - Entering Text :RNT_pramod in WebElement :[[ChromeDriver: chrome on WINDOWS (b955fdc3b1b927fb10ca9a38a9aa0c9b)] -> id: username]
[INFO ][04-Sep-2022 19:20:48 PM] Selenium_Wrapper.enterText:(311) - Entering Text :Welcome123 in WebElement :[[ChromeDriver: chrome on WINDOWS (b955fdc3b1b927fb10ca9a38a9aa0c9b)] -> id: password]
[ERROR][04-Sep-2022 19:21:05 PM] MACU_Wrapper.signIntoBUI:(37) - Error in the loginin process
[ERROR][04-Sep-2022 19:21:24 PM] FeedbackAdmin.testNavigateToFeedBackAdminReportFlow:(137) - Navigate To Article un-successfull
[ERROR][04-Sep-2022 19:21:34 PM] FeedbackAdmin.testSelectingandGivingAsnwerstoReportFlow:(229) - Selecting and Giving Asnwers to Report- un-successfull
