[INFO ][09-Aug-2023 19:11:56 pm] Selenium_Wrapper.openBrowser:(48) - Opening chrome browser.
[INFO ][09-Aug-2023 19:12:03 pm] Selenium_Wrapper.enterURL:(82) - Entering url :https://macu1--tst1.custhelp.com/app/home
[INFO ][09-Aug-2023 19:12:08 pm] Selenium_Wrapper.enterText:(311) - Entering Text :swamyk in WebElement :[[ChromeDriver: chrome on WINDOWS (98cfdc44f1a9b2d41269ce96e3383783)] -> id: rn_LoginForm_2_Username]
[INFO ][09-Aug-2023 19:12:09 pm] Selenium_Wrapper.enterText:(311) - Entering Text :Soft@123 in WebElement :[[ChromeDriver: chrome on WINDOWS (98cfdc44f1a9b2d41269ce96e3383783)] -> id: rn_LoginForm_2_Password]
[INFO ][09-Aug-2023 19:12:16 pm] Selenium_Wrapper.click:(199) - Clicking on :[[ChromeDriver: chrome on WINDOWS (98cfdc44f1a9b2d41269ce96e3383783)] -> id: rn_LoginForm_2_Submit]
[INFO ][09-Aug-2023 19:12:27 pm] Selenium_Wrapper.click:(199) - Clicking on :[[ChromeDriver: chrome on WINDOWS (98cfdc44f1a9b2d41269ce96e3383783)] -> xpath: //div[@class='dropdown']]
[INFO ][09-Aug-2023 19:12:51 pm] Selenium_Wrapper.click:(199) - Clicking on :[[ChromeDriver: chrome on WINDOWS (98cfdc44f1a9b2d41269ce96e3383783)] -> xpath: //a[text()='My Feedback']]
[INFO ][09-Aug-2023 19:12:52 pm] Selenium_Wrapper.enterText:(311) - Entering Text :Business Auto Loan - ALPS 1.0 in WebElement :[[ChromeDriver: chrome on WINDOWS (98cfdc44f1a9b2d41269ce96e3383783)] -> xpath: //input[@placeholder='Search Your Feedback Report']]
[INFO ][09-Aug-2023 19:13:06 pm] Selenium_Wrapper.click:(199) - Clicking on :[[ChromeDriver: chrome on WINDOWS (98cfdc44f1a9b2d41269ce96e3383783)] -> xpath: //div[@class='rn_SearchInput1 mt-3']//span[@class='btn-srch-icon']//i[@class='fa fa-search']]
[INFO ][09-Aug-2023 19:13:33 pm] Selenium_Wrapper.click:(199) - Clicking on :[[ChromeDriver: chrome on WINDOWS (98cfdc44f1a9b2d41269ce96e3383783)] -> xpath: //tr[@data-yui3-record='model_11']//td[@headers='Grid_6_c1']/a]
[ERROR][09-Aug-2023 19:13:47 pm] Selenium_Wrapper.highlightWebElement:(417) - org.openqa.selenium.NoSuchElementException: no such element: Unable to locate element: {"method":"xpath","selector":"//li//div[normalize-space()='Unresolved']"}
  (Session info: chrome=115.0.5790.171)
For documentation on this error, please visit: https://www.seleniumhq.org/exceptions/no_such_element.html
Build info: version: '3.141.59', revision: 'e82be7d358', time: '2018-11-14T08:17:03'
System info: host: 'CAF-QA-SWAMYK', ip: '192.168.0.6', os.name: 'Windows 10', os.arch: 'amd64', os.version: '10.0', java.version: '17.0.5'
Driver info: org.openqa.selenium.chrome.ChromeDriver
Capabilities {acceptInsecureCerts: false, browserName: chrome, browserVersion: 115.0.5790.171, chrome: {chromedriverVersion: 114.0.5735.90 (386bc09e8f4f..., userDataDir: C:\Users\swamyk\AppData\Loc...}, goog:chromeOptions: {debuggerAddress: localhost:58369}, javascriptEnabled: true, networkConnectionEnabled: false, pageLoadStrategy: normal, platform: WINDOWS, platformName: WINDOWS, proxy: Proxy(), setWindowRect: true, strictFileInteractability: false, timeouts: {implicit: 0, pageLoad: 300000, script: 30000}, unhandledPromptBehavior: dismiss and notify, webauthn:extension:credBlob: true, webauthn:extension:largeBlob: true, webauthn:extension:minPinLength: true, webauthn:extension:prf: true, webauthn:virtualAuthenticators: true}
Session ID: 98cfdc44f1a9b2d41269ce96e3383783
*** Element info: {Using=xpath, value=//li//div[normalize-space()='Unresolved']}
[INFO ][09-Aug-2023 19:14:05 pm] Selenium_Wrapper.click:(199) - Clicking on :[[ChromeDriver: chrome on WINDOWS (98cfdc44f1a9b2d41269ce96e3383783)] -> class name: knowledge]
[INFO ][09-Aug-2023 19:14:08 pm] Selenium_Wrapper.closeCurrentBrowser:(651) - Closing the current Browser
