[INFO ][08-Nov-2021 19:33:32 pm] Selenium_Wrapper.openBrowser:(48) - Opening chrome browser.
[INFO ][08-Nov-2021 19:33:37 pm] Selenium_Wrapper.enterURL:(82) - Entering url :https://macu1--tst.custhelp.com/AgentWeb/
[INFO ][08-Nov-2021 19:33:41 pm] Selenium_Wrapper.enterText:(311) - Entering Text :RNT_pramod in WebElement :[[ChromeDriver: chrome on WINDOWS (810dff24f0752acbca29ba5b2e84707a)] -> id: username]
[INFO ][08-Nov-2021 19:33:42 pm] Selenium_Wrapper.enterText:(311) - Entering Text :Welcome123 in WebElement :[[ChromeDriver: chrome on WINDOWS (810dff24f0752acbca29ba5b2e84707a)] -> id: password]
[INFO ][08-Nov-2021 19:34:11 pm] Selenium_Wrapper.click:(199) - Clicking on :[[ChromeDriver: chrome on WINDOWS (810dff24f0752acbca29ba5b2e84707a)] -> id: loginbutton]
[INFO ][08-Nov-2021 19:34:23 pm] Selenium_Wrapper.click:(199) - Clicking on :[[ChromeDriver: chrome on WINDOWS (810dff24f0752acbca29ba5b2e84707a)] -> id: navigationSetBtn]
[INFO ][08-Nov-2021 19:34:31 pm] Selenium_Wrapper.click:(199) - Clicking on :[[ChromeDriver: chrome on WINDOWS (810dff24f0752acbca29ba5b2e84707a)] -> xpath: //div[@automationid='Configuration']]
[INFO ][08-Nov-2021 19:34:36 pm] Selenium_Wrapper.click:(199) - Clicking on :[[ChromeDriver: chrome on WINDOWS (810dff24f0752acbca29ba5b2e84707a)] -> xpath: //div[@automationid='Configuration_Service']]
[INFO ][08-Nov-2021 19:34:41 pm] Selenium_Wrapper.click:(199) - Clicking on :[[ChromeDriver: chrome on WINDOWS (810dff24f0752acbca29ba5b2e84707a)] -> xpath: //div[@automationid='Configuration_Service_Knowledge Advanced']]
[INFO ][08-Nov-2021 19:34:46 pm] Selenium_Wrapper.click:(199) - Clicking on :[[ChromeDriver: chrome on WINDOWS (810dff24f0752acbca29ba5b2e84707a)] -> xpath: //div[@automationid='Configuration_Service_Knowledge Advanced_Authoring']//span[text()='Authoring']]
[INFO ][08-Nov-2021 19:34:59 pm] Selenium_Wrapper.clickUsingActions:(249) - Clicking on :[[ChromeDriver: chrome on WINDOWS (810dff24f0752acbca29ba5b2e84707a)] -> xpath: //div[@class='bodyDivRN']//li[@testidentifier='MainNavBar_Content']//a]
[INFO ][08-Nov-2021 19:35:15 pm] Selenium_Wrapper.click:(199) - Clicking on :[[ChromeDriver: chrome on WINDOWS (810dff24f0752acbca29ba5b2e84707a)] -> xpath: //a[@testidentifier='ContentNavBar_Add_Technology'][normalize-space()='Add']]
[INFO ][08-Nov-2021 19:35:23 pm] Selenium_Wrapper.click:(199) - Clicking on :[[ChromeDriver: chrome on WINDOWS (810dff24f0752acbca29ba5b2e84707a)] -> xpath: //input[@testidentifier='Content_ContentType_Add_SUMMARY']]
[INFO ][08-Nov-2021 19:35:24 pm] Selenium_Wrapper.enterText:(311) - Entering Text :Test Technology through Automation 3 in WebElement :[[ChromeDriver: chrome on WINDOWS (810dff24f0752acbca29ba5b2e84707a)] -> xpath: //input[@testidentifier='Content_ContentType_Add_SUMMARY']]
[INFO ][08-Nov-2021 19:35:29 pm] Selenium_Wrapper.click:(199) - Clicking on :[[ChromeDriver: chrome on WINDOWS (810dff24f0752acbca29ba5b2e84707a)] -> xpath: //input[@testidentifier='Content_ContentType_Add_KEYWORD']]
[INFO ][08-Nov-2021 19:35:31 pm] Selenium_Wrapper.enterText:(311) - Entering Text :Automation Technology Test 3 in WebElement :[[ChromeDriver: chrome on WINDOWS (810dff24f0752acbca29ba5b2e84707a)] -> xpath: //input[@testidentifier='Content_ContentType_Add_KEYWORD']]
[INFO ][08-Nov-2021 19:35:40 pm] Selenium_Wrapper.click:(199) - Clicking on :[[ChromeDriver: chrome on WINDOWS (810dff24f0752acbca29ba5b2e84707a)] -> xpath: (//span[text()='Source'])[6]]
[INFO ][08-Nov-2021 19:35:45 pm] Selenium_Wrapper.click:(199) - Clicking on :[[ChromeDriver: chrome on WINDOWS (810dff24f0752acbca29ba5b2e84707a)] -> xpath: //textarea[contains(@title,'Rich Text Editor')]]
[INFO ][08-Nov-2021 19:35:50 pm] Selenium_Wrapper.openBrowser:(48) - Opening chrome browser.
[INFO ][08-Nov-2021 19:35:52 pm] Selenium_Wrapper.enterURL:(82) - Entering url :https://macu1--tst.custhelp.com/app/home
[ERROR][08-Nov-2021 19:35:56 pm] MACU_Wrapper.signIntoCP:(23) - Error in the signin process
[ERROR][08-Nov-2021 19:36:00 pm] CallOuts.testCPCallouts:(119) - Login/SignIn un-successfull
[ERROR][08-Nov-2021 19:36:07 pm] CallOuts.testCloseCallOuts:(130) - Logout/SignOut un-successfull
