[INFO ][04-Sep-2022 07:38:56 AM] Selenium_Wrapper.openBrowser:(48) - Opening chrome browser.
[INFO ][04-Sep-2022 07:38:59 AM] Selenium_Wrapper.enterURL:(82) - Entering url :https://macu1--upgrade.custhelp.com/AgentWeb/
[INFO ][04-Sep-2022 07:39:03 AM] Selenium_Wrapper.enterText:(311) - Entering Text :RNT_pramod in WebElement :[[ChromeDriver: chrome on WINDOWS (68780cfa89c1521fb8e3d3cc8c88d677)] -> id: username]
[INFO ][04-Sep-2022 07:39:04 AM] Selenium_Wrapper.enterText:(311) - Entering Text :Welcome123 in WebElement :[[ChromeDriver: chrome on WINDOWS (68780cfa89c1521fb8e3d3cc8c88d677)] -> id: password]
[INFO ][04-Sep-2022 07:39:28 AM] Selenium_Wrapper.click:(199) - Clicking on :[[ChromeDriver: chrome on WINDOWS (68780cfa89c1521fb8e3d3cc8c88d677)] -> id: loginbutton]
[INFO ][04-Sep-2022 07:39:38 AM] Selenium_Wrapper.click:(199) - Clicking on :[[ChromeDriver: chrome on WINDOWS (68780cfa89c1521fb8e3d3cc8c88d677)] -> id: navigationSetBtn]
[INFO ][04-Sep-2022 07:39:43 AM] Selenium_Wrapper.click:(199) - Clicking on :[[ChromeDriver: chrome on WINDOWS (68780cfa89c1521fb8e3d3cc8c88d677)] -> xpath: (//div[text()='Analytics']//a)]
[INFO ][04-Sep-2022 07:39:48 AM] Selenium_Wrapper.click:(199) - Clicking on :[[ChromeDriver: chrome on WINDOWS (68780cfa89c1521fb8e3d3cc8c88d677)] -> xpath: //span[text()='Reports Explorer']]
[INFO ][04-Sep-2022 07:39:53 AM] Selenium_Wrapper.click:(199) - Clicking on :[[ChromeDriver: chrome on WINDOWS (68780cfa89c1521fb8e3d3cc8c88d677)] -> xpath: //div[text()='Public Reports']]
[INFO ][04-Sep-2022 07:39:59 AM] Selenium_Wrapper.click:(199) - Clicking on :[[ChromeDriver: chrome on WINDOWS (68780cfa89c1521fb8e3d3cc8c88d677)] -> xpath: //div[text()='MACU CUSTOM REPORTS']]
[INFO ][04-Sep-2022 07:40:04 AM] Selenium_Wrapper.click:(199) - Clicking on :[[ChromeDriver: chrome on WINDOWS (68780cfa89c1521fb8e3d3cc8c88d677)] -> xpath: //div[text()='SoftClouds']]
[INFO ][04-Sep-2022 07:40:09 AM] Selenium_Wrapper.click:(199) - Clicking on :[[ChromeDriver: chrome on WINDOWS (68780cfa89c1521fb8e3d3cc8c88d677)] -> xpath: //div[text()='OKCS']]
[ERROR][04-Sep-2022 07:40:15 AM] Selenium_Wrapper.scrollToWebElement:(487) - org.openqa.selenium.NoSuchElementException: no such element: Unable to locate element: {"method":"xpath","selector":"//span[text()='User Specific Search']"}
  (Session info: chrome=105.0.5195.102)
For documentation on this error, please visit: https://www.seleniumhq.org/exceptions/no_such_element.html
Build info: version: '3.141.59', revision: 'e82be7d358', time: '2018-11-14T08:17:03'
System info: host: 'QA-SWAMYK', ip: '192.168.0.4', os.name: 'Windows 10', os.arch: 'amd64', os.version: '10.0', java.version: '11.0.10'
Driver info: org.openqa.selenium.chrome.ChromeDriver
Capabilities {acceptInsecureCerts: false, browserName: chrome, browserVersion: 105.0.5195.102, chrome: {chromedriverVersion: 105.0.5195.52 (412c95e51883..., userDataDir: C:\Users\SWAMYK~1\AppData\L...}, goog:chromeOptions: {debuggerAddress: localhost:59545}, javascriptEnabled: true, networkConnectionEnabled: false, pageLoadStrategy: normal, platform: WINDOWS, platformName: WINDOWS, proxy: Proxy(), setWindowRect: true, strictFileInteractability: false, timeouts: {implicit: 0, pageLoad: 300000, script: 30000}, unhandledPromptBehavior: dismiss and notify, webauthn:extension:credBlob: true, webauthn:extension:largeBlob: true, webauthn:virtualAuthenticators: true}
Session ID: 68780cfa89c1521fb8e3d3cc8c88d677
*** Element info: {Using=xpath, value=//span[text()='User Specific Search']}
[ERROR][04-Sep-2022 07:40:15 AM] ThumbsUpAndThumbsDownFeedback.testSelectingandVerifyingFlow:(125) - Selecting and Verifying Test is un-successfull
[ERROR][04-Sep-2022 07:42:06 AM] Selenium_Wrapper.getWebElement:(124) - org.openqa.selenium.TimeoutException: Expected condition failed: waiting for visibility of [[ChromeDriver: chrome on WINDOWS (68780cfa89c1521fb8e3d3cc8c88d677)] -> xpath: //body//span[@id='initialsText']] (tried for 100 second(s) with 500 milliseconds interval)
Build info: version: '3.141.59', revision: 'e82be7d358', time: '2018-11-14T08:17:03'
System info: host: 'QA-SWAMYK', ip: '192.168.0.4', os.name: 'Windows 10', os.arch: 'amd64', os.version: '10.0', java.version: '11.0.10'
Driver info: org.openqa.selenium.chrome.ChromeDriver
Capabilities {acceptInsecureCerts: false, browserName: chrome, browserVersion: 105.0.5195.102, chrome: {chromedriverVersion: 105.0.5195.52 (412c95e51883..., userDataDir: C:\Users\SWAMYK~1\AppData\L...}, goog:chromeOptions: {debuggerAddress: localhost:59545}, javascriptEnabled: true, networkConnectionEnabled: false, pageLoadStrategy: normal, platform: WINDOWS, platformName: WINDOWS, proxy: Proxy(), setWindowRect: true, strictFileInteractability: false, timeouts: {implicit: 0, pageLoad: 300000, script: 30000}, unhandledPromptBehavior: dismiss and notify, webauthn:extension:credBlob: true, webauthn:extension:largeBlob: true, webauthn:virtualAuthenticators: true}
Session ID: 68780cfa89c1521fb8e3d3cc8c88d677
[ERROR][04-Sep-2022 07:42:06 AM] ThumbsUpAndThumbsDownFeedback.testSignout:(142) - Logout/SignOut un-successfull
