[INFO ][03-Sep-2022 19:41:04 PM] Selenium_Wrapper.openBrowser:(48) - Opening chrome browser.
[INFO ][03-Sep-2022 19:41:08 PM] Selenium_Wrapper.enterURL:(82) - Entering url :https://macu1--upgrade.custhelp.com/AgentWeb/
[INFO ][03-Sep-2022 19:41:12 PM] Selenium_Wrapper.enterText:(311) - Entering Text :RNT_pramod in WebElement :[[ChromeDriver: chrome on WINDOWS (bf33307f810007edb103c82dc9b4ef82)] -> id: username]
[INFO ][03-Sep-2022 19:41:13 PM] Selenium_Wrapper.enterText:(311) - Entering Text :Welcome123 in WebElement :[[ChromeDriver: chrome on WINDOWS (bf33307f810007edb103c82dc9b4ef82)] -> id: password]
[INFO ][03-Sep-2022 19:41:33 PM] Selenium_Wrapper.click:(199) - Clicking on :[[ChromeDriver: chrome on WINDOWS (bf33307f810007edb103c82dc9b4ef82)] -> id: loginbutton]
[ERROR][03-Sep-2022 19:41:46 PM] CallOuts.testExistingAccount:(102) - Login/SignIn un-successfull
[INFO ][03-Sep-2022 19:41:50 PM] Selenium_Wrapper.openBrowser:(48) - Opening chrome browser.
[INFO ][03-Sep-2022 19:41:57 PM] Selenium_Wrapper.enterURL:(82) - Entering url :https://macu1--upgrade.custhelp.com/
[INFO ][03-Sep-2022 19:42:01 PM] Selenium_Wrapper.enterText:(311) - Entering Text :pramodk in WebElement :[[ChromeDriver: chrome on WINDOWS (5136b5e54c629024cc890bc9a7480976)] -> id: rn_LoginForm_2_Username]
[INFO ][03-Sep-2022 19:42:02 PM] Selenium_Wrapper.enterText:(311) - Entering Text :Soft@123 in WebElement :[[ChromeDriver: chrome on WINDOWS (5136b5e54c629024cc890bc9a7480976)] -> id: rn_LoginForm_2_Password]
[INFO ][03-Sep-2022 19:42:10 PM] Selenium_Wrapper.click:(199) - Clicking on :[[ChromeDriver: chrome on WINDOWS (5136b5e54c629024cc890bc9a7480976)] -> id: rn_LoginForm_2_Submit]
[ERROR][03-Sep-2022 19:42:32 PM] Selenium_Wrapper.scrollToWebElement:(487) - org.openqa.selenium.NoSuchElementException: no such element: Unable to locate element: {"method":"xpath","selector":"//div[@class='rn_SchemaAttribute']"}
  (Session info: chrome=105.0.5195.102)
For documentation on this error, please visit: https://www.seleniumhq.org/exceptions/no_such_element.html
Build info: version: '3.141.59', revision: 'e82be7d358', time: '2018-11-14T08:17:03'
System info: host: 'QA-SWAMYK', ip: '192.168.0.4', os.name: 'Windows 10', os.arch: 'amd64', os.version: '10.0', java.version: '11.0.10'
Driver info: org.openqa.selenium.chrome.ChromeDriver
Capabilities {acceptInsecureCerts: false, browserName: chrome, browserVersion: 105.0.5195.102, chrome: {chromedriverVersion: 105.0.5195.52 (412c95e51883..., userDataDir: C:\Users\SWAMYK~1\AppData\L...}, goog:chromeOptions: {debuggerAddress: localhost:49419}, javascriptEnabled: true, networkConnectionEnabled: false, pageLoadStrategy: normal, platform: WINDOWS, platformName: WINDOWS, proxy: Proxy(), setWindowRect: true, strictFileInteractability: false, timeouts: {implicit: 0, pageLoad: 300000, script: 30000}, unhandledPromptBehavior: dismiss and notify, webauthn:extension:credBlob: true, webauthn:extension:largeBlob: true, webauthn:virtualAuthenticators: true}
Session ID: 5136b5e54c629024cc890bc9a7480976
*** Element info: {Using=xpath, value=//div[@class='rn_SchemaAttribute']}
[ERROR][03-Sep-2022 19:42:32 PM] CallOuts.testCPCallouts:(126) - Login/SignIn un-successfull
[INFO ][03-Sep-2022 19:42:35 PM] Selenium_Wrapper.closeCurrentBrowser:(651) - Closing the current Browser
