[INFO ][03-Sep-2022 20:28:40 PM] Selenium_Wrapper.openBrowser:(48) - Opening chrome browser.
[INFO ][03-Sep-2022 20:28:44 PM] Selenium_Wrapper.enterURL:(82) - Entering url :https://macu1--upgrade.custhelp.com/AgentWeb/
[INFO ][03-Sep-2022 20:28:49 PM] Selenium_Wrapper.enterText:(311) - Entering Text :RNT_pramod in WebElement :[[ChromeDriver: chrome on WINDOWS (d2e3a112573ff7c57d382215838b3821)] -> id: username]
[INFO ][03-Sep-2022 20:28:50 PM] Selenium_Wrapper.enterText:(311) - Entering Text :Welcome123 in WebElement :[[ChromeDriver: chrome on WINDOWS (d2e3a112573ff7c57d382215838b3821)] -> id: password]
[INFO ][03-Sep-2022 20:29:22 PM] Selenium_Wrapper.click:(199) - Clicking on :[[ChromeDriver: chrome on WINDOWS (d2e3a112573ff7c57d382215838b3821)] -> id: loginbutton]
[ERROR][03-Sep-2022 20:29:34 PM] ContactView.testNavigateToContacts:(34) - Navigate To Contact Test is un-successfull
[ERROR][03-Sep-2022 20:29:36 PM] ContactView.testContactView:(53) - Contact View Test is un-successfull
[ERROR][03-Sep-2022 20:30:25 PM] Selenium_Wrapper.getWebElement:(124) - org.openqa.selenium.WebDriverException: chrome not reachable
  (Session info: chrome=105.0.5195.102)
Build info: version: '3.141.59', revision: 'e82be7d358', time: '2018-11-14T08:17:03'
System info: host: 'QA-SWAMYK', ip: '192.168.0.4', os.name: 'Windows 10', os.arch: 'amd64', os.version: '10.0', java.version: '11.0.10'
Driver info: org.openqa.selenium.chrome.ChromeDriver
Capabilities {acceptInsecureCerts: false, browserName: chrome, browserVersion: 105.0.5195.102, chrome: {chromedriverVersion: 105.0.5195.52 (412c95e51883..., userDataDir: C:\Users\SWAMYK~1\AppData\L...}, goog:chromeOptions: {debuggerAddress: localhost:49955}, javascriptEnabled: true, networkConnectionEnabled: false, pageLoadStrategy: normal, platform: WINDOWS, platformName: WINDOWS, proxy: Proxy(), setWindowRect: true, strictFileInteractability: false, timeouts: {implicit: 0, pageLoad: 300000, script: 30000}, unhandledPromptBehavior: dismiss and notify, webauthn:extension:credBlob: true, webauthn:extension:largeBlob: true, webauthn:virtualAuthenticators: true}
Session ID: d2e3a112573ff7c57d382215838b3821
[ERROR][03-Sep-2022 20:30:25 PM] ContactView.testSignout:(71) - Logout/SignOut un-successfull
