[INFO ][05-Sep-2022 08:31:07 AM] Selenium_Wrapper.openBrowser:(48) - Opening chrome browser.
[INFO ][05-Sep-2022 08:31:11 AM] Selenium_Wrapper.enterURL:(82) - Entering url :https://macu1--upgrade.custhelp.com/AgentWeb/
[INFO ][05-Sep-2022 08:31:15 AM] Selenium_Wrapper.enterText:(311) - Entering Text :RNT_pramod in WebElement :[[ChromeDriver: chrome on WINDOWS (ef20f2ce9748c6b5249563e75c516c67)] -> id: username]
[INFO ][05-Sep-2022 08:31:16 AM] Selenium_Wrapper.enterText:(311) - Entering Text :Welcome123 in WebElement :[[ChromeDriver: chrome on WINDOWS (ef20f2ce9748c6b5249563e75c516c67)] -> id: password]
[INFO ][05-Sep-2022 08:31:48 AM] Selenium_Wrapper.click:(199) - Clicking on :[[ChromeDriver: chrome on WINDOWS (ef20f2ce9748c6b5249563e75c516c67)] -> id: loginbutton]
[ERROR][05-Sep-2022 08:31:59 AM] ModifyArticleFlow.testNavigateToArticleFlow:(37) - Navigate To Article un-successfull
[ERROR][05-Sep-2022 08:31:59 AM] ModifyArticleFlow.testEditArticleFlow:(88) - Edit Article  un-successfull
[INFO ][05-Sep-2022 08:32:00 AM] Selenium_Wrapper.openBrowser:(48) - Opening chrome browser.
[INFO ][05-Sep-2022 08:32:09 AM] Selenium_Wrapper.enterURL:(82) - Entering url :https://macu1--upgrade.custhelp.com/
[INFO ][05-Sep-2022 08:32:13 AM] Selenium_Wrapper.enterText:(311) - Entering Text :pramodk in WebElement :[[ChromeDriver: chrome on WINDOWS (b8a94b3832f7620742dbdb5a62d07ffb)] -> id: rn_LoginForm_2_Username]
[INFO ][05-Sep-2022 08:32:14 AM] Selenium_Wrapper.enterText:(311) - Entering Text :Soft@123 in WebElement :[[ChromeDriver: chrome on WINDOWS (b8a94b3832f7620742dbdb5a62d07ffb)] -> id: rn_LoginForm_2_Password]
[INFO ][05-Sep-2022 08:32:21 AM] Selenium_Wrapper.click:(199) - Clicking on :[[ChromeDriver: chrome on WINDOWS (b8a94b3832f7620742dbdb5a62d07ffb)] -> id: rn_LoginForm_2_Submit]
[ERROR][05-Sep-2022 08:32:48 AM] Selenium_Wrapper.highlightWebElement:(417) - org.openqa.selenium.NoSuchElementException: no such element: Unable to locate element: {"method":"xpath","selector":"//h1[@id='rn_Summary']"}
  (Session info: chrome=105.0.5195.102)
For documentation on this error, please visit: https://www.seleniumhq.org/exceptions/no_such_element.html
Build info: version: '3.141.59', revision: 'e82be7d358', time: '2018-11-14T08:17:03'
System info: host: 'QA-SWAMYK', ip: '192.168.0.4', os.name: 'Windows 10', os.arch: 'amd64', os.version: '10.0', java.version: '11.0.10'
Driver info: org.openqa.selenium.chrome.ChromeDriver
Capabilities {acceptInsecureCerts: false, browserName: chrome, browserVersion: 105.0.5195.102, chrome: {chromedriverVersion: 105.0.5195.52 (412c95e51883..., userDataDir: C:\Users\SWAMYK~1\AppData\L...}, goog:chromeOptions: {debuggerAddress: localhost:63831}, javascriptEnabled: true, networkConnectionEnabled: false, pageLoadStrategy: normal, platform: WINDOWS, platformName: WINDOWS, proxy: Proxy(), setWindowRect: true, strictFileInteractability: false, timeouts: {implicit: 0, pageLoad: 300000, script: 30000}, unhandledPromptBehavior: dismiss and notify, webauthn:extension:credBlob: true, webauthn:extension:largeBlob: true, webauthn:virtualAuthenticators: true}
Session ID: b8a94b3832f7620742dbdb5a62d07ffb
*** Element info: {Using=xpath, value=//h1[@id='rn_Summary']}
[ERROR][05-Sep-2022 08:32:48 AM] ModifyArticleFlow.testSearchanArticle:(108) - Search an Article in CP is un-successfull
[INFO ][05-Sep-2022 08:32:51 AM] Selenium_Wrapper.closeCurrentBrowser:(651) - Closing the current Browser
