[INFO ][11-Jun-2023 21:29:22 pm] Selenium_Wrapper.openBrowser:(48) - Opening chrome browser.
[INFO ][11-Jun-2023 21:29:29 pm] Selenium_Wrapper.enterURL:(82) - Entering url :https://macu1--tst1.custhelp.com/app/home
[INFO ][11-Jun-2023 21:29:33 pm] Selenium_Wrapper.enterText:(311) - Entering Text :swamyk in WebElement :[[ChromeDriver: chrome on WINDOWS (e176f7c496f866a3868310d78ab00b17)] -> id: rn_LoginForm_2_Username]
[INFO ][11-Jun-2023 21:29:34 pm] Selenium_Wrapper.enterText:(311) - Entering Text :Soft@123 in WebElement :[[ChromeDriver: chrome on WINDOWS (e176f7c496f866a3868310d78ab00b17)] -> id: rn_LoginForm_2_Password]
[INFO ][11-Jun-2023 21:29:41 pm] Selenium_Wrapper.click:(199) - Clicking on :[[ChromeDriver: chrome on WINDOWS (e176f7c496f866a3868310d78ab00b17)] -> id: rn_LoginForm_2_Submit]
[INFO ][11-Jun-2023 21:29:52 pm] Selenium_Wrapper.click:(199) - Clicking on :[[ChromeDriver: chrome on WINDOWS (e176f7c496f866a3868310d78ab00b17)] -> xpath: //div[@class='dropdown']]
[ERROR][11-Jun-2023 21:29:57 pm] Selenium_Wrapper.highlightWebElement:(417) - org.openqa.selenium.NoSuchElementException: no such element: Unable to locate element: {"method":"xpath","selector":"//label[text()='My Top Bookmarks']"}
  (Session info: chrome=114.0.5735.110)
For documentation on this error, please visit: https://www.seleniumhq.org/exceptions/no_such_element.html
Build info: version: '3.141.59', revision: 'e82be7d358', time: '2018-11-14T08:17:03'
System info: host: 'CAF-QA-SWAMYK', ip: '192.168.0.6', os.name: 'Windows 10', os.arch: 'amd64', os.version: '10.0', java.version: '17.0.5'
Driver info: org.openqa.selenium.chrome.ChromeDriver
Capabilities {acceptInsecureCerts: false, browserName: chrome, browserVersion: 114.0.5735.110, chrome: {chromedriverVersion: 113.0.5672.63 (0e1a4471d5ae..., userDataDir: C:\Users\swamyk\AppData\Loc...}, goog:chromeOptions: {debuggerAddress: localhost:64940}, javascriptEnabled: true, networkConnectionEnabled: false, pageLoadStrategy: normal, platform: WINDOWS, platformName: WINDOWS, proxy: Proxy(), setWindowRect: true, strictFileInteractability: false, timeouts: {implicit: 0, pageLoad: 300000, script: 30000}, unhandledPromptBehavior: dismiss and notify, webauthn:extension:credBlob: true, webauthn:extension:largeBlob: true, webauthn:extension:minPinLength: true, webauthn:extension:prf: true, webauthn:virtualAuthenticators: true}
Session ID: e176f7c496f866a3868310d78ab00b17
*** Element info: {Using=xpath, value=//label[text()='My Top Bookmarks']}
[INFO ][11-Jun-2023 21:30:13 pm] Selenium_Wrapper.click:(199) - Clicking on :[[ChromeDriver: chrome on WINDOWS (e176f7c496f866a3868310d78ab00b17)] -> xpath: (//div[@class='dropdown-content']//a)[1]]
[ERROR][11-Jun-2023 21:30:21 pm] QuickNavigation.testAssertBookmarkArticle:(59) - Assert Article from My Top Bookmarks Test is un-successfull
