[INFO ][05-Nov-2021 21:21:58 pm] Selenium_Wrapper.openBrowser:(48) - Opening chrome browser.
[INFO ][05-Nov-2021 21:22:08 pm] Selenium_Wrapper.enterURL:(82) - Entering url :https://macu1--tst.custhelp.com/app/home
[INFO ][05-Nov-2021 21:22:12 pm] Selenium_Wrapper.enterText:(311) - Entering Text :pramodk in WebElement :[[ChromeDriver: chrome on WINDOWS (891eb8def15cf91fd9c50dba2e282682)] -> id: rn_LoginForm_2_Username]
[INFO ][05-Nov-2021 21:22:13 pm] Selenium_Wrapper.enterText:(311) - Entering Text :Soft@123 in WebElement :[[ChromeDriver: chrome on WINDOWS (891eb8def15cf91fd9c50dba2e282682)] -> id: rn_LoginForm_2_Password]
[INFO ][05-Nov-2021 21:22:16 pm] Selenium_Wrapper.click:(199) - Clicking on :[[ChromeDriver: chrome on WINDOWS (891eb8def15cf91fd9c50dba2e282682)] -> id: rn_LoginForm_2_Submit]
[INFO ][05-Nov-2021 21:22:26 pm] Selenium_Wrapper.click:(199) - Clicking on :[[ChromeDriver: chrome on WINDOWS (891eb8def15cf91fd9c50dba2e282682)] -> xpath: //input[@type='search']]
[INFO ][05-Nov-2021 21:22:27 pm] Selenium_Wrapper.enterText:(311) - Entering Text :Flexible Work in WebElement :[[ChromeDriver: chrome on WINDOWS (891eb8def15cf91fd9c50dba2e282682)] -> xpath: //input[@type='search']]
[ERROR][05-Nov-2021 21:22:28 pm] Selenium_Wrapper.highlightWebElement:(417) - org.openqa.selenium.NoSuchElementException: no such element: Unable to locate element: {"method":"xpath","selector":"//ul[@aria-label='Suggested Search']//li[normalize-space()='Flexible Work']"}
  (Session info: chrome=95.0.4638.54)
For documentation on this error, please visit: https://www.seleniumhq.org/exceptions/no_such_element.html
Build info: version: '3.141.59', revision: 'e82be7d358', time: '2018-11-14T08:17:03'
System info: host: 'DESKTOP-N43657M', ip: '192.168.29.58', os.name: 'Windows 10', os.arch: 'amd64', os.version: '10.0', java.version: '16.0.1'
Driver info: org.openqa.selenium.chrome.ChromeDriver
Capabilities {acceptInsecureCerts: false, browserName: chrome, browserVersion: 95.0.4638.54, chrome: {chromedriverVersion: 95.0.4638.17 (a9d0719444d4b..., userDataDir: C:\Users\Pramod\AppData\Loc...}, goog:chromeOptions: {debuggerAddress: localhost:62994}, javascriptEnabled: true, networkConnectionEnabled: false, pageLoadStrategy: normal, platform: WINDOWS, platformName: WINDOWS, proxy: Proxy(), setWindowRect: true, strictFileInteractability: false, timeouts: {implicit: 0, pageLoad: 300000, script: 30000}, unhandledPromptBehavior: dismiss and notify, webauthn:extension:credBlob: true, webauthn:extension:largeBlob: true, webauthn:virtualAuthenticators: true}
Session ID: 891eb8def15cf91fd9c50dba2e282682
*** Element info: {Using=xpath, value=//ul[@aria-label='Suggested Search']//li[normalize-space()='Flexible Work']}
[INFO ][05-Nov-2021 21:22:33 pm] Selenium_Wrapper.click:(199) - Clicking on :[[ChromeDriver: chrome on WINDOWS (891eb8def15cf91fd9c50dba2e282682)] -> xpath: //ul[@aria-label='Suggested Search']//li[normalize-space()='Flexible Work']]
[INFO ][05-Nov-2021 21:22:37 pm] Selenium_Wrapper.click:(199) - Clicking on :[[ChromeDriver: chrome on WINDOWS (891eb8def15cf91fd9c50dba2e282682)] -> xpath: //div[@class='rn_SearchResultContent']//a[text()='Flexible Work']]
[INFO ][05-Nov-2021 21:22:50 pm] Selenium_Wrapper.click:(199) - Clicking on :[[ChromeDriver: chrome on WINDOWS (891eb8def15cf91fd9c50dba2e282682)] -> xpath: //button[@class='rn_RecommendContentButton p-0']]
[INFO ][05-Nov-2021 21:22:51 pm] Selenium_Wrapper.click:(199) - Clicking on :[[ChromeDriver: chrome on WINDOWS (891eb8def15cf91fd9c50dba2e282682)] -> id: rn_RequestUpdate_25_Description]
[INFO ][05-Nov-2021 21:22:52 pm] Selenium_Wrapper.enterText:(311) - Entering Text :Test Feedback given2 in WebElement :[[ChromeDriver: chrome on WINDOWS (891eb8def15cf91fd9c50dba2e282682)] -> id: rn_RequestUpdate_25_Description]
[INFO ][05-Nov-2021 21:22:54 pm] Selenium_Wrapper.click:(199) - Clicking on :[[ChromeDriver: chrome on WINDOWS (891eb8def15cf91fd9c50dba2e282682)] -> xpath: //button[text()='Submit']]
[INFO ][05-Nov-2021 21:23:01 pm] Selenium_Wrapper.click:(199) - Clicking on :[[ChromeDriver: chrome on WINDOWS (891eb8def15cf91fd9c50dba2e282682)] -> xpath: //div[@id='rnDialog2']//button[@type='button']]
[INFO ][05-Nov-2021 21:23:05 pm] Selenium_Wrapper.click:(199) - Clicking on :[[ChromeDriver: chrome on WINDOWS (891eb8def15cf91fd9c50dba2e282682)] -> class name: knowledge]
[INFO ][05-Nov-2021 21:23:09 pm] Selenium_Wrapper.click:(199) - Clicking on :[[ChromeDriver: chrome on WINDOWS (891eb8def15cf91fd9c50dba2e282682)] -> xpath: //div[@class='dropdown']]
[INFO ][05-Nov-2021 21:23:16 pm] Selenium_Wrapper.click:(199) - Clicking on :[[ChromeDriver: chrome on WINDOWS (891eb8def15cf91fd9c50dba2e282682)] -> xpath: //a[text()='My Feedback']]
[INFO ][05-Nov-2021 21:23:17 pm] Selenium_Wrapper.enterText:(311) - Entering Text :Flexible Work in WebElement :[[ChromeDriver: chrome on WINDOWS (891eb8def15cf91fd9c50dba2e282682)] -> xpath: //input[@placeholder='Search Your Feedback Report']]
[INFO ][05-Nov-2021 21:23:22 pm] Selenium_Wrapper.click:(199) - Clicking on :[[ChromeDriver: chrome on WINDOWS (891eb8def15cf91fd9c50dba2e282682)] -> xpath: //div[@class='rn_SearchInput1 mt-3']//span[@class='btn-srch-icon']//i[@class='fa fa-search']]
[ERROR][05-Nov-2021 21:23:28 pm] Selenium_Wrapper.highlightWebElement:(417) - org.openqa.selenium.NoSuchElementException: no such element: Unable to locate element: {"method":"xpath","selector":"//tr[@data-yui3-record='model_11']//td[@headers='Grid_6_c1']/a"}
  (Session info: chrome=95.0.4638.54)
For documentation on this error, please visit: https://www.seleniumhq.org/exceptions/no_such_element.html
Build info: version: '3.141.59', revision: 'e82be7d358', time: '2018-11-14T08:17:03'
System info: host: 'DESKTOP-N43657M', ip: '192.168.29.58', os.name: 'Windows 10', os.arch: 'amd64', os.version: '10.0', java.version: '16.0.1'
Driver info: org.openqa.selenium.chrome.ChromeDriver
Capabilities {acceptInsecureCerts: false, browserName: chrome, browserVersion: 95.0.4638.54, chrome: {chromedriverVersion: 95.0.4638.17 (a9d0719444d4b..., userDataDir: C:\Users\Pramod\AppData\Loc...}, goog:chromeOptions: {debuggerAddress: localhost:62994}, javascriptEnabled: true, networkConnectionEnabled: false, pageLoadStrategy: normal, platform: WINDOWS, platformName: WINDOWS, proxy: Proxy(), setWindowRect: true, strictFileInteractability: false, timeouts: {implicit: 0, pageLoad: 300000, script: 30000}, unhandledPromptBehavior: dismiss and notify, webauthn:extension:credBlob: true, webauthn:extension:largeBlob: true, webauthn:virtualAuthenticators: true}
Session ID: 891eb8def15cf91fd9c50dba2e282682
*** Element info: {Using=xpath, value=//tr[@data-yui3-record='model_11']//td[@headers='Grid_6_c1']/a}
[ERROR][05-Nov-2021 21:23:36 pm] Selenium_Wrapper.highlightWebElement:(417) - org.openqa.selenium.StaleElementReferenceException: stale element reference: element is not attached to the page document
  (Session info: chrome=95.0.4638.54)
For documentation on this error, please visit: https://www.seleniumhq.org/exceptions/stale_element_reference.html
Build info: version: '3.141.59', revision: 'e82be7d358', time: '2018-11-14T08:17:03'
System info: host: 'DESKTOP-N43657M', ip: '192.168.29.58', os.name: 'Windows 10', os.arch: 'amd64', os.version: '10.0', java.version: '16.0.1'
Driver info: org.openqa.selenium.chrome.ChromeDriver
Capabilities {acceptInsecureCerts: false, browserName: chrome, browserVersion: 95.0.4638.54, chrome: {chromedriverVersion: 95.0.4638.17 (a9d0719444d4b..., userDataDir: C:\Users\Pramod\AppData\Loc...}, goog:chromeOptions: {debuggerAddress: localhost:62994}, javascriptEnabled: true, networkConnectionEnabled: false, pageLoadStrategy: normal, platform: WINDOWS, platformName: WINDOWS, proxy: Proxy(), setWindowRect: true, strictFileInteractability: false, timeouts: {implicit: 0, pageLoad: 300000, script: 30000}, unhandledPromptBehavior: dismiss and notify, webauthn:extension:credBlob: true, webauthn:extension:largeBlob: true, webauthn:virtualAuthenticators: true}
Session ID: 891eb8def15cf91fd9c50dba2e282682
[INFO ][05-Nov-2021 21:23:43 pm] Selenium_Wrapper.click:(199) - Clicking on :[[ChromeDriver: chrome on WINDOWS (891eb8def15cf91fd9c50dba2e282682)] -> xpath: //tr[@data-yui3-record='model_11']//td[@headers='Grid_6_c1']/a]
[INFO ][05-Nov-2021 21:24:03 pm] Selenium_Wrapper.click:(199) - Clicking on :[[ChromeDriver: chrome on WINDOWS (891eb8def15cf91fd9c50dba2e282682)] -> class name: knowledge]
[INFO ][05-Nov-2021 21:24:04 pm] Selenium_Wrapper.openBrowser:(48) - Opening chrome browser.
[INFO ][05-Nov-2021 21:24:09 pm] Selenium_Wrapper.enterURL:(82) - Entering url :https://macu1--tst.custhelp.com/AgentWeb/
[INFO ][05-Nov-2021 21:24:13 pm] Selenium_Wrapper.enterText:(311) - Entering Text :RNT_pramod in WebElement :[[ChromeDriver: chrome on WINDOWS (f80be62143b4b4957afd4d8616dbbd3b)] -> id: username]
[INFO ][05-Nov-2021 21:24:14 pm] Selenium_Wrapper.enterText:(311) - Entering Text :Welcome123 in WebElement :[[ChromeDriver: chrome on WINDOWS (f80be62143b4b4957afd4d8616dbbd3b)] -> id: password]
[INFO ][05-Nov-2021 21:24:39 pm] Selenium_Wrapper.click:(199) - Clicking on :[[ChromeDriver: chrome on WINDOWS (f80be62143b4b4957afd4d8616dbbd3b)] -> id: loginbutton]
[DEBUG][06-Nov-2021 11:19:25 am] Selenium_Wrapper.click:(234) - Handled the WebDriverException and Clicked on :[[ChromeDriver: chrome on WINDOWS (f80be62143b4b4957afd4d8616dbbd3b)] -> xpath: //div[@id='landingPanel-notifications']//button[@class='oj-button oj-button-half-chrome mobile-close-icon mobile-close-button closeFoldout']//label[text()='Close Action Center']]
[ERROR][06-Nov-2021 11:19:40 am] FeedbackAdmin.testNavigateToFeedBackAdminReportFlow:(125) - Navigate To Article un-successfull
[ERROR][06-Nov-2021 11:19:53 am] FeedbackAdmin.testSelectingandGivingAsnwerstoReportFlow:(217) - Selecting and Giving Asnwers to Report- un-successfull
[ERROR][06-Nov-2021 11:20:08 am] FeedbackAdmin.testSignout:(236) - Logout/SignOut un-successfull
