[INFO ][11-Jun-2023 21:37:36 pm] Selenium_Wrapper.openBrowser:(48) - Opening chrome browser.
[INFO ][11-Jun-2023 21:37:40 pm] Selenium_Wrapper.enterURL:(82) - Entering url :https://macu1--tst1.custhelp.com/app/home
[INFO ][11-Jun-2023 21:37:45 pm] Selenium_Wrapper.enterText:(311) - Entering Text :swamyk in WebElement :[[ChromeDriver: chrome on WINDOWS (329847019fb94b7cea9e6231e2855348)] -> id: rn_LoginForm_2_Username]
[INFO ][11-Jun-2023 21:37:46 pm] Selenium_Wrapper.enterText:(311) - Entering Text :Soft@123 in WebElement :[[ChromeDriver: chrome on WINDOWS (329847019fb94b7cea9e6231e2855348)] -> id: rn_LoginForm_2_Password]
[INFO ][11-Jun-2023 21:37:53 pm] Selenium_Wrapper.click:(199) - Clicking on :[[ChromeDriver: chrome on WINDOWS (329847019fb94b7cea9e6231e2855348)] -> id: rn_LoginForm_2_Submit]
[INFO ][11-Jun-2023 21:38:04 pm] Selenium_Wrapper.click:(199) - Clicking on :[[ChromeDriver: chrome on WINDOWS (329847019fb94b7cea9e6231e2855348)] -> xpath: //input[@type='search']]
[INFO ][11-Jun-2023 21:38:05 pm] Selenium_Wrapper.enterText:(311) - Entering Text :Business Auto Loan in WebElement :[[ChromeDriver: chrome on WINDOWS (329847019fb94b7cea9e6231e2855348)] -> xpath: //input[@type='search']]
[ERROR][11-Jun-2023 21:39:12 pm] QuickNavigation.testBookmarkArticle:(79) - Bookmark Article Test is un-successfull
[ERROR][11-Jun-2023 21:39:12 pm] QuickNavigation.testVerifyBookmarkArticle:(146) - Verify Bookmark Article and Highlight in List Test is un-successfull
[INFO ][11-Jun-2023 21:39:22 pm] Selenium_Wrapper.click:(199) - Clicking on :[[ChromeDriver: chrome on WINDOWS (329847019fb94b7cea9e6231e2855348)] -> class name: knowledge]
[INFO ][11-Jun-2023 21:39:30 pm] Selenium_Wrapper.click:(199) - Clicking on :[[ChromeDriver: chrome on WINDOWS (329847019fb94b7cea9e6231e2855348)] -> xpath: //div[@class='dropdown']]
[ERROR][11-Jun-2023 21:41:13 pm] Selenium_Wrapper.getWebElement:(124) - org.openqa.selenium.TimeoutException: Expected condition failed: waiting for visibility of [[ChromeDriver: chrome on WINDOWS (329847019fb94b7cea9e6231e2855348)] -> xpath: //div[@class='dropdown-content']//a[normalize-space()='My Bookmarks']] (tried for 100 second(s) with 500 milliseconds interval)
Build info: version: '3.141.59', revision: 'e82be7d358', time: '2018-11-14T08:17:03'
System info: host: 'CAF-QA-SWAMYK', ip: '192.168.0.6', os.name: 'Windows 10', os.arch: 'amd64', os.version: '10.0', java.version: '17.0.5'
Driver info: org.openqa.selenium.chrome.ChromeDriver
Capabilities {acceptInsecureCerts: false, browserName: chrome, browserVersion: 114.0.5735.110, chrome: {chromedriverVersion: 113.0.5672.63 (0e1a4471d5ae..., userDataDir: C:\Users\swamyk\AppData\Loc...}, goog:chromeOptions: {debuggerAddress: localhost:65366}, javascriptEnabled: true, networkConnectionEnabled: false, pageLoadStrategy: normal, platform: WINDOWS, platformName: WINDOWS, proxy: Proxy(), setWindowRect: true, strictFileInteractability: false, timeouts: {implicit: 0, pageLoad: 300000, script: 30000}, unhandledPromptBehavior: dismiss and notify, webauthn:extension:credBlob: true, webauthn:extension:largeBlob: true, webauthn:extension:minPinLength: true, webauthn:extension:prf: true, webauthn:virtualAuthenticators: true}
Session ID: 329847019fb94b7cea9e6231e2855348
[ERROR][11-Jun-2023 21:41:13 pm] Selenium_Wrapper.highlightWebElement:(417) - org.openqa.selenium.TimeoutException: Expected condition failed: waiting for visibility of [[ChromeDriver: chrome on WINDOWS (329847019fb94b7cea9e6231e2855348)] -> xpath: //div[@class='dropdown-content']//a[normalize-space()='My Bookmarks']] (tried for 100 second(s) with 500 milliseconds interval)
Build info: version: '3.141.59', revision: 'e82be7d358', time: '2018-11-14T08:17:03'
System info: host: 'CAF-QA-SWAMYK', ip: '192.168.0.6', os.name: 'Windows 10', os.arch: 'amd64', os.version: '10.0', java.version: '17.0.5'
Driver info: org.openqa.selenium.chrome.ChromeDriver
Capabilities {acceptInsecureCerts: false, browserName: chrome, browserVersion: 114.0.5735.110, chrome: {chromedriverVersion: 113.0.5672.63 (0e1a4471d5ae..., userDataDir: C:\Users\swamyk\AppData\Loc...}, goog:chromeOptions: {debuggerAddress: localhost:65366}, javascriptEnabled: true, networkConnectionEnabled: false, pageLoadStrategy: normal, platform: WINDOWS, platformName: WINDOWS, proxy: Proxy(), setWindowRect: true, strictFileInteractability: false, timeouts: {implicit: 0, pageLoad: 300000, script: 30000}, unhandledPromptBehavior: dismiss and notify, webauthn:extension:credBlob: true, webauthn:extension:largeBlob: true, webauthn:extension:minPinLength: true, webauthn:extension:prf: true, webauthn:virtualAuthenticators: true}
Session ID: 329847019fb94b7cea9e6231e2855348
[ERROR][11-Jun-2023 21:42:58 pm] Selenium_Wrapper.getWebElement:(124) - org.openqa.selenium.TimeoutException: Expected condition failed: waiting for visibility of [[ChromeDriver: chrome on WINDOWS (329847019fb94b7cea9e6231e2855348)] -> xpath: //div[@class='dropdown-content']//a[normalize-space()='My Bookmarks']] (tried for 100 second(s) with 500 milliseconds interval)
Build info: version: '3.141.59', revision: 'e82be7d358', time: '2018-11-14T08:17:03'
System info: host: 'CAF-QA-SWAMYK', ip: '192.168.0.6', os.name: 'Windows 10', os.arch: 'amd64', os.version: '10.0', java.version: '17.0.5'
Driver info: org.openqa.selenium.chrome.ChromeDriver
Capabilities {acceptInsecureCerts: false, browserName: chrome, browserVersion: 114.0.5735.110, chrome: {chromedriverVersion: 113.0.5672.63 (0e1a4471d5ae..., userDataDir: C:\Users\swamyk\AppData\Loc...}, goog:chromeOptions: {debuggerAddress: localhost:65366}, javascriptEnabled: true, networkConnectionEnabled: false, pageLoadStrategy: normal, platform: WINDOWS, platformName: WINDOWS, proxy: Proxy(), setWindowRect: true, strictFileInteractability: false, timeouts: {implicit: 0, pageLoad: 300000, script: 30000}, unhandledPromptBehavior: dismiss and notify, webauthn:extension:credBlob: true, webauthn:extension:largeBlob: true, webauthn:extension:minPinLength: true, webauthn:extension:prf: true, webauthn:virtualAuthenticators: true}
Session ID: 329847019fb94b7cea9e6231e2855348
[ERROR][11-Jun-2023 21:42:58 pm] QuickNavigation.testPreferencesBookmarkPage:(171) - Preferences in My Bookmarks Test is un-successfull
