[INFO ][05-Jan-2024 09:36:43 AM] Selenium_Wrapper.openBrowser:(48) - Opening chrome browser.
[INFO ][05-Jan-2024 09:36:46 AM] Selenium_Wrapper.enterURL:(82) - Entering url :https://macu1--tst1.custhelp.com/AgentWeb/
[INFO ][05-Jan-2024 09:36:50 AM] Selenium_Wrapper.enterText:(311) - Entering Text :automation_testing in WebElement :[[ChromeDriver: chrome on WINDOWS (b320f45e761bad61cbc241b1efdfbe7b)] -> id: username]
[INFO ][05-Jan-2024 09:36:51 AM] Selenium_Wrapper.enterText:(311) - Entering Text :Welcome123 in WebElement :[[ChromeDriver: chrome on WINDOWS (b320f45e761bad61cbc241b1efdfbe7b)] -> id: password]
[INFO ][05-Jan-2024 09:37:14 AM] Selenium_Wrapper.click:(199) - Clicking on :[[ChromeDriver: chrome on WINDOWS (b320f45e761bad61cbc241b1efdfbe7b)] -> id: loginbutton]
[INFO ][05-Jan-2024 09:37:33 AM] Selenium_Wrapper.click:(199) - Clicking on :[[ChromeDriver: chrome on WINDOWS (b320f45e761bad61cbc241b1efdfbe7b)] -> id: navigationSetBtn]
[INFO ][05-Jan-2024 09:37:39 AM] Selenium_Wrapper.click:(199) - Clicking on :[[ChromeDriver: chrome on WINDOWS (b320f45e761bad61cbc241b1efdfbe7b)] -> xpath: //div[@automationid='Analytics']]
[INFO ][05-Jan-2024 09:37:51 AM] Selenium_Wrapper.click:(199) - Clicking on :[[ChromeDriver: chrome on WINDOWS (b320f45e761bad61cbc241b1efdfbe7b)] -> xpath: //div[@automationid='Analytics_Reports Explorer']//span[text()='Reports Explorer']]
[INFO ][05-Jan-2024 09:38:06 AM] Selenium_Wrapper.click:(199) - Clicking on :[[ChromeDriver: chrome on WINDOWS (b320f45e761bad61cbc241b1efdfbe7b)] -> xpath: //div[@aria-label='Public Reports'][text()='Public Reports']]
[INFO ][05-Jan-2024 09:38:12 AM] Selenium_Wrapper.click:(199) - Clicking on :[[ChromeDriver: chrome on WINDOWS (b320f45e761bad61cbc241b1efdfbe7b)] -> xpath: //div[@aria-label='MACU CUSTOM REPORTS'][text()='MACU CUSTOM REPORTS']]
[INFO ][05-Jan-2024 09:38:17 AM] Selenium_Wrapper.click:(199) - Clicking on :[[ChromeDriver: chrome on WINDOWS (b320f45e761bad61cbc241b1efdfbe7b)] -> xpath: //div[@aria-label='SoftClouds'][text()='SoftClouds']]
[INFO ][05-Jan-2024 09:38:22 AM] Selenium_Wrapper.click:(199) - Clicking on :[[ChromeDriver: chrome on WINDOWS (b320f45e761bad61cbc241b1efdfbe7b)] -> xpath: //div[@aria-label='OKCS'][text()='OKCS'][contains(@id,'ExplorerFolderLabelAnalyticsFolder103223')]]
[ERROR][05-Jan-2024 09:38:42 AM] ActionsDashboardReport.testVisitorActionsDashboard:(155) - Select Actions Report in BUI Test is un-successfull
[INFO ][05-Jan-2024 09:38:50 AM] Selenium_Wrapper.click:(199) - Clicking on :[[ChromeDriver: chrome on WINDOWS (b320f45e761bad61cbc241b1efdfbe7b)] -> xpath: //body//oj-avatar[@initials='[[userMenuLabel]]']]
[ERROR][05-Jan-2024 09:40:37 AM] Selenium_Wrapper.getWebElement:(124) - org.openqa.selenium.TimeoutException: Expected condition failed: waiting for visibility of [[ChromeDriver: chrome on WINDOWS (b320f45e761bad61cbc241b1efdfbe7b)] -> xpath: //a//span[text()='Sign Out']] (tried for 100 second(s) with 500 milliseconds interval)
Build info: version: '3.141.59', revision: 'e82be7d358', time: '2018-11-14T08:17:03'
System info: host: 'CAF-QA-SWAMYK', ip: '192.168.0.4', os.name: 'Windows 10', os.arch: 'amd64', os.version: '10.0', java.version: '17.0.5'
Driver info: org.openqa.selenium.chrome.ChromeDriver
Capabilities {acceptInsecureCerts: false, browserName: chrome, browserVersion: 120.0.6099.199, chrome: {chromedriverVersion: 119.0.6045.105 (38c72552c5e..., userDataDir: C:\Users\swamyk\AppData\Loc...}, fedcm:accounts: true, goog:chromeOptions: {debuggerAddress: localhost:65022}, javascriptEnabled: true, networkConnectionEnabled: false, pageLoadStrategy: normal, platform: WINDOWS, platformName: WINDOWS, proxy: Proxy(), setWindowRect: true, strictFileInteractability: false, timeouts: {implicit: 0, pageLoad: 300000, script: 30000}, unhandledPromptBehavior: dismiss and notify, webauthn:extension:credBlob: true, webauthn:extension:largeBlob: true, webauthn:extension:minPinLength: true, webauthn:extension:prf: true, webauthn:virtualAuthenticators: true}
Session ID: b320f45e761bad61cbc241b1efdfbe7b
[ERROR][05-Jan-2024 09:40:37 AM] ActionsDashboardReport.testSignout:(171) - Logout/SignOut un-successfull
