[INFO ][11-Jun-2023 21:41:04 pm] Selenium_Wrapper.openBrowser:(48) - Opening chrome browser.
[INFO ][11-Jun-2023 21:41:10 pm] Selenium_Wrapper.enterURL:(82) - Entering url :https://macu1--tst1.custhelp.com/app/home
[INFO ][11-Jun-2023 21:41:14 pm] Selenium_Wrapper.enterText:(311) - Entering Text :swamyk in WebElement :[[ChromeDriver: chrome on WINDOWS (58c52d9a8ae94ca999c8f12e4efd049d)] -> id: rn_LoginForm_2_Username]
[INFO ][11-Jun-2023 21:41:16 pm] Selenium_Wrapper.enterText:(311) - Entering Text :Soft@123 in WebElement :[[ChromeDriver: chrome on WINDOWS (58c52d9a8ae94ca999c8f12e4efd049d)] -> id: rn_LoginForm_2_Password]
[INFO ][11-Jun-2023 21:41:23 pm] Selenium_Wrapper.click:(199) - Clicking on :[[ChromeDriver: chrome on WINDOWS (58c52d9a8ae94ca999c8f12e4efd049d)] -> id: rn_LoginForm_2_Submit]
[INFO ][11-Jun-2023 21:41:40 pm] Selenium_Wrapper.click:(199) - Clicking on :[[ChromeDriver: chrome on WINDOWS (58c52d9a8ae94ca999c8f12e4efd049d)] -> class name: knowledge]
[INFO ][11-Jun-2023 21:41:47 pm] Selenium_Wrapper.click:(199) - Clicking on :[[ChromeDriver: chrome on WINDOWS (58c52d9a8ae94ca999c8f12e4efd049d)] -> xpath: //div[@class='dropdown']]
[ERROR][11-Jun-2023 21:43:32 pm] Selenium_Wrapper.getWebElement:(124) - org.openqa.selenium.TimeoutException: Expected condition failed: waiting for visibility of [[ChromeDriver: chrome on WINDOWS (58c52d9a8ae94ca999c8f12e4efd049d)] -> xpath: //div[@class='dropdown-content']//a[normalize-space()='My Notifications']] (tried for 100 second(s) with 500 milliseconds interval)
Build info: version: '3.141.59', revision: 'e82be7d358', time: '2018-11-14T08:17:03'
System info: host: 'CAF-QA-SWAMYK', ip: '192.168.0.6', os.name: 'Windows 10', os.arch: 'amd64', os.version: '10.0', java.version: '17.0.5'
Driver info: org.openqa.selenium.chrome.ChromeDriver
Capabilities {acceptInsecureCerts: false, browserName: chrome, browserVersion: 114.0.5735.110, chrome: {chromedriverVersion: 113.0.5672.63 (0e1a4471d5ae..., userDataDir: C:\Users\swamyk\AppData\Loc...}, goog:chromeOptions: {debuggerAddress: localhost:49255}, javascriptEnabled: true, networkConnectionEnabled: false, pageLoadStrategy: normal, platform: WINDOWS, platformName: WINDOWS, proxy: Proxy(), setWindowRect: true, strictFileInteractability: false, timeouts: {implicit: 0, pageLoad: 300000, script: 30000}, unhandledPromptBehavior: dismiss and notify, webauthn:extension:credBlob: true, webauthn:extension:largeBlob: true, webauthn:extension:minPinLength: true, webauthn:extension:prf: true, webauthn:virtualAuthenticators: true}
Session ID: 58c52d9a8ae94ca999c8f12e4efd049d
[ERROR][11-Jun-2023 21:43:32 pm] QuickNavigation.testPreferencesNotificationPage:(192) - Preferences My Notification Test is un-successfull
[INFO ][11-Jun-2023 21:43:35 pm] Selenium_Wrapper.closeCurrentBrowser:(651) - Closing the current Browser
