[INFO ][24-Feb-2023 09:56:25 AM] Selenium_Wrapper.openBrowser:(48) - Opening chrome browser.
[INFO ][24-Feb-2023 09:56:32 AM] Selenium_Wrapper.enterURL:(82) - Entering url :https://macu1--upgrade.custhelp.com/
[INFO ][24-Feb-2023 09:56:37 AM] Selenium_Wrapper.enterText:(311) - Entering Text :automation_testing in WebElement :[[ChromeDriver: chrome on WINDOWS (a3f49b4a106cba99ad67162716ad0b37)] -> id: rn_LoginForm_2_Username]
[INFO ][24-Feb-2023 09:56:38 AM] Selenium_Wrapper.enterText:(311) - Entering Text :Soft@123 in WebElement :[[ChromeDriver: chrome on WINDOWS (a3f49b4a106cba99ad67162716ad0b37)] -> id: rn_LoginForm_2_Password]
[INFO ][24-Feb-2023 09:56:45 AM] Selenium_Wrapper.click:(199) - Clicking on :[[ChromeDriver: chrome on WINDOWS (a3f49b4a106cba99ad67162716ad0b37)] -> id: rn_LoginForm_2_Submit]
[INFO ][24-Feb-2023 09:56:57 AM] Selenium_Wrapper.click:(199) - Clicking on :[[ChromeDriver: chrome on WINDOWS (a3f49b4a106cba99ad67162716ad0b37)] -> xpath: //input[@type='search']]
[INFO ][24-Feb-2023 09:56:58 AM] Selenium_Wrapper.enterText:(311) - Entering Text :Auto Loan in WebElement :[[ChromeDriver: chrome on WINDOWS (a3f49b4a106cba99ad67162716ad0b37)] -> xpath: //input[@type='search']]
[ERROR][24-Feb-2023 09:57:01 AM] Selenium_Wrapper.highlightWebElement:(417) - org.openqa.selenium.NoSuchElementException: no such element: Unable to locate element: {"method":"xpath","selector":"//ul[@aria-label='Suggested Search']//li[normalize-space()= 'Auto Loan' ]"}
  (Session info: chrome=110.0.5481.177)
For documentation on this error, please visit: https://www.seleniumhq.org/exceptions/no_such_element.html
Build info: version: '3.141.59', revision: 'e82be7d358', time: '2018-11-14T08:17:03'
System info: host: 'QA-SWAMYK', ip: '192.168.0.4', os.name: 'Windows 10', os.arch: 'amd64', os.version: '10.0', java.version: '11.0.10'
Driver info: org.openqa.selenium.chrome.ChromeDriver
Capabilities {acceptInsecureCerts: false, browserName: chrome, browserVersion: 110.0.5481.177, chrome: {chromedriverVersion: 110.0.5481.77 (65ed616c6e8e..., userDataDir: C:\Users\SWAMYK~1\AppData\L...}, goog:chromeOptions: {debuggerAddress: localhost:65356}, javascriptEnabled: true, networkConnectionEnabled: false, pageLoadStrategy: normal, platform: WINDOWS, platformName: WINDOWS, proxy: Proxy(), setWindowRect: true, strictFileInteractability: false, timeouts: {implicit: 0, pageLoad: 300000, script: 30000}, unhandledPromptBehavior: dismiss and notify, webauthn:extension:credBlob: true, webauthn:extension:largeBlob: true, webauthn:virtualAuthenticators: true}
Session ID: a3f49b4a106cba99ad67162716ad0b37
*** Element info: {Using=xpath, value=//ul[@aria-label='Suggested Search']//li[normalize-space()= 'Auto Loan' ]}
[ERROR][24-Feb-2023 09:57:06 AM] AnswerVotingFeedbackReport.testSearchanArticle:(40) - Search an Article in CP is un-successfull
