[INFO ][07-Nov-2021 22:20:03 pm] Selenium_Wrapper.openBrowser:(48) - Opening chrome browser.
[INFO ][07-Nov-2021 22:20:11 pm] Selenium_Wrapper.enterURL:(82) - Entering url :https://macu1--tst.custhelp.com/app/home
[INFO ][07-Nov-2021 22:20:16 pm] Selenium_Wrapper.enterText:(311) - Entering Text :pramodk in WebElement :[[ChromeDriver: chrome on WINDOWS (449db95effb37c485179fd65814ff9df)] -> id: rn_LoginForm_2_Username]
[INFO ][07-Nov-2021 22:20:17 pm] Selenium_Wrapper.enterText:(311) - Entering Text :Soft@123 in WebElement :[[ChromeDriver: chrome on WINDOWS (449db95effb37c485179fd65814ff9df)] -> id: rn_LoginForm_2_Password]
[INFO ][07-Nov-2021 22:20:24 pm] Selenium_Wrapper.click:(199) - Clicking on :[[ChromeDriver: chrome on WINDOWS (449db95effb37c485179fd65814ff9df)] -> id: rn_LoginForm_2_Submit]
[INFO ][07-Nov-2021 22:20:32 pm] Selenium_Wrapper.click:(199) - Clicking on :[[ChromeDriver: chrome on WINDOWS (449db95effb37c485179fd65814ff9df)] -> xpath: //input[@type='search']]
[INFO ][07-Nov-2021 22:20:34 pm] Selenium_Wrapper.enterText:(311) - Entering Text :Flexible Work in WebElement :[[ChromeDriver: chrome on WINDOWS (449db95effb37c485179fd65814ff9df)] -> xpath: //input[@type='search']]
[ERROR][07-Nov-2021 22:21:26 pm] Selenium_Wrapper.getWebElement:(124) - org.openqa.selenium.WebDriverException: chrome not reachable
  (Session info: chrome=95.0.4638.54)
Build info: version: '3.141.59', revision: 'e82be7d358', time: '2018-11-14T08:17:03'
System info: host: 'DESKTOP-N43657M', ip: '192.168.29.58', os.name: 'Windows 10', os.arch: 'amd64', os.version: '10.0', java.version: '16.0.1'
Driver info: org.openqa.selenium.chrome.ChromeDriver
Capabilities {acceptInsecureCerts: false, browserName: chrome, browserVersion: 95.0.4638.54, chrome: {chromedriverVersion: 95.0.4638.17 (a9d0719444d4b..., userDataDir: C:\Users\Pramod\AppData\Loc...}, goog:chromeOptions: {debuggerAddress: localhost:54519}, javascriptEnabled: true, networkConnectionEnabled: false, pageLoadStrategy: normal, platform: WINDOWS, platformName: WINDOWS, proxy: Proxy(), setWindowRect: true, strictFileInteractability: false, timeouts: {implicit: 0, pageLoad: 300000, script: 30000}, unhandledPromptBehavior: dismiss and notify, webauthn:extension:credBlob: true, webauthn:extension:largeBlob: true, webauthn:virtualAuthenticators: true}
Session ID: 449db95effb37c485179fd65814ff9df
[ERROR][07-Nov-2021 22:21:26 pm] ThumbsDownFeedBack.testJumpToSection:(47) - Jump to section Test is un-successfull
