[INFO ][06-May-2024 10:26:19 AM] Selenium_Wrapper.openBrowser:(54) - Opening chrome browser.
[INFO ][06-May-2024 10:26:24 AM] Selenium_Wrapper.enterURL:(88) - Entering url :https://macu1--tst1.custhelp.com/AgentWeb/
[INFO ][06-May-2024 10:26:28 AM] Selenium_Wrapper.enterText:(317) - Entering Text :automation_testing in WebElement :[[ChromeDriver: chrome on WINDOWS (98e9d043ce85577078713a8b709d1896)] -> id: username]
[INFO ][06-May-2024 10:26:29 AM] Selenium_Wrapper.enterText:(317) - Entering Text :Welcome123 in WebElement :[[ChromeDriver: chrome on WINDOWS (98e9d043ce85577078713a8b709d1896)] -> id: password]
[INFO ][06-May-2024 10:27:53 AM] Selenium_Wrapper.click:(205) - Clicking on :[[ChromeDriver: chrome on WINDOWS (98e9d043ce85577078713a8b709d1896)] -> id: loginbutton]
[INFO ][06-May-2024 10:28:08 AM] Selenium_Wrapper.click:(205) - Clicking on :[[ChromeDriver: chrome on WINDOWS (98e9d043ce85577078713a8b709d1896)] -> id: navigationSetBtn]
[INFO ][06-May-2024 10:28:10 AM] Selenium_Wrapper.click:(205) - Clicking on :[[ChromeDriver: chrome on WINDOWS (98e9d043ce85577078713a8b709d1896)] -> xpath: //div[text()='Contacts']]
[INFO ][06-May-2024 10:28:13 AM] Selenium_Wrapper.click:(205) - Clicking on :[[ChromeDriver: chrome on WINDOWS (98e9d043ce85577078713a8b709d1896)] -> xpath: (//span[text()='Contacts'])[2]]
[INFO ][06-May-2024 10:28:20 AM] Selenium_Wrapper.enterText:(317) - Entering Text :V1002 in WebElement :[[ChromeDriver: chrome on WINDOWS (98e9d043ce85577078713a8b709d1896)] -> xpath: (//label[text()='Login']//following::input)[1]]
[INFO ][06-May-2024 10:28:22 AM] Selenium_Wrapper.click:(205) - Clicking on :[[ChromeDriver: chrome on WINDOWS (98e9d043ce85577078713a8b709d1896)] -> xpath: //span[text()='Search']]
[ERROR][06-May-2024 10:28:23 AM] ContactView.testContactView:(60) - Contact View Test is un-successfull
[INFO ][06-May-2024 10:28:27 AM] Selenium_Wrapper.click:(205) - Clicking on :[[ChromeDriver: chrome on WINDOWS (98e9d043ce85577078713a8b709d1896)] -> xpath: //body//oj-avatar[@initials='[[userMenuLabel]]']]
[ERROR][06-May-2024 10:30:10 AM] Selenium_Wrapper.getWebElement:(130) - org.openqa.selenium.TimeoutException: Expected condition failed: waiting for visibility of [[ChromeDriver: chrome on WINDOWS (98e9d043ce85577078713a8b709d1896)] -> xpath: //a//span[text()='Sign Out']] (tried for 100 second(s) with 500 milliseconds interval)
Build info: version: '3.141.59', revision: 'e82be7d358', time: '2018-11-14T08:17:03'
System info: host: 'SC-CAF-CND84305', ip: '192.168.1.2', os.name: 'Windows 10', os.arch: 'amd64', os.version: '10.0', java.version: '21.0.2'
Driver info: org.openqa.selenium.chrome.ChromeDriver
Capabilities {acceptInsecureCerts: false, browserName: chrome, browserVersion: 124.0.6367.119, chrome: {chromedriverVersion: 123.0.6312.58 (6b4b19e9dfbb..., userDataDir: C:\Users\SWAMYK~1\AppData\L...}, fedcm:accounts: true, goog:chromeOptions: {debuggerAddress: localhost:61172}, javascriptEnabled: true, networkConnectionEnabled: false, pageLoadStrategy: normal, platform: WINDOWS, platformName: WINDOWS, proxy: Proxy(), setWindowRect: true, strictFileInteractability: false, timeouts: {implicit: 0, pageLoad: 300000, script: 30000}, unhandledPromptBehavior: dismiss and notify, webauthn:extension:credBlob: true, webauthn:extension:largeBlob: true, webauthn:extension:minPinLength: true, webauthn:extension:prf: true, webauthn:virtualAuthenticators: true}
Session ID: 98e9d043ce85577078713a8b709d1896
[ERROR][06-May-2024 10:30:10 AM] ContactView.testSignout:(77) - Logout/SignOut un-successfull
