[INFO ][03-Sep-2022 11:16:08 AM] Selenium_Wrapper.openBrowser:(48) - Opening chrome browser.
[INFO ][03-Sep-2022 11:16:13 AM] Selenium_Wrapper.enterURL:(82) - Entering url :https://macu1--upgrade.custhelp.com/
[INFO ][03-Sep-2022 11:16:17 AM] Selenium_Wrapper.enterText:(311) - Entering Text :pramodk in WebElement :[[ChromeDriver: chrome on WINDOWS (3e5b951ab1157bd8efde99a9a120f46a)] -> id: rn_LoginForm_2_Username]
[INFO ][03-Sep-2022 11:16:18 AM] Selenium_Wrapper.enterText:(311) - Entering Text :Soft@123 in WebElement :[[ChromeDriver: chrome on WINDOWS (3e5b951ab1157bd8efde99a9a120f46a)] -> id: rn_LoginForm_2_Password]
[INFO ][03-Sep-2022 11:16:26 AM] Selenium_Wrapper.click:(199) - Clicking on :[[ChromeDriver: chrome on WINDOWS (3e5b951ab1157bd8efde99a9a120f46a)] -> id: rn_LoginForm_2_Submit]
[INFO ][03-Sep-2022 11:16:46 AM] Selenium_Wrapper.click:(199) - Clicking on :[[ChromeDriver: chrome on WINDOWS (3e5b951ab1157bd8efde99a9a120f46a)] -> xpath: //input[@type='search']]
[INFO ][03-Sep-2022 11:16:48 AM] Selenium_Wrapper.enterText:(311) - Entering Text :Auto Loan in WebElement :[[ChromeDriver: chrome on WINDOWS (3e5b951ab1157bd8efde99a9a120f46a)] -> xpath: //input[@type='search']]
[ERROR][03-Sep-2022 11:16:51 AM] Selenium_Wrapper.highlightWebElement:(417) - org.openqa.selenium.NoSuchElementException: no such element: Unable to locate element: {"method":"xpath","selector":"//ul[@aria-label='Suggested Search']//li[normalize-space()='Flexible Work']"}
  (Session info: chrome=105.0.5195.102)
For documentation on this error, please visit: https://www.seleniumhq.org/exceptions/no_such_element.html
Build info: version: '3.141.59', revision: 'e82be7d358', time: '2018-11-14T08:17:03'
System info: host: 'QA-SWAMYK', ip: '192.168.0.4', os.name: 'Windows 10', os.arch: 'amd64', os.version: '10.0', java.version: '11.0.10'
Driver info: org.openqa.selenium.chrome.ChromeDriver
Capabilities {acceptInsecureCerts: false, browserName: chrome, browserVersion: 105.0.5195.102, chrome: {chromedriverVersion: 105.0.5195.52 (412c95e51883..., userDataDir: C:\Users\SWAMYK~1\AppData\L...}, goog:chromeOptions: {debuggerAddress: localhost:60279}, javascriptEnabled: true, networkConnectionEnabled: false, pageLoadStrategy: normal, platform: WINDOWS, platformName: WINDOWS, proxy: Proxy(), setWindowRect: true, strictFileInteractability: false, timeouts: {implicit: 0, pageLoad: 300000, script: 30000}, unhandledPromptBehavior: dismiss and notify, webauthn:extension:credBlob: true, webauthn:extension:largeBlob: true, webauthn:virtualAuthenticators: true}
Session ID: 3e5b951ab1157bd8efde99a9a120f46a
*** Element info: {Using=xpath, value=//ul[@aria-label='Suggested Search']//li[normalize-space()='Flexible Work']}
[ERROR][03-Sep-2022 11:16:56 AM] AnswerVotingFeedbackReport.testSearchanArticle:(40) - Search an Article in CP is un-successfull
[ERROR][03-Sep-2022 11:16:59 AM] Selenium_Wrapper.highlightWebElement:(417) - org.openqa.selenium.NoSuchElementException: no such element: Unable to locate element: {"method":"xpath","selector":"//div[@class='main_image_div']//div[@class='thumbs_up_down'][2]"}
  (Session info: chrome=105.0.5195.102)
For documentation on this error, please visit: https://www.seleniumhq.org/exceptions/no_such_element.html
Build info: version: '3.141.59', revision: 'e82be7d358', time: '2018-11-14T08:17:03'
System info: host: 'QA-SWAMYK', ip: '192.168.0.4', os.name: 'Windows 10', os.arch: 'amd64', os.version: '10.0', java.version: '11.0.10'
Driver info: org.openqa.selenium.chrome.ChromeDriver
Capabilities {acceptInsecureCerts: false, browserName: chrome, browserVersion: 105.0.5195.102, chrome: {chromedriverVersion: 105.0.5195.52 (412c95e51883..., userDataDir: C:\Users\SWAMYK~1\AppData\L...}, goog:chromeOptions: {debuggerAddress: localhost:60279}, javascriptEnabled: true, networkConnectionEnabled: false, pageLoadStrategy: normal, platform: WINDOWS, platformName: WINDOWS, proxy: Proxy(), setWindowRect: true, strictFileInteractability: false, timeouts: {implicit: 0, pageLoad: 300000, script: 30000}, unhandledPromptBehavior: dismiss and notify, webauthn:extension:credBlob: true, webauthn:extension:largeBlob: true, webauthn:virtualAuthenticators: true}
Session ID: 3e5b951ab1157bd8efde99a9a120f46a
*** Element info: {Using=xpath, value=//div[@class='main_image_div']//div[@class='thumbs_up_down'][2]}
[ERROR][03-Sep-2022 11:17:05 AM] AnswerVotingFeedbackReport.testFeedbackPage:(62) - Thumbs Up & Down Test is un-successfull
[INFO ][03-Sep-2022 11:17:12 AM] Selenium_Wrapper.click:(199) - Clicking on :[[ChromeDriver: chrome on WINDOWS (3e5b951ab1157bd8efde99a9a120f46a)] -> xpath: //div[@class='dropdown']]
[INFO ][03-Sep-2022 11:17:22 AM] Selenium_Wrapper.click:(199) - Clicking on :[[ChromeDriver: chrome on WINDOWS (3e5b951ab1157bd8efde99a9a120f46a)] -> xpath: //a[text()='My Feedback']]
[INFO ][03-Sep-2022 11:17:49 AM] Selenium_Wrapper.click:(199) - Clicking on :[[ChromeDriver: chrome on WINDOWS (3e5b951ab1157bd8efde99a9a120f46a)] -> xpath: ((//table//tbody)[2]//a)[1]]
[INFO ][03-Sep-2022 11:18:23 AM] Selenium_Wrapper.click:(199) - Clicking on :[[ChromeDriver: chrome on WINDOWS (3e5b951ab1157bd8efde99a9a120f46a)] -> class name: knowledge]
[INFO ][03-Sep-2022 11:18:25 AM] Selenium_Wrapper.closeCurrentBrowser:(651) - Closing the current Browser
[INFO ][03-Sep-2022 11:18:26 AM] Selenium_Wrapper.openBrowser:(48) - Opening chrome browser.
[INFO ][03-Sep-2022 11:18:34 AM] Selenium_Wrapper.enterURL:(82) - Entering url :https://macu1--upgrade.custhelp.com/AgentWeb/
[INFO ][03-Sep-2022 11:18:38 AM] Selenium_Wrapper.enterText:(311) - Entering Text :RNT_pramod in WebElement :[[ChromeDriver: chrome on WINDOWS (c91ac1c802594e1761d33ce44e6ffb13)] -> id: username]
[INFO ][03-Sep-2022 11:18:40 AM] Selenium_Wrapper.enterText:(311) - Entering Text :Welcome123 in WebElement :[[ChromeDriver: chrome on WINDOWS (c91ac1c802594e1761d33ce44e6ffb13)] -> id: password]
[INFO ][03-Sep-2022 11:19:06 AM] Selenium_Wrapper.click:(199) - Clicking on :[[ChromeDriver: chrome on WINDOWS (c91ac1c802594e1761d33ce44e6ffb13)] -> id: loginbutton]
[INFO ][03-Sep-2022 11:19:26 AM] Selenium_Wrapper.click:(199) - Clicking on :[[ChromeDriver: chrome on WINDOWS (c91ac1c802594e1761d33ce44e6ffb13)] -> id: navigationSetBtn]
[INFO ][03-Sep-2022 11:19:33 AM] Selenium_Wrapper.click:(199) - Clicking on :[[ChromeDriver: chrome on WINDOWS (c91ac1c802594e1761d33ce44e6ffb13)] -> xpath: (//div[text()='Analytics']//a)]
[INFO ][03-Sep-2022 11:19:39 AM] Selenium_Wrapper.click:(199) - Clicking on :[[ChromeDriver: chrome on WINDOWS (c91ac1c802594e1761d33ce44e6ffb13)] -> xpath: //span[text()='Reports Explorer']]
[INFO ][03-Sep-2022 11:19:44 AM] Selenium_Wrapper.click:(199) - Clicking on :[[ChromeDriver: chrome on WINDOWS (c91ac1c802594e1761d33ce44e6ffb13)] -> xpath: //div[text()='Public Reports']]
[INFO ][03-Sep-2022 11:19:49 AM] Selenium_Wrapper.click:(199) - Clicking on :[[ChromeDriver: chrome on WINDOWS (c91ac1c802594e1761d33ce44e6ffb13)] -> xpath: //div[text()='MACU CUSTOM REPORTS']]
[INFO ][03-Sep-2022 11:19:54 AM] Selenium_Wrapper.click:(199) - Clicking on :[[ChromeDriver: chrome on WINDOWS (c91ac1c802594e1761d33ce44e6ffb13)] -> xpath: //div[text()='SoftClouds']]
[INFO ][03-Sep-2022 11:20:00 AM] Selenium_Wrapper.click:(199) - Clicking on :[[ChromeDriver: chrome on WINDOWS (c91ac1c802594e1761d33ce44e6ffb13)] -> xpath: //div[text()='OKCS']]
[ERROR][03-Sep-2022 11:21:25 AM] Selenium_Wrapper.getWebElement:(124) - org.openqa.selenium.UnhandledAlertException: unexpected alert open: {Alert text : }
  (Session info: chrome=105.0.5195.102): {Alert text : 
Build info: version: '3.141.59', revision: 'e82be7d358', time: '2018-11-14T08:17:03'
System info: host: 'QA-SWAMYK', ip: '192.168.0.4', os.name: 'Windows 10', os.arch: 'amd64', os.version: '10.0', java.version: '11.0.10'
Driver info: org.openqa.selenium.chrome.ChromeDriver
Capabilities {acceptInsecureCerts: false, browserName: chrome, browserVersion: 105.0.5195.102, chrome: {chromedriverVersion: 105.0.5195.52 (412c95e51883..., userDataDir: C:\Users\SWAMYK~1\AppData\L...}, goog:chromeOptions: {debuggerAddress: localhost:60396}, javascriptEnabled: true, networkConnectionEnabled: false, pageLoadStrategy: normal, platform: WINDOWS, platformName: WINDOWS, proxy: Proxy(), setWindowRect: true, strictFileInteractability: false, timeouts: {implicit: 0, pageLoad: 300000, script: 30000}, unhandledPromptBehavior: dismiss and notify, webauthn:extension:credBlob: true, webauthn:extension:largeBlob: true, webauthn:virtualAuthenticators: true}
Session ID: c91ac1c802594e1761d33ce44e6ffb13
[ERROR][03-Sep-2022 11:21:25 AM] AnswerVotingFeedbackReport.testSignout:(230) - Logout/SignOut un-successfull
