[INFO ][16-Nov-2021 11:26:44 am] Selenium_Wrapper.openBrowser:(48) - Opening chrome browser.
[INFO ][16-Nov-2021 11:26:51 am] Selenium_Wrapper.enterURL:(82) - Entering url :https://macu1--tst.custhelp.com/app/home
[INFO ][16-Nov-2021 11:26:55 am] Selenium_Wrapper.enterText:(311) - Entering Text :pramodk in WebElement :[[ChromeDriver: chrome on WINDOWS (ba40cb2a4c514ae8b19d8a14b4829564)] -> id: rn_LoginForm_2_Username]
[INFO ][16-Nov-2021 11:26:56 am] Selenium_Wrapper.enterText:(311) - Entering Text :Soft@123 in WebElement :[[ChromeDriver: chrome on WINDOWS (ba40cb2a4c514ae8b19d8a14b4829564)] -> id: rn_LoginForm_2_Password]
[INFO ][16-Nov-2021 11:27:03 am] Selenium_Wrapper.click:(199) - Clicking on :[[ChromeDriver: chrome on WINDOWS (ba40cb2a4c514ae8b19d8a14b4829564)] -> id: rn_LoginForm_2_Submit]
[INFO ][16-Nov-2021 11:27:13 am] Selenium_Wrapper.click:(199) - Clicking on :[[ChromeDriver: chrome on WINDOWS (ba40cb2a4c514ae8b19d8a14b4829564)] -> xpath: //input[@type='search']]
[INFO ][16-Nov-2021 11:27:14 am] Selenium_Wrapper.enterText:(311) - Entering Text :Auto Loan in WebElement :[[ChromeDriver: chrome on WINDOWS (ba40cb2a4c514ae8b19d8a14b4829564)] -> xpath: //input[@type='search']]
[INFO ][16-Nov-2021 11:27:28 am] Selenium_Wrapper.click:(199) - Clicking on :[[ChromeDriver: chrome on WINDOWS (ba40cb2a4c514ae8b19d8a14b4829564)] -> xpath: //ul[@aria-label='Suggested Search']//li[normalize-space()= 'Auto Loan' ]]
[ERROR][16-Nov-2021 11:27:35 am] ArticlePage.testSearchPage:(34) - Search and Select Article Test case is un-successfull
[ERROR][16-Nov-2021 11:27:39 am] ArticlePage.testBookmarkArticle:(55) - Bookmark Article Test case is un-successfull
[ERROR][16-Nov-2021 11:27:47 am] ArticlePage.testShareEmail:(74) - Share Email Test case is un-successfull
[INFO ][16-Nov-2021 11:27:55 am] Selenium_Wrapper.click:(199) - Clicking on :[[ChromeDriver: chrome on WINDOWS (ba40cb2a4c514ae8b19d8a14b4829564)] -> xpath: //input[@type='search']]
[INFO ][16-Nov-2021 11:27:56 am] Selenium_Wrapper.enterText:(311) - Entering Text :COVID-19 Critical Updates in WebElement :[[ChromeDriver: chrome on WINDOWS (ba40cb2a4c514ae8b19d8a14b4829564)] -> xpath: //input[@type='search']]
[INFO ][16-Nov-2021 11:28:07 am] Selenium_Wrapper.click:(199) - Clicking on :[[ChromeDriver: chrome on WINDOWS (ba40cb2a4c514ae8b19d8a14b4829564)] -> xpath: //ul[@aria-label='Suggested Search']//li[normalize-space()='COVID-19 Critical Updates']]
[ERROR][16-Nov-2021 11:28:14 am] ArticlePage.testSearchArticle:(92) - Search Existing Article Test case is un-successfull
[ERROR][16-Nov-2021 11:28:22 am] Selenium_Wrapper.highlightWebElement:(417) - org.openqa.selenium.NoSuchElementException: no such element: Unable to locate element: {"method":"xpath","selector":"//a[@class='add_bookmarkButton']//img[@class='bookmark_icon_blank']"}
  (Session info: chrome=95.0.4638.69)
For documentation on this error, please visit: https://www.seleniumhq.org/exceptions/no_such_element.html
Build info: version: '3.141.59', revision: 'e82be7d358', time: '2018-11-14T08:17:03'
System info: host: 'DESKTOP-N43657M', ip: '192.168.29.58', os.name: 'Windows 10', os.arch: 'amd64', os.version: '10.0', java.version: '16.0.1'
Driver info: org.openqa.selenium.chrome.ChromeDriver
Capabilities {acceptInsecureCerts: false, browserName: chrome, browserVersion: 95.0.4638.69, chrome: {chromedriverVersion: 95.0.4638.17 (a9d0719444d4b..., userDataDir: C:\Users\Pramod\AppData\Loc...}, goog:chromeOptions: {debuggerAddress: localhost:53172}, javascriptEnabled: true, networkConnectionEnabled: false, pageLoadStrategy: normal, platform: WINDOWS, platformName: WINDOWS, proxy: Proxy(), setWindowRect: true, strictFileInteractability: false, timeouts: {implicit: 0, pageLoad: 300000, script: 30000}, unhandledPromptBehavior: dismiss and notify, webauthn:extension:credBlob: true, webauthn:extension:largeBlob: true, webauthn:virtualAuthenticators: true}
Session ID: ba40cb2a4c514ae8b19d8a14b4829564
*** Element info: {Using=xpath, value=//a[@class='add_bookmarkButton']//img[@class='bookmark_icon_blank']}
[ERROR][16-Nov-2021 11:28:25 am] Selenium_Wrapper.highlightWebElement:(417) - org.openqa.selenium.NoSuchElementException: no such element: Unable to locate element: {"method":"xpath","selector":"//a[@class='print_anchor tooltip  prt']//img[@class='img-fluid printimg']"}
  (Session info: chrome=95.0.4638.69)
For documentation on this error, please visit: https://www.seleniumhq.org/exceptions/no_such_element.html
Build info: version: '3.141.59', revision: 'e82be7d358', time: '2018-11-14T08:17:03'
System info: host: 'DESKTOP-N43657M', ip: '192.168.29.58', os.name: 'Windows 10', os.arch: 'amd64', os.version: '10.0', java.version: '16.0.1'
Driver info: org.openqa.selenium.chrome.ChromeDriver
Capabilities {acceptInsecureCerts: false, browserName: chrome, browserVersion: 95.0.4638.69, chrome: {chromedriverVersion: 95.0.4638.17 (a9d0719444d4b..., userDataDir: C:\Users\Pramod\AppData\Loc...}, goog:chromeOptions: {debuggerAddress: localhost:53172}, javascriptEnabled: true, networkConnectionEnabled: false, pageLoadStrategy: normal, platform: WINDOWS, platformName: WINDOWS, proxy: Proxy(), setWindowRect: true, strictFileInteractability: false, timeouts: {implicit: 0, pageLoad: 300000, script: 30000}, unhandledPromptBehavior: dismiss and notify, webauthn:extension:credBlob: true, webauthn:extension:largeBlob: true, webauthn:virtualAuthenticators: true}
Session ID: ba40cb2a4c514ae8b19d8a14b4829564
*** Element info: {Using=xpath, value=//a[@class='print_anchor tooltip  prt']//img[@class='img-fluid printimg']}
[ERROR][16-Nov-2021 11:28:28 am] Selenium_Wrapper.highlightWebElement:(417) - org.openqa.selenium.NoSuchElementException: no such element: Unable to locate element: {"method":"xpath","selector":"//a[@class='share_icon_wrapper tooltip  prt']//img[@class='share_icon_default']"}
  (Session info: chrome=95.0.4638.69)
For documentation on this error, please visit: https://www.seleniumhq.org/exceptions/no_such_element.html
Build info: version: '3.141.59', revision: 'e82be7d358', time: '2018-11-14T08:17:03'
System info: host: 'DESKTOP-N43657M', ip: '192.168.29.58', os.name: 'Windows 10', os.arch: 'amd64', os.version: '10.0', java.version: '16.0.1'
Driver info: org.openqa.selenium.chrome.ChromeDriver
Capabilities {acceptInsecureCerts: false, browserName: chrome, browserVersion: 95.0.4638.69, chrome: {chromedriverVersion: 95.0.4638.17 (a9d0719444d4b..., userDataDir: C:\Users\Pramod\AppData\Loc...}, goog:chromeOptions: {debuggerAddress: localhost:53172}, javascriptEnabled: true, networkConnectionEnabled: false, pageLoadStrategy: normal, platform: WINDOWS, platformName: WINDOWS, proxy: Proxy(), setWindowRect: true, strictFileInteractability: false, timeouts: {implicit: 0, pageLoad: 300000, script: 30000}, unhandledPromptBehavior: dismiss and notify, webauthn:extension:credBlob: true, webauthn:extension:largeBlob: true, webauthn:virtualAuthenticators: true}
Session ID: ba40cb2a4c514ae8b19d8a14b4829564
*** Element info: {Using=xpath, value=//a[@class='share_icon_wrapper tooltip  prt']//img[@class='share_icon_default']}
[ERROR][16-Nov-2021 11:28:31 am] Selenium_Wrapper.highlightWebElement:(417) - org.openqa.selenium.NoSuchElementException: no such element: Unable to locate element: {"method":"xpath","selector":"//div[@class='rn_SchemaAttributeValue']//div[@class='compliance-content-box']"}
  (Session info: chrome=95.0.4638.69)
For documentation on this error, please visit: https://www.seleniumhq.org/exceptions/no_such_element.html
Build info: version: '3.141.59', revision: 'e82be7d358', time: '2018-11-14T08:17:03'
System info: host: 'DESKTOP-N43657M', ip: '192.168.29.58', os.name: 'Windows 10', os.arch: 'amd64', os.version: '10.0', java.version: '16.0.1'
Driver info: org.openqa.selenium.chrome.ChromeDriver
Capabilities {acceptInsecureCerts: false, browserName: chrome, browserVersion: 95.0.4638.69, chrome: {chromedriverVersion: 95.0.4638.17 (a9d0719444d4b..., userDataDir: C:\Users\Pramod\AppData\Loc...}, goog:chromeOptions: {debuggerAddress: localhost:53172}, javascriptEnabled: true, networkConnectionEnabled: false, pageLoadStrategy: normal, platform: WINDOWS, platformName: WINDOWS, proxy: Proxy(), setWindowRect: true, strictFileInteractability: false, timeouts: {implicit: 0, pageLoad: 300000, script: 30000}, unhandledPromptBehavior: dismiss and notify, webauthn:extension:credBlob: true, webauthn:extension:largeBlob: true, webauthn:virtualAuthenticators: true}
Session ID: ba40cb2a4c514ae8b19d8a14b4829564
*** Element info: {Using=xpath, value=//div[@class='rn_SchemaAttributeValue']//div[@class='compliance-content-box']}
[ERROR][16-Nov-2021 11:28:31 am] Selenium_Wrapper.scrollToWebElement:(487) - org.openqa.selenium.NoSuchElementException: no such element: Unable to locate element: {"method":"xpath","selector":"//a[@class='print_anchor tooltip  prt']//img[@class='img-fluid printimg']"}
  (Session info: chrome=95.0.4638.69)
For documentation on this error, please visit: https://www.seleniumhq.org/exceptions/no_such_element.html
Build info: version: '3.141.59', revision: 'e82be7d358', time: '2018-11-14T08:17:03'
System info: host: 'DESKTOP-N43657M', ip: '192.168.29.58', os.name: 'Windows 10', os.arch: 'amd64', os.version: '10.0', java.version: '16.0.1'
Driver info: org.openqa.selenium.chrome.ChromeDriver
Capabilities {acceptInsecureCerts: false, browserName: chrome, browserVersion: 95.0.4638.69, chrome: {chromedriverVersion: 95.0.4638.17 (a9d0719444d4b..., userDataDir: C:\Users\Pramod\AppData\Loc...}, goog:chromeOptions: {debuggerAddress: localhost:53172}, javascriptEnabled: true, networkConnectionEnabled: false, pageLoadStrategy: normal, platform: WINDOWS, platformName: WINDOWS, proxy: Proxy(), setWindowRect: true, strictFileInteractability: false, timeouts: {implicit: 0, pageLoad: 300000, script: 30000}, unhandledPromptBehavior: dismiss and notify, webauthn:extension:credBlob: true, webauthn:extension:largeBlob: true, webauthn:virtualAuthenticators: true}
Session ID: ba40cb2a4c514ae8b19d8a14b4829564
*** Element info: {Using=xpath, value=//a[@class='print_anchor tooltip  prt']//img[@class='img-fluid printimg']}
[ERROR][16-Nov-2021 11:28:31 am] ArticlePage.testRequests:(140) - testRequests Test case is un-successfull
[INFO ][16-Nov-2021 11:28:34 am] Selenium_Wrapper.closeCurrentBrowser:(650) - Closing the current Browser
