[INFO ][04-Oct-2023 11:26:06 am] Selenium_Wrapper.openBrowser:(48) - Opening chrome browser.
[INFO ][04-Oct-2023 11:26:15 am] Selenium_Wrapper.enterURL:(82) - Entering url :https://macu1--tst1.custhelp.com/app/home
[INFO ][04-Oct-2023 11:26:19 am] Selenium_Wrapper.enterText:(311) - Entering Text :swamyk in WebElement :[[ChromeDriver: chrome on WINDOWS (7b153791e444d625299d1aba6fb5090c)] -> id: rn_LoginForm_2_Username]
[INFO ][04-Oct-2023 11:26:20 am] Selenium_Wrapper.enterText:(311) - Entering Text :Soft@123 in WebElement :[[ChromeDriver: chrome on WINDOWS (7b153791e444d625299d1aba6fb5090c)] -> id: rn_LoginForm_2_Password]
[INFO ][04-Oct-2023 11:26:27 am] Selenium_Wrapper.click:(199) - Clicking on :[[ChromeDriver: chrome on WINDOWS (7b153791e444d625299d1aba6fb5090c)] -> id: rn_LoginForm_2_Submit]
[INFO ][04-Oct-2023 11:26:40 am] Selenium_Wrapper.click:(199) - Clicking on :[[ChromeDriver: chrome on WINDOWS (7b153791e444d625299d1aba6fb5090c)] -> class name: knowledge]
[INFO ][04-Oct-2023 11:26:47 am] Selenium_Wrapper.click:(199) - Clicking on :[[ChromeDriver: chrome on WINDOWS (7b153791e444d625299d1aba6fb5090c)] -> xpath: //div[@class='dropdown']]
[ERROR][04-Oct-2023 11:28:33 am] Selenium_Wrapper.getWebElement:(124) - org.openqa.selenium.TimeoutException: Expected condition failed: waiting for visibility of [[ChromeDriver: chrome on WINDOWS (7b153791e444d625299d1aba6fb5090c)] -> xpath: //div[@class='dropdown-content']//a[normalize-space()='My Notifications']] (tried for 100 second(s) with 500 milliseconds interval)
Build info: version: '3.141.59', revision: 'e82be7d358', time: '2018-11-14T08:17:03'
System info: host: 'CAF-QA-SWAMYK', ip: '192.168.0.6', os.name: 'Windows 10', os.arch: 'amd64', os.version: '10.0', java.version: '17.0.5'
Driver info: org.openqa.selenium.chrome.ChromeDriver
Capabilities {acceptInsecureCerts: false, browserName: chrome, browserVersion: 117.0.5938.150, chrome: {chromedriverVersion: 117.0.5938.92 (67649b10b92b..., userDataDir: C:\Users\swamyk\AppData\Loc...}, fedcm:accounts: true, goog:chromeOptions: {debuggerAddress: localhost:55539}, javascriptEnabled: true, networkConnectionEnabled: false, pageLoadStrategy: normal, platform: WINDOWS, platformName: WINDOWS, proxy: Proxy(), setWindowRect: true, strictFileInteractability: false, timeouts: {implicit: 0, pageLoad: 300000, script: 30000}, unhandledPromptBehavior: dismiss and notify, webauthn:extension:credBlob: true, webauthn:extension:largeBlob: true, webauthn:extension:minPinLength: true, webauthn:extension:prf: true, webauthn:virtualAuthenticators: true}
Session ID: 7b153791e444d625299d1aba6fb5090c
[ERROR][04-Oct-2023 11:28:33 am] QuickNavigation.testPreferencesNotificationPage:(192) - Preferences My Notification Test is un-successfull
[INFO ][04-Oct-2023 11:28:36 am] Selenium_Wrapper.closeCurrentBrowser:(651) - Closing the current Browser
