[INFO ][03-Sep-2022 11:35:53 AM] Selenium_Wrapper.openBrowser:(48) - Opening chrome browser.
[INFO ][03-Sep-2022 11:35:58 AM] Selenium_Wrapper.enterURL:(82) - Entering url :https://macu1--upgrade.custhelp.com/
[INFO ][03-Sep-2022 11:36:02 AM] Selenium_Wrapper.enterText:(311) - Entering Text :pramodk in WebElement :[[ChromeDriver: chrome on WINDOWS (a938dadad0e6bda8b27da80ccdc0ae79)] -> id: rn_LoginForm_2_Username]
[INFO ][03-Sep-2022 11:36:03 AM] Selenium_Wrapper.enterText:(311) - Entering Text :Soft@123 in WebElement :[[ChromeDriver: chrome on WINDOWS (a938dadad0e6bda8b27da80ccdc0ae79)] -> id: rn_LoginForm_2_Password]
[INFO ][03-Sep-2022 11:36:10 AM] Selenium_Wrapper.click:(199) - Clicking on :[[ChromeDriver: chrome on WINDOWS (a938dadad0e6bda8b27da80ccdc0ae79)] -> id: rn_LoginForm_2_Submit]
[INFO ][03-Sep-2022 11:36:30 AM] Selenium_Wrapper.click:(199) - Clicking on :[[ChromeDriver: chrome on WINDOWS (a938dadad0e6bda8b27da80ccdc0ae79)] -> xpath: //input[@type='search']]
[INFO ][03-Sep-2022 11:36:31 AM] Selenium_Wrapper.enterText:(311) - Entering Text :Auto Loan in WebElement :[[ChromeDriver: chrome on WINDOWS (a938dadad0e6bda8b27da80ccdc0ae79)] -> xpath: //input[@type='search']]
[ERROR][03-Sep-2022 11:36:34 AM] Selenium_Wrapper.highlightWebElement:(417) - org.openqa.selenium.NoSuchElementException: no such element: Unable to locate element: {"method":"xpath","selector":"//ul[@aria-label='Suggested Search']//li[normalize-space()='Flexible Work']"}
  (Session info: chrome=105.0.5195.102)
For documentation on this error, please visit: https://www.seleniumhq.org/exceptions/no_such_element.html
Build info: version: '3.141.59', revision: 'e82be7d358', time: '2018-11-14T08:17:03'
System info: host: 'QA-SWAMYK', ip: '192.168.0.4', os.name: 'Windows 10', os.arch: 'amd64', os.version: '10.0', java.version: '11.0.10'
Driver info: org.openqa.selenium.chrome.ChromeDriver
Capabilities {acceptInsecureCerts: false, browserName: chrome, browserVersion: 105.0.5195.102, chrome: {chromedriverVersion: 105.0.5195.52 (412c95e51883..., userDataDir: C:\Users\SWAMYK~1\AppData\L...}, goog:chromeOptions: {debuggerAddress: localhost:61180}, javascriptEnabled: true, networkConnectionEnabled: false, pageLoadStrategy: normal, platform: WINDOWS, platformName: WINDOWS, proxy: Proxy(), setWindowRect: true, strictFileInteractability: false, timeouts: {implicit: 0, pageLoad: 300000, script: 30000}, unhandledPromptBehavior: dismiss and notify, webauthn:extension:credBlob: true, webauthn:extension:largeBlob: true, webauthn:virtualAuthenticators: true}
Session ID: a938dadad0e6bda8b27da80ccdc0ae79
*** Element info: {Using=xpath, value=//ul[@aria-label='Suggested Search']//li[normalize-space()='Flexible Work']}
[ERROR][03-Sep-2022 11:36:39 AM] AnswerVotingFeedbackReport.testSearchanArticle:(40) - Search an Article in CP is un-successfull
[ERROR][03-Sep-2022 11:36:42 AM] Selenium_Wrapper.highlightWebElement:(417) - org.openqa.selenium.NoSuchElementException: no such element: Unable to locate element: {"method":"xpath","selector":"//div[@class='main_image_div']//div[@class='thumbs_up_down'][2]"}
  (Session info: chrome=105.0.5195.102)
For documentation on this error, please visit: https://www.seleniumhq.org/exceptions/no_such_element.html
Build info: version: '3.141.59', revision: 'e82be7d358', time: '2018-11-14T08:17:03'
System info: host: 'QA-SWAMYK', ip: '192.168.0.4', os.name: 'Windows 10', os.arch: 'amd64', os.version: '10.0', java.version: '11.0.10'
Driver info: org.openqa.selenium.chrome.ChromeDriver
Capabilities {acceptInsecureCerts: false, browserName: chrome, browserVersion: 105.0.5195.102, chrome: {chromedriverVersion: 105.0.5195.52 (412c95e51883..., userDataDir: C:\Users\SWAMYK~1\AppData\L...}, goog:chromeOptions: {debuggerAddress: localhost:61180}, javascriptEnabled: true, networkConnectionEnabled: false, pageLoadStrategy: normal, platform: WINDOWS, platformName: WINDOWS, proxy: Proxy(), setWindowRect: true, strictFileInteractability: false, timeouts: {implicit: 0, pageLoad: 300000, script: 30000}, unhandledPromptBehavior: dismiss and notify, webauthn:extension:credBlob: true, webauthn:extension:largeBlob: true, webauthn:virtualAuthenticators: true}
Session ID: a938dadad0e6bda8b27da80ccdc0ae79
*** Element info: {Using=xpath, value=//div[@class='main_image_div']//div[@class='thumbs_up_down'][2]}
