[INFO ][04-Dec-2023 11:46:22 AM] Selenium_Wrapper.openBrowser:(48) - Opening chrome browser.
[INFO ][04-Dec-2023 11:46:27 AM] Selenium_Wrapper.enterURL:(82) - Entering url :https://macu1--tst1.custhelp.com/app/home
[INFO ][04-Dec-2023 11:46:31 AM] Selenium_Wrapper.enterText:(311) - Entering Text :swamyk in WebElement :[[ChromeDriver: chrome on WINDOWS (f80d0d815181ded28bccb9aaf19e8aa6)] -> id: rn_LoginForm_2_Username]
[INFO ][04-Dec-2023 11:46:32 AM] Selenium_Wrapper.enterText:(311) - Entering Text :Soft@123 in WebElement :[[ChromeDriver: chrome on WINDOWS (f80d0d815181ded28bccb9aaf19e8aa6)] -> id: rn_LoginForm_2_Password]
[INFO ][04-Dec-2023 11:46:40 AM] Selenium_Wrapper.click:(199) - Clicking on :[[ChromeDriver: chrome on WINDOWS (f80d0d815181ded28bccb9aaf19e8aa6)] -> id: rn_LoginForm_2_Submit]
[INFO ][04-Dec-2023 11:46:56 AM] Selenium_Wrapper.click:(199) - Clicking on :[[ChromeDriver: chrome on WINDOWS (f80d0d815181ded28bccb9aaf19e8aa6)] -> xpath: //div[@class='dropdown']]
[INFO ][04-Dec-2023 11:47:04 AM] Selenium_Wrapper.click:(199) - Clicking on :[[ChromeDriver: chrome on WINDOWS (f80d0d815181ded28bccb9aaf19e8aa6)] -> xpath: //a[text()='My Feedback']]
[INFO ][04-Dec-2023 11:47:05 AM] Selenium_Wrapper.enterText:(311) - Entering Text :Business Auto Loan - ALPS 1.0 in WebElement :[[ChromeDriver: chrome on WINDOWS (f80d0d815181ded28bccb9aaf19e8aa6)] -> xpath: //input[@placeholder='Search Your Feedback Report']]
[INFO ][04-Dec-2023 11:47:19 AM] Selenium_Wrapper.click:(199) - Clicking on :[[ChromeDriver: chrome on WINDOWS (f80d0d815181ded28bccb9aaf19e8aa6)] -> xpath: //div[@class='rn_SearchInput1 mt-3']//span[@class='btn-srch-icon']//i[@class='fa fa-search']]
[ERROR][04-Dec-2023 11:47:27 AM] Selenium_Wrapper.highlightWebElement:(417) - org.openqa.selenium.NoSuchElementException: no such element: Unable to locate element: {"method":"xpath","selector":"//tr[@data-yui3-record='model_11']//td[@headers='Grid_6_c1']/a"}
  (Session info: chrome=119.0.6045.200)
For documentation on this error, please visit: https://www.seleniumhq.org/exceptions/no_such_element.html
Build info: version: '3.141.59', revision: 'e82be7d358', time: '2018-11-14T08:17:03'
System info: host: 'DESKTOP-19CIHS2', ip: '192.168.0.5', os.name: 'Windows 10', os.arch: 'amd64', os.version: '10.0', java.version: '17.0.5'
Driver info: org.openqa.selenium.chrome.ChromeDriver
Capabilities {acceptInsecureCerts: false, browserName: chrome, browserVersion: 119.0.6045.200, chrome: {chromedriverVersion: 119.0.6045.105 (38c72552c5e..., userDataDir: C:\Users\swamyk\AppData\Loc...}, fedcm:accounts: true, goog:chromeOptions: {debuggerAddress: localhost:65106}, javascriptEnabled: true, networkConnectionEnabled: false, pageLoadStrategy: normal, platform: WINDOWS, platformName: WINDOWS, proxy: Proxy(), setWindowRect: true, strictFileInteractability: false, timeouts: {implicit: 0, pageLoad: 300000, script: 30000}, unhandledPromptBehavior: dismiss and notify, webauthn:extension:credBlob: true, webauthn:extension:largeBlob: true, webauthn:extension:minPinLength: true, webauthn:extension:prf: true, webauthn:virtualAuthenticators: true}
Session ID: f80d0d815181ded28bccb9aaf19e8aa6
*** Element info: {Using=xpath, value=//tr[@data-yui3-record='model_11']//td[@headers='Grid_6_c1']/a}
[INFO ][04-Dec-2023 11:47:42 AM] Selenium_Wrapper.click:(199) - Clicking on :[[ChromeDriver: chrome on WINDOWS (f80d0d815181ded28bccb9aaf19e8aa6)] -> xpath: //tr[@data-yui3-record='model_11']//td[@headers='Grid_6_c1']/a]
[ERROR][04-Dec-2023 11:47:56 AM] Selenium_Wrapper.highlightWebElement:(417) - org.openqa.selenium.NoSuchElementException: no such element: Unable to locate element: {"method":"xpath","selector":"//li//div[normalize-space()='Unresolved']"}
  (Session info: chrome=119.0.6045.200)
For documentation on this error, please visit: https://www.seleniumhq.org/exceptions/no_such_element.html
Build info: version: '3.141.59', revision: 'e82be7d358', time: '2018-11-14T08:17:03'
System info: host: 'DESKTOP-19CIHS2', ip: '192.168.0.5', os.name: 'Windows 10', os.arch: 'amd64', os.version: '10.0', java.version: '17.0.5'
Driver info: org.openqa.selenium.chrome.ChromeDriver
Capabilities {acceptInsecureCerts: false, browserName: chrome, browserVersion: 119.0.6045.200, chrome: {chromedriverVersion: 119.0.6045.105 (38c72552c5e..., userDataDir: C:\Users\swamyk\AppData\Loc...}, fedcm:accounts: true, goog:chromeOptions: {debuggerAddress: localhost:65106}, javascriptEnabled: true, networkConnectionEnabled: false, pageLoadStrategy: normal, platform: WINDOWS, platformName: WINDOWS, proxy: Proxy(), setWindowRect: true, strictFileInteractability: false, timeouts: {implicit: 0, pageLoad: 300000, script: 30000}, unhandledPromptBehavior: dismiss and notify, webauthn:extension:credBlob: true, webauthn:extension:largeBlob: true, webauthn:extension:minPinLength: true, webauthn:extension:prf: true, webauthn:virtualAuthenticators: true}
Session ID: f80d0d815181ded28bccb9aaf19e8aa6
*** Element info: {Using=xpath, value=//li//div[normalize-space()='Unresolved']}
[INFO ][04-Dec-2023 11:48:24 AM] Selenium_Wrapper.click:(199) - Clicking on :[[ChromeDriver: chrome on WINDOWS (f80d0d815181ded28bccb9aaf19e8aa6)] -> class name: knowledge]
[INFO ][04-Dec-2023 11:48:27 AM] Selenium_Wrapper.closeCurrentBrowser:(651) - Closing the current Browser
