[INFO ][01-Sep-2022 11:45:07 AM] Selenium_Wrapper.openBrowser:(48) - Opening chrome browser.
[INFO ][01-Sep-2022 11:45:12 AM] Selenium_Wrapper.enterURL:(82) - Entering url :https://macu1--upgrade.custhelp.com/
[INFO ][01-Sep-2022 11:45:16 AM] Selenium_Wrapper.enterText:(311) - Entering Text :pramodk in WebElement :[[ChromeDriver: chrome on WINDOWS (9a61a193581fabd1418b1b5ddce7fd77)] -> id: rn_LoginForm_2_Username]
[INFO ][01-Sep-2022 11:45:17 AM] Selenium_Wrapper.enterText:(311) - Entering Text :Soft@123 in WebElement :[[ChromeDriver: chrome on WINDOWS (9a61a193581fabd1418b1b5ddce7fd77)] -> id: rn_LoginForm_2_Password]
[INFO ][01-Sep-2022 11:45:24 AM] Selenium_Wrapper.click:(199) - Clicking on :[[ChromeDriver: chrome on WINDOWS (9a61a193581fabd1418b1b5ddce7fd77)] -> id: rn_LoginForm_2_Submit]
[INFO ][01-Sep-2022 11:45:53 AM] Selenium_Wrapper.click:(199) - Clicking on :[[ChromeDriver: chrome on WINDOWS (9a61a193581fabd1418b1b5ddce7fd77)] -> xpath: //p[@class='search_text']//a[text()='browse all PAGES']]
[INFO ][01-Sep-2022 11:46:09 AM] Selenium_Wrapper.click:(199) - Clicking on :[[ChromeDriver: chrome on WINDOWS (9a61a193581fabd1418b1b5ddce7fd77)] -> class name: knowledge]
[ERROR][01-Sep-2022 11:46:53 AM] Selenium_Wrapper.highlightWebElement:(417) - org.openqa.selenium.NoSuchElementException: no such element: Unable to locate element: {"method":"xpath","selector":"//h2[normalize-space()='TRENDING FOR']"}
  (Session info: chrome=105.0.5195.54)
For documentation on this error, please visit: https://www.seleniumhq.org/exceptions/no_such_element.html
Build info: version: '3.141.59', revision: 'e82be7d358', time: '2018-11-14T08:17:03'
System info: host: 'QA-SWAMYK', ip: '192.168.0.4', os.name: 'Windows 10', os.arch: 'amd64', os.version: '10.0', java.version: '11.0.10'
Driver info: org.openqa.selenium.chrome.ChromeDriver
Capabilities {acceptInsecureCerts: false, browserName: chrome, browserVersion: 105.0.5195.54, chrome: {chromedriverVersion: 105.0.5195.52 (412c95e51883..., userDataDir: C:\Users\SWAMYK~1\AppData\L...}, goog:chromeOptions: {debuggerAddress: localhost:53409}, javascriptEnabled: true, networkConnectionEnabled: false, pageLoadStrategy: normal, platform: WINDOWS, platformName: WINDOWS, proxy: Proxy(), setWindowRect: true, strictFileInteractability: false, timeouts: {implicit: 0, pageLoad: 300000, script: 30000}, unhandledPromptBehavior: dismiss and notify, webauthn:extension:credBlob: true, webauthn:extension:largeBlob: true, webauthn:virtualAuthenticators: true}
Session ID: 9a61a193581fabd1418b1b5ddce7fd77
*** Element info: {Using=xpath, value=//h2[normalize-space()='TRENDING FOR']}
[INFO ][01-Sep-2022 11:47:04 AM] Selenium_Wrapper.click:(199) - Clicking on :[[ChromeDriver: chrome on WINDOWS (9a61a193581fabd1418b1b5ddce7fd77)] -> xpath: //div[@id='rn_RequestUpdate_9_RecommendContent']//button]
[INFO ][01-Sep-2022 11:47:05 AM] Selenium_Wrapper.enterText:(311) - Entering Text :Test Improve, comments, updates in WebElement :[[ChromeDriver: chrome on WINDOWS (9a61a193581fabd1418b1b5ddce7fd77)] -> xpath: //textarea[@id='rn_RequestUpdate_9_Description']]
[INFO ][01-Sep-2022 11:47:11 AM] Selenium_Wrapper.click:(199) - Clicking on :[[ChromeDriver: chrome on WINDOWS (9a61a193581fabd1418b1b5ddce7fd77)] -> xpath: //span[@class='yui3-widget-buttons']//button[@class='yui3-button yui3-button-close']]
[ERROR][01-Sep-2022 11:47:14 AM] Selenium_Wrapper.highlightWebElement:(417) - org.openqa.selenium.NoSuchElementException: no such element: Unable to locate element: {"method":"css selector","selector":".emoji\ d\-flex"}
  (Session info: chrome=105.0.5195.54)
For documentation on this error, please visit: https://www.seleniumhq.org/exceptions/no_such_element.html
Build info: version: '3.141.59', revision: 'e82be7d358', time: '2018-11-14T08:17:03'
System info: host: 'QA-SWAMYK', ip: '192.168.0.4', os.name: 'Windows 10', os.arch: 'amd64', os.version: '10.0', java.version: '11.0.10'
Driver info: org.openqa.selenium.chrome.ChromeDriver
Capabilities {acceptInsecureCerts: false, browserName: chrome, browserVersion: 105.0.5195.54, chrome: {chromedriverVersion: 105.0.5195.52 (412c95e51883..., userDataDir: C:\Users\SWAMYK~1\AppData\L...}, goog:chromeOptions: {debuggerAddress: localhost:53409}, javascriptEnabled: true, networkConnectionEnabled: false, pageLoadStrategy: normal, platform: WINDOWS, platformName: WINDOWS, proxy: Proxy(), setWindowRect: true, strictFileInteractability: false, timeouts: {implicit: 0, pageLoad: 300000, script: 30000}, unhandledPromptBehavior: dismiss and notify, webauthn:extension:credBlob: true, webauthn:extension:largeBlob: true, webauthn:virtualAuthenticators: true}
Session ID: 9a61a193581fabd1418b1b5ddce7fd77
*** Element info: {Using=class name, value=emoji d-flex}
[INFO ][01-Sep-2022 11:47:19 AM] Selenium_Wrapper.click:(199) - Clicking on :[[ChromeDriver: chrome on WINDOWS (9a61a193581fabd1418b1b5ddce7fd77)] -> xpath: //div[@class='emoji d-flex']//a[@class='smile']]
[INFO ][01-Sep-2022 11:47:34 AM] Selenium_Wrapper.click:(199) - Clicking on :[[ChromeDriver: chrome on WINDOWS (9a61a193581fabd1418b1b5ddce7fd77)] -> xpath: //h2[@class='footer_heading']/a[text()='Browse all pages']]
[ERROR][01-Sep-2022 11:47:54 AM] HomePage.testFooterLinks:(135) - Footer Links Test is un-successfull
[INFO ][01-Sep-2022 11:47:57 AM] Selenium_Wrapper.closeCurrentBrowser:(650) - Closing the current Browser
