[INFO ][05-Jun-2024 11:43:33 AM] Selenium_Wrapper.openBrowser:(54) - Opening chrome browser.
[INFO ][05-Jun-2024 11:44:53 AM] Selenium_Wrapper.enterURL:(88) - Entering url :https://macu1--tst1.custhelp.com/app/home
[INFO ][05-Jun-2024 11:44:58 AM] Selenium_Wrapper.enterText:(317) - Entering Text :swamyk in WebElement :[[ChromeDriver: chrome on WINDOWS (ef41852518ff82087a2d88b2c3c8c298)] -> id: rn_LoginForm_2_Username]
[INFO ][05-Jun-2024 11:44:59 AM] Selenium_Wrapper.enterText:(317) - Entering Text :Soft@123 in WebElement :[[ChromeDriver: chrome on WINDOWS (ef41852518ff82087a2d88b2c3c8c298)] -> id: rn_LoginForm_2_Password]
[INFO ][05-Jun-2024 11:45:04 AM] Selenium_Wrapper.click:(205) - Clicking on :[[ChromeDriver: chrome on WINDOWS (ef41852518ff82087a2d88b2c3c8c298)] -> id: rn_LoginForm_2_Submit]
[ERROR][05-Jun-2024 11:45:12 AM] Selenium_Wrapper.highlightWebElement:(423) - org.openqa.selenium.NoSuchElementException: no such element: Unable to locate element: {"method":"xpath","selector":"//a[text()='browse all PAGES']"}
  (Session info: chrome=125.0.6422.142)
For documentation on this error, please visit: https://www.seleniumhq.org/exceptions/no_such_element.html
Build info: version: '3.141.59', revision: 'e82be7d358', time: '2018-11-14T08:17:03'
System info: host: 'SC-CAF-CND84305', ip: '192.168.1.100', os.name: 'Windows 10', os.arch: 'amd64', os.version: '10.0', java.version: '21.0.2'
Driver info: org.openqa.selenium.chrome.ChromeDriver
Capabilities {acceptInsecureCerts: false, browserName: chrome, browserVersion: 125.0.6422.142, chrome: {chromedriverVersion: 125.0.6422.141 (4b1e8393712..., userDataDir: C:\Users\SWAMYK~1\AppData\L...}, fedcm:accounts: true, goog:chromeOptions: {debuggerAddress: localhost:57021}, javascriptEnabled: true, networkConnectionEnabled: false, pageLoadStrategy: normal, platform: WINDOWS, platformName: WINDOWS, proxy: Proxy(), setWindowRect: true, strictFileInteractability: false, timeouts: {implicit: 0, pageLoad: 300000, script: 30000}, unhandledPromptBehavior: dismiss and notify, webauthn:extension:credBlob: true, webauthn:extension:largeBlob: true, webauthn:extension:minPinLength: true, webauthn:extension:prf: true, webauthn:virtualAuthenticators: true}
Session ID: ef41852518ff82087a2d88b2c3c8c298
*** Element info: {Using=xpath, value=//a[text()='browse all PAGES']}
[INFO ][05-Jun-2024 11:46:06 AM] Selenium_Wrapper.click:(205) - Clicking on :[[ChromeDriver: chrome on WINDOWS (ef41852518ff82087a2d88b2c3c8c298)] -> xpath: //a[text()='browse all PAGES']]
[INFO ][05-Jun-2024 11:46:18 AM] Selenium_Wrapper.click:(205) - Clicking on :[[ChromeDriver: chrome on WINDOWS (ef41852518ff82087a2d88b2c3c8c298)] -> xpath: (//div[@id='category']//following-sibling::ul//a)[1]]
[INFO ][05-Jun-2024 11:46:36 AM] Selenium_Wrapper.click:(205) - Clicking on :[[ChromeDriver: chrome on WINDOWS (ef41852518ff82087a2d88b2c3c8c298)] -> xpath: //a[text()='Business Accounts']]
[DEBUG][05-Jun-2024 11:49:58 AM] Selenium_Wrapper.click:(216) - Handled ElementClickInterceptedException and Clicked on :[[ChromeDriver: chrome on WINDOWS (ef41852518ff82087a2d88b2c3c8c298)] -> xpath: (//div[@id='category']//following-sibling::ul//a)[1]]
[INFO ][05-Jun-2024 11:50:11 AM] Selenium_Wrapper.click:(205) - Clicking on :[[ChromeDriver: chrome on WINDOWS (ef41852518ff82087a2d88b2c3c8c298)] -> xpath: //a[text()='Employee Experience']]
[ERROR][05-Jun-2024 11:50:27 AM] BrowseAllPages.testFilterByProductAndFilterByCategory:(212) - Filter By Product And Filter By Category testing Test is un-successfull
