[INFO ][05-Jun-2024 11:52:49 AM] Selenium_Wrapper.openBrowser:(54) - Opening chrome browser.
[INFO ][05-Jun-2024 11:54:51 AM] Selenium_Wrapper.enterURL:(88) - Entering url :https://macu1--tst1.custhelp.com/app/home
[INFO ][05-Jun-2024 11:54:56 AM] Selenium_Wrapper.enterText:(317) - Entering Text :swamyk in WebElement :[[ChromeDriver: chrome on WINDOWS (a1ddb85a8eae4d771864814383366b6a)] -> id: rn_LoginForm_2_Username]
[INFO ][05-Jun-2024 11:54:57 AM] Selenium_Wrapper.enterText:(317) - Entering Text :Soft@123 in WebElement :[[ChromeDriver: chrome on WINDOWS (a1ddb85a8eae4d771864814383366b6a)] -> id: rn_LoginForm_2_Password]
[INFO ][05-Jun-2024 11:55:01 AM] Selenium_Wrapper.click:(205) - Clicking on :[[ChromeDriver: chrome on WINDOWS (a1ddb85a8eae4d771864814383366b6a)] -> id: rn_LoginForm_2_Submit]
[INFO ][05-Jun-2024 11:56:12 AM] Selenium_Wrapper.click:(205) - Clicking on :[[ChromeDriver: chrome on WINDOWS (a1ddb85a8eae4d771864814383366b6a)] -> xpath: //a[text()='browse all PAGES']]
[INFO ][05-Jun-2024 11:56:43 AM] Selenium_Wrapper.click:(205) - Clicking on :[[ChromeDriver: chrome on WINDOWS (a1ddb85a8eae4d771864814383366b6a)] -> xpath: //a[text()='VIEW A-Z INDEX']]
[INFO ][05-Jun-2024 11:57:21 AM] Selenium_Wrapper.enterText:(317) - Entering Text :100% First Time Home Buyer Loan in WebElement :[[ChromeDriver: chrome on WINDOWS (a1ddb85a8eae4d771864814383366b6a)] -> xpath: //input[@type='search']]
[ERROR][05-Jun-2024 11:58:01 AM] Selenium_Wrapper.highlightWebElement:(423) - org.openqa.selenium.NoSuchElementException: no such element: Unable to locate element: {"method":"xpath","selector":"//div[@id='rn_PageTitle']//a[text()='BROWSE ALL PAGES']"}
  (Session info: chrome=125.0.6422.142)
For documentation on this error, please visit: https://www.seleniumhq.org/exceptions/no_such_element.html
Build info: version: '3.141.59', revision: 'e82be7d358', time: '2018-11-14T08:17:03'
System info: host: 'SC-CAF-CND84305', ip: '192.168.1.100', os.name: 'Windows 10', os.arch: 'amd64', os.version: '10.0', java.version: '21.0.2'
Driver info: org.openqa.selenium.chrome.ChromeDriver
Capabilities {acceptInsecureCerts: false, browserName: chrome, browserVersion: 125.0.6422.142, chrome: {chromedriverVersion: 125.0.6422.141 (4b1e8393712..., userDataDir: C:\Users\SWAMYK~1\AppData\L...}, fedcm:accounts: true, goog:chromeOptions: {debuggerAddress: localhost:57390}, javascriptEnabled: true, networkConnectionEnabled: false, pageLoadStrategy: normal, platform: WINDOWS, platformName: WINDOWS, proxy: Proxy(), setWindowRect: true, strictFileInteractability: false, timeouts: {implicit: 0, pageLoad: 300000, script: 30000}, unhandledPromptBehavior: dismiss and notify, webauthn:extension:credBlob: true, webauthn:extension:largeBlob: true, webauthn:extension:minPinLength: true, webauthn:extension:prf: true, webauthn:virtualAuthenticators: true}
Session ID: a1ddb85a8eae4d771864814383366b6a
*** Element info: {Using=xpath, value=//div[@id='rn_PageTitle']//a[text()='BROWSE ALL PAGES']}
[ERROR][05-Jun-2024 11:58:03 AM] BrowseAllPages.testVerifyKeyWords:(312) - Verify KeyWords Test is un-successfull
[INFO ][05-Jun-2024 11:58:06 AM] Selenium_Wrapper.closeCurrentBrowser:(657) - Closing the current Browser
