[INFO ][27-Jul-2023 11:50:57 am] Selenium_Wrapper.openBrowser:(48) - Opening chrome browser.
[INFO ][27-Jul-2023 11:50:59 am] Selenium_Wrapper.enterURL:(82) - Entering url :https://macu1--tst1.custhelp.com/app/home
[ERROR][27-Jul-2023 11:51:03 am] MACU_Wrapper.signIntoCP:(23) - Error in the signin process
[ERROR][27-Jul-2023 11:51:10 am] AnswerVotingFeedbackReport.testSearchanArticle:(34) - Search an Article in CP is un-successfull
[ERROR][27-Jul-2023 11:51:10 am] Selenium_Wrapper.scrollToWebElement:(487) - org.openqa.selenium.NoSuchWindowException: no such window: target window already closed
from unknown error: web view not found
  (Session info: chrome=115.0.5790.110)
Build info: version: '3.141.59', revision: 'e82be7d358', time: '2018-11-14T08:17:03'
System info: host: 'CAF-QA-SWAMYK', ip: '192.168.0.6', os.name: 'Windows 10', os.arch: 'amd64', os.version: '10.0', java.version: '17.0.5'
Driver info: org.openqa.selenium.chrome.ChromeDriver
Capabilities {acceptInsecureCerts: false, browserName: chrome, browserVersion: 115.0.5790.110, chrome: {chromedriverVersion: 114.0.5735.90 (386bc09e8f4f..., userDataDir: C:\Users\swamyk\AppData\Loc...}, goog:chromeOptions: {debuggerAddress: localhost:57085}, javascriptEnabled: true, networkConnectionEnabled: false, pageLoadStrategy: normal, platform: WINDOWS, platformName: WINDOWS, proxy: Proxy(), setWindowRect: true, strictFileInteractability: false, timeouts: {implicit: 0, pageLoad: 300000, script: 30000}, unhandledPromptBehavior: dismiss and notify, webauthn:extension:credBlob: true, webauthn:extension:largeBlob: true, webauthn:extension:minPinLength: true, webauthn:extension:prf: true, webauthn:virtualAuthenticators: true}
Session ID: 342b6cc91c3000592ca65dc611e16d71
*** Element info: {Using=xpath, value=//div[@class='rn_SearchInput']//input[@type='search']}
[ERROR][27-Jul-2023 11:51:10 am] AnswerVotingFeedbackReport.testFeedbackPage:(57) - Thumbs Up & Down Test is un-successfull
[ERROR][27-Jul-2023 11:51:17 am] AnswerVotingFeedbackReport.testMyFeedbackStatus:(92) - My Feedback Article Status in CP Test is un-successfull
[INFO ][27-Jul-2023 11:51:18 am] Selenium_Wrapper.openBrowser:(48) - Opening chrome browser.
