[INFO ][04-Sep-2022 12:06:48 PM] Selenium_Wrapper.openBrowser:(48) - Opening chrome browser.
[INFO ][04-Sep-2022 12:06:52 PM] Selenium_Wrapper.enterURL:(82) - Entering url :https://macu1--upgrade.custhelp.com/AgentWeb/
[INFO ][04-Sep-2022 12:06:56 PM] Selenium_Wrapper.enterText:(311) - Entering Text :RNT_pramod in WebElement :[[ChromeDriver: chrome on WINDOWS (86fd3c87acdc30b6d45bba0f9e60ccfa)] -> id: username]
[INFO ][04-Sep-2022 12:06:57 PM] Selenium_Wrapper.enterText:(311) - Entering Text :Welcome123 in WebElement :[[ChromeDriver: chrome on WINDOWS (86fd3c87acdc30b6d45bba0f9e60ccfa)] -> id: password]
[INFO ][04-Sep-2022 12:07:33 PM] Selenium_Wrapper.click:(199) - Clicking on :[[ChromeDriver: chrome on WINDOWS (86fd3c87acdc30b6d45bba0f9e60ccfa)] -> id: loginbutton]
[INFO ][04-Sep-2022 12:07:41 PM] Selenium_Wrapper.click:(199) - Clicking on :[[ChromeDriver: chrome on WINDOWS (86fd3c87acdc30b6d45bba0f9e60ccfa)] -> xpath: //div[@id='landingPanel-notifications']//button[@class='oj-button oj-button-half-chrome mobile-close-icon mobile-close-button closeFoldout']//label[text()='Close Action Center']]
[INFO ][04-Sep-2022 12:07:48 PM] Selenium_Wrapper.click:(199) - Clicking on :[[ChromeDriver: chrome on WINDOWS (86fd3c87acdc30b6d45bba0f9e60ccfa)] -> xpath: //oj-button[@id='navigationSetBtn']]
[INFO ][04-Sep-2022 12:07:53 PM] Selenium_Wrapper.click:(199) - Clicking on :[[ChromeDriver: chrome on WINDOWS (86fd3c87acdc30b6d45bba0f9e60ccfa)] -> xpath: (//div[text()='Analytics']//a)]
[INFO ][04-Sep-2022 12:07:59 PM] Selenium_Wrapper.click:(199) - Clicking on :[[ChromeDriver: chrome on WINDOWS (86fd3c87acdc30b6d45bba0f9e60ccfa)] -> xpath: //span[text()='Reports Explorer']]
[INFO ][04-Sep-2022 12:08:04 PM] Selenium_Wrapper.click:(199) - Clicking on :[[ChromeDriver: chrome on WINDOWS (86fd3c87acdc30b6d45bba0f9e60ccfa)] -> xpath: //div[text()='Public Reports']]
[INFO ][04-Sep-2022 12:08:10 PM] Selenium_Wrapper.click:(199) - Clicking on :[[ChromeDriver: chrome on WINDOWS (86fd3c87acdc30b6d45bba0f9e60ccfa)] -> xpath: //div[text()='MACU CUSTOM REPORTS']]
[INFO ][04-Sep-2022 12:08:15 PM] Selenium_Wrapper.click:(199) - Clicking on :[[ChromeDriver: chrome on WINDOWS (86fd3c87acdc30b6d45bba0f9e60ccfa)] -> xpath: //div[text()='SoftClouds']]
[INFO ][04-Sep-2022 12:08:20 PM] Selenium_Wrapper.click:(199) - Clicking on :[[ChromeDriver: chrome on WINDOWS (86fd3c87acdc30b6d45bba0f9e60ccfa)] -> xpath: //div[text()='OKCS']]
[ERROR][04-Sep-2022 12:08:27 PM] Selenium_Wrapper.scrollToWebElement:(487) - org.openqa.selenium.NoSuchElementException: no such element: Unable to locate element: {"method":"xpath","selector":"//span[text()='User Specific Search']"}
  (Session info: chrome=105.0.5195.102)
For documentation on this error, please visit: https://www.seleniumhq.org/exceptions/no_such_element.html
Build info: version: '3.141.59', revision: 'e82be7d358', time: '2018-11-14T08:17:03'
System info: host: 'QA-SWAMYK', ip: '192.168.0.4', os.name: 'Windows 10', os.arch: 'amd64', os.version: '10.0', java.version: '11.0.10'
Driver info: org.openqa.selenium.chrome.ChromeDriver
Capabilities {acceptInsecureCerts: false, browserName: chrome, browserVersion: 105.0.5195.102, chrome: {chromedriverVersion: 105.0.5195.52 (412c95e51883..., userDataDir: C:\Users\SWAMYK~1\AppData\L...}, goog:chromeOptions: {debuggerAddress: localhost:55336}, javascriptEnabled: true, networkConnectionEnabled: false, pageLoadStrategy: normal, platform: WINDOWS, platformName: WINDOWS, proxy: Proxy(), setWindowRect: true, strictFileInteractability: false, timeouts: {implicit: 0, pageLoad: 300000, script: 30000}, unhandledPromptBehavior: dismiss and notify, webauthn:extension:credBlob: true, webauthn:extension:largeBlob: true, webauthn:virtualAuthenticators: true}
Session ID: 86fd3c87acdc30b6d45bba0f9e60ccfa
*** Element info: {Using=xpath, value=//span[text()='User Specific Search']}
[ERROR][04-Sep-2022 12:08:27 PM] SmileyFacesFeedBackReport.testSelectingandVerifyingFlow:(116) - Selecting and Verifying  un-successfull
[ERROR][04-Sep-2022 12:10:17 PM] Selenium_Wrapper.getWebElement:(124) - org.openqa.selenium.TimeoutException: Expected condition failed: waiting for visibility of [[ChromeDriver: chrome on WINDOWS (86fd3c87acdc30b6d45bba0f9e60ccfa)] -> xpath: //body//span[@id='initialsText']] (tried for 100 second(s) with 500 milliseconds interval)
Build info: version: '3.141.59', revision: 'e82be7d358', time: '2018-11-14T08:17:03'
System info: host: 'QA-SWAMYK', ip: '192.168.0.4', os.name: 'Windows 10', os.arch: 'amd64', os.version: '10.0', java.version: '11.0.10'
Driver info: org.openqa.selenium.chrome.ChromeDriver
Capabilities {acceptInsecureCerts: false, browserName: chrome, browserVersion: 105.0.5195.102, chrome: {chromedriverVersion: 105.0.5195.52 (412c95e51883..., userDataDir: C:\Users\SWAMYK~1\AppData\L...}, goog:chromeOptions: {debuggerAddress: localhost:55336}, javascriptEnabled: true, networkConnectionEnabled: false, pageLoadStrategy: normal, platform: WINDOWS, platformName: WINDOWS, proxy: Proxy(), setWindowRect: true, strictFileInteractability: false, timeouts: {implicit: 0, pageLoad: 300000, script: 30000}, unhandledPromptBehavior: dismiss and notify, webauthn:extension:credBlob: true, webauthn:extension:largeBlob: true, webauthn:virtualAuthenticators: true}
Session ID: 86fd3c87acdc30b6d45bba0f9e60ccfa
[ERROR][04-Sep-2022 12:10:17 PM] SmileyFacesFeedBackReport.testSignout:(132) - Logout/SignOut un-successfull
