[INFO ][03-Jul-2024 12:18:58 PM] Selenium_Wrapper.openBrowser:(54) - Opening chrome browser.
[INFO ][03-Jul-2024 12:19:17 PM] Selenium_Wrapper.enterURL:(88) - Entering url :https://macu1--tst1.custhelp.com/app/home
[INFO ][03-Jul-2024 12:19:21 PM] Selenium_Wrapper.enterText:(317) - Entering Text :swamyk in WebElement :[[ChromeDriver: chrome on WINDOWS (590aa05803760d4777c85aff2ee2c1f7)] -> id: rn_LoginForm_2_Username]
[INFO ][03-Jul-2024 12:19:23 PM] Selenium_Wrapper.enterText:(317) - Entering Text :Soft@123 in WebElement :[[ChromeDriver: chrome on WINDOWS (590aa05803760d4777c85aff2ee2c1f7)] -> id: rn_LoginForm_2_Password]
[INFO ][03-Jul-2024 12:19:27 PM] Selenium_Wrapper.click:(205) - Clicking on :[[ChromeDriver: chrome on WINDOWS (590aa05803760d4777c85aff2ee2c1f7)] -> id: rn_LoginForm_2_Submit]
[INFO ][03-Jul-2024 12:19:37 PM] Selenium_Wrapper.click:(205) - Clicking on :[[ChromeDriver: chrome on WINDOWS (590aa05803760d4777c85aff2ee2c1f7)] -> xpath: //input[@type='search']]
[INFO ][03-Jul-2024 12:19:38 PM] Selenium_Wrapper.enterText:(317) - Entering Text :Business Use Auto Loan in WebElement :[[ChromeDriver: chrome on WINDOWS (590aa05803760d4777c85aff2ee2c1f7)] -> xpath: //input[@type='search']]
[INFO ][03-Jul-2024 12:19:50 PM] Selenium_Wrapper.click:(205) - Clicking on :[[ChromeDriver: chrome on WINDOWS (590aa05803760d4777c85aff2ee2c1f7)] -> xpath: (//div[@class='yui3-aclist-content']//li//li)[1]]
[INFO ][03-Jul-2024 12:19:55 PM] Selenium_Wrapper.click:(205) - Clicking on :[[ChromeDriver: chrome on WINDOWS (590aa05803760d4777c85aff2ee2c1f7)] -> xpath: (//div[@class='rn_SearchResultContent']//a)[1]]
[INFO ][03-Jul-2024 12:20:06 PM] Selenium_Wrapper.click:(205) - Clicking on :[[ChromeDriver: chrome on WINDOWS (590aa05803760d4777c85aff2ee2c1f7)] -> xpath: //div[@class='main_image_div']//div[@class='thumbs_up_down'][2]]
[ERROR][03-Jul-2024 12:20:15 PM] ThumbsDownFeedBack.testFeedbackPage:(63) - Request Updates, Comments, Thumbs Up & Down Test is un-successfull
[INFO ][03-Jul-2024 12:20:19 PM] Selenium_Wrapper.click:(205) - Clicking on :[[ChromeDriver: chrome on WINDOWS (590aa05803760d4777c85aff2ee2c1f7)] -> xpath: //div[@class='dropdown']]
[INFO ][03-Jul-2024 12:20:25 PM] Selenium_Wrapper.click:(205) - Clicking on :[[ChromeDriver: chrome on WINDOWS (590aa05803760d4777c85aff2ee2c1f7)] -> xpath: //a[text()='My Feedback']]
[ERROR][03-Jul-2024 12:20:43 PM] Selenium_Wrapper.highlightWebElement:(423) - org.openqa.selenium.NoSuchElementException: no such element: Unable to locate element: {"method":"xpath","selector":"//td[normalize-space()='UNRESOLVED']"}
  (Session info: chrome=126.0.6478.127)
For documentation on this error, please visit: https://www.seleniumhq.org/exceptions/no_such_element.html
Build info: version: '3.141.59', revision: 'e82be7d358', time: '2018-11-14T08:17:03'
System info: host: 'SC-CAF-CND84305', ip: '192.168.30.14', os.name: 'Windows 10', os.arch: 'amd64', os.version: '10.0', java.version: '21.0.2'
Driver info: org.openqa.selenium.chrome.ChromeDriver
Capabilities {acceptInsecureCerts: false, browserName: chrome, browserVersion: 126.0.6478.127, chrome: {chromedriverVersion: 125.0.6422.141 (4b1e8393712..., userDataDir: C:\Users\SWAMYK~1\AppData\L...}, fedcm:accounts: true, goog:chromeOptions: {debuggerAddress: localhost:58155}, javascriptEnabled: true, networkConnectionEnabled: false, pageLoadStrategy: normal, platform: WINDOWS, platformName: WINDOWS, proxy: Proxy(), setWindowRect: true, strictFileInteractability: false, timeouts: {implicit: 0, pageLoad: 300000, script: 30000}, unhandledPromptBehavior: dismiss and notify, webauthn:extension:credBlob: true, webauthn:extension:largeBlob: true, webauthn:extension:minPinLength: true, webauthn:extension:prf: true, webauthn:virtualAuthenticators: true}
Session ID: 590aa05803760d4777c85aff2ee2c1f7
*** Element info: {Using=xpath, value=//td[normalize-space()='UNRESOLVED']}
[ERROR][03-Jul-2024 12:20:43 PM] ThumbsDownFeedBack.testMyFeedbackStatus:(98) - My Feedback Article Status in CP Test is un-successfull
[INFO ][03-Jul-2024 12:20:44 PM] Selenium_Wrapper.openBrowser:(54) - Opening chrome browser.
[INFO ][03-Jul-2024 12:20:55 PM] Selenium_Wrapper.enterURL:(88) - Entering url :https://macu1--tst1.custhelp.com/AgentWeb/
[INFO ][03-Jul-2024 12:20:59 PM] Selenium_Wrapper.enterText:(317) - Entering Text :automation_testing in WebElement :[[ChromeDriver: chrome on WINDOWS (a38d50d8ffc1b753f04a4fbff274e7a7)] -> id: username]
[INFO ][03-Jul-2024 12:21:00 PM] Selenium_Wrapper.enterText:(317) - Entering Text :Welcome123 in WebElement :[[ChromeDriver: chrome on WINDOWS (a38d50d8ffc1b753f04a4fbff274e7a7)] -> id: password]
[INFO ][03-Jul-2024 12:21:20 PM] Selenium_Wrapper.click:(205) - Clicking on :[[ChromeDriver: chrome on WINDOWS (a38d50d8ffc1b753f04a4fbff274e7a7)] -> id: loginbutton]
