[INFO ][03-Dec-2023 12:23:54 PM] Selenium_Wrapper.openBrowser:(48) - Opening chrome browser.
[INFO ][03-Dec-2023 12:23:56 PM] Selenium_Wrapper.enterURL:(82) - Entering url :https://macu1--tst1.custhelp.com/AgentWeb/
[INFO ][03-Dec-2023 12:24:01 PM] Selenium_Wrapper.enterText:(311) - Entering Text :automation_testing in WebElement :[[ChromeDriver: chrome on WINDOWS (0b26eacc8b391c18453d6ea3bba9b8d1)] -> id: username]
[INFO ][03-Dec-2023 12:24:02 PM] Selenium_Wrapper.enterText:(311) - Entering Text :Welcome123 in WebElement :[[ChromeDriver: chrome on WINDOWS (0b26eacc8b391c18453d6ea3bba9b8d1)] -> id: password]
[INFO ][03-Dec-2023 12:24:38 PM] Selenium_Wrapper.click:(199) - Clicking on :[[ChromeDriver: chrome on WINDOWS (0b26eacc8b391c18453d6ea3bba9b8d1)] -> id: loginbutton]
[INFO ][03-Dec-2023 12:25:02 PM] Selenium_Wrapper.click:(199) - Clicking on :[[ChromeDriver: chrome on WINDOWS (0b26eacc8b391c18453d6ea3bba9b8d1)] -> xpath: //oj-button[@id='navigationSetBtn']]
[INFO ][03-Dec-2023 12:25:11 PM] Selenium_Wrapper.click:(199) - Clicking on :[[ChromeDriver: chrome on WINDOWS (0b26eacc8b391c18453d6ea3bba9b8d1)] -> xpath: (//div[text()='Analytics']//a)]
[INFO ][03-Dec-2023 12:25:17 PM] Selenium_Wrapper.click:(199) - Clicking on :[[ChromeDriver: chrome on WINDOWS (0b26eacc8b391c18453d6ea3bba9b8d1)] -> xpath: //span[text()='Reports Explorer']]
[INFO ][03-Dec-2023 12:25:22 PM] Selenium_Wrapper.click:(199) - Clicking on :[[ChromeDriver: chrome on WINDOWS (0b26eacc8b391c18453d6ea3bba9b8d1)] -> xpath: //div[text()='Public Reports']]
[INFO ][03-Dec-2023 12:25:27 PM] Selenium_Wrapper.click:(199) - Clicking on :[[ChromeDriver: chrome on WINDOWS (0b26eacc8b391c18453d6ea3bba9b8d1)] -> xpath: //div[text()='MACU CUSTOM REPORTS']]
[INFO ][03-Dec-2023 12:25:33 PM] Selenium_Wrapper.click:(199) - Clicking on :[[ChromeDriver: chrome on WINDOWS (0b26eacc8b391c18453d6ea3bba9b8d1)] -> xpath: //div[text()='SoftClouds']]
[INFO ][03-Dec-2023 12:25:38 PM] Selenium_Wrapper.click:(199) - Clicking on :[[ChromeDriver: chrome on WINDOWS (0b26eacc8b391c18453d6ea3bba9b8d1)] -> xpath: //div[text()='OKCS']]
[INFO ][03-Dec-2023 12:25:46 PM] Selenium_Wrapper.doubleClick:(280) - Double clicking on :[[ChromeDriver: chrome on WINDOWS (0b26eacc8b391c18453d6ea3bba9b8d1)] -> xpath: //div[@class='explorer-right-panel']//div[@class='explorer-data-grid']//span[text()='Feedback Admin Report']]
[INFO ][03-Dec-2023 12:26:02 PM] Selenium_Wrapper.click:(199) - Clicking on :[[ChromeDriver: chrome on WINDOWS (0b26eacc8b391c18453d6ea3bba9b8d1)] -> xpath: //div[@class='container wsx-flex']//div[@class='analyticsTopSection']//div[@class='select-box-root select-box-display-text-active']]
[INFO ][03-Dec-2023 12:26:08 PM] Selenium_Wrapper.click:(199) - Clicking on :[[ChromeDriver: chrome on WINDOWS (0b26eacc8b391c18453d6ea3bba9b8d1)] -> xpath: (//span[text()='Search'])[2]]
[ERROR][03-Dec-2023 12:26:14 PM] Selenium_Wrapper.highlightWebElement:(417) - org.openqa.selenium.NoSuchElementException: no such element: Unable to locate element: {"method":"xpath","selector":"//div[@class='container wsx-flex']//div[contains(@column-id,'2')][1]"}
  (Session info: chrome=119.0.6045.200)
For documentation on this error, please visit: https://www.seleniumhq.org/exceptions/no_such_element.html
Build info: version: '3.141.59', revision: 'e82be7d358', time: '2018-11-14T08:17:03'
System info: host: 'DESKTOP-19CIHS2', ip: '192.168.0.5', os.name: 'Windows 10', os.arch: 'amd64', os.version: '10.0', java.version: '17.0.5'
Driver info: org.openqa.selenium.chrome.ChromeDriver
Capabilities {acceptInsecureCerts: false, browserName: chrome, browserVersion: 119.0.6045.200, chrome: {chromedriverVersion: 119.0.6045.105 (38c72552c5e..., userDataDir: C:\Users\swamyk\AppData\Loc...}, fedcm:accounts: true, goog:chromeOptions: {debuggerAddress: localhost:65530}, javascriptEnabled: true, networkConnectionEnabled: false, pageLoadStrategy: normal, platform: WINDOWS, platformName: WINDOWS, proxy: Proxy(), setWindowRect: true, strictFileInteractability: false, timeouts: {implicit: 0, pageLoad: 300000, script: 30000}, unhandledPromptBehavior: dismiss and notify, webauthn:extension:credBlob: true, webauthn:extension:largeBlob: true, webauthn:extension:minPinLength: true, webauthn:extension:prf: true, webauthn:virtualAuthenticators: true}
Session ID: 0b26eacc8b391c18453d6ea3bba9b8d1
*** Element info: {Using=xpath, value=//div[@class='container wsx-flex']//div[contains(@column-id,'2')][1]}
[ERROR][03-Dec-2023 12:26:14 PM] FeedbackReport.testFeedbackStatus:(87) - Feedback Status in BUI Test is un-successfull
[INFO ][03-Dec-2023 12:26:22 PM] Selenium_Wrapper.click:(199) - Clicking on :[[ChromeDriver: chrome on WINDOWS (0b26eacc8b391c18453d6ea3bba9b8d1)] -> xpath: //body//oj-avatar[@initials='[[userMenuLabel]]']]
