[INFO ][04-Sep-2022 12:34:59 PM] Selenium_Wrapper.openBrowser:(48) - Opening chrome browser.
[INFO ][04-Sep-2022 12:35:08 PM] Selenium_Wrapper.enterURL:(82) - Entering url :https://macu1--upgrade.custhelp.com/
[INFO ][04-Sep-2022 12:35:12 PM] Selenium_Wrapper.enterText:(311) - Entering Text :pramodk in WebElement :[[ChromeDriver: chrome on WINDOWS (5292b1881cb74ff738e3223d492047f4)] -> id: rn_LoginForm_2_Username]
[INFO ][04-Sep-2022 12:35:14 PM] Selenium_Wrapper.enterText:(311) - Entering Text :Soft@123 in WebElement :[[ChromeDriver: chrome on WINDOWS (5292b1881cb74ff738e3223d492047f4)] -> id: rn_LoginForm_2_Password]
[INFO ][04-Sep-2022 12:35:21 PM] Selenium_Wrapper.click:(199) - Clicking on :[[ChromeDriver: chrome on WINDOWS (5292b1881cb74ff738e3223d492047f4)] -> id: rn_LoginForm_2_Submit]
[INFO ][04-Sep-2022 12:35:34 PM] Selenium_Wrapper.click:(199) - Clicking on :[[ChromeDriver: chrome on WINDOWS (5292b1881cb74ff738e3223d492047f4)] -> xpath: //input[@type='search']]
[INFO ][04-Sep-2022 12:35:35 PM] Selenium_Wrapper.enterText:(311) - Entering Text :Auto Loan in WebElement :[[ChromeDriver: chrome on WINDOWS (5292b1881cb74ff738e3223d492047f4)] -> xpath: //input[@type='search']]
[ERROR][04-Sep-2022 12:35:38 PM] Selenium_Wrapper.highlightWebElement:(417) - org.openqa.selenium.NoSuchElementException: no such element: Unable to locate element: {"method":"xpath","selector":"//ul[@aria-label='Suggested Search']//li[normalize-space()='Flexible Work']"}
  (Session info: chrome=105.0.5195.102)
For documentation on this error, please visit: https://www.seleniumhq.org/exceptions/no_such_element.html
Build info: version: '3.141.59', revision: 'e82be7d358', time: '2018-11-14T08:17:03'
System info: host: 'QA-SWAMYK', ip: '192.168.0.4', os.name: 'Windows 10', os.arch: 'amd64', os.version: '10.0', java.version: '11.0.10'
Driver info: org.openqa.selenium.chrome.ChromeDriver
Capabilities {acceptInsecureCerts: false, browserName: chrome, browserVersion: 105.0.5195.102, chrome: {chromedriverVersion: 105.0.5195.52 (412c95e51883..., userDataDir: C:\Users\SWAMYK~1\AppData\L...}, goog:chromeOptions: {debuggerAddress: localhost:55821}, javascriptEnabled: true, networkConnectionEnabled: false, pageLoadStrategy: normal, platform: WINDOWS, platformName: WINDOWS, proxy: Proxy(), setWindowRect: true, strictFileInteractability: false, timeouts: {implicit: 0, pageLoad: 300000, script: 30000}, unhandledPromptBehavior: dismiss and notify, webauthn:extension:credBlob: true, webauthn:extension:largeBlob: true, webauthn:virtualAuthenticators: true}
Session ID: 5292b1881cb74ff738e3223d492047f4
*** Element info: {Using=xpath, value=//ul[@aria-label='Suggested Search']//li[normalize-space()='Flexible Work']}
[ERROR][04-Sep-2022 12:35:43 PM] FeedbackAdmin.testSearchanArticleSection:(43) - Jump to section Test is un-successfull
[INFO ][04-Sep-2022 12:35:57 PM] Selenium_Wrapper.click:(199) - Clicking on :[[ChromeDriver: chrome on WINDOWS (5292b1881cb74ff738e3223d492047f4)] -> xpath: //button[@class='rn_RecommendContentButton p-0']]
[ERROR][04-Sep-2022 12:36:02 PM] FeedbackAdmin.testFeedbackPage:(69) - Request Updates, Comments, Thumbs Up & Down Test is un-successfull
