[INFO ][09-Nov-2021 12:43:54 pm] Selenium_Wrapper.openBrowser:(48) - Opening chrome browser.
[INFO ][09-Nov-2021 12:45:02 pm] Selenium_Wrapper.enterURL:(82) - Entering url :https://macu1--tst.custhelp.com/app/home
[INFO ][09-Nov-2021 12:45:07 pm] Selenium_Wrapper.enterText:(311) - Entering Text :pramodk in WebElement :[[ChromeDriver: chrome on WINDOWS (fe0e031507a74f7125fc4db7e45fbb19)] -> id: rn_LoginForm_2_Username]
[INFO ][09-Nov-2021 12:45:08 pm] Selenium_Wrapper.enterText:(311) - Entering Text :Soft@123 in WebElement :[[ChromeDriver: chrome on WINDOWS (fe0e031507a74f7125fc4db7e45fbb19)] -> id: rn_LoginForm_2_Password]
[INFO ][09-Nov-2021 12:45:15 pm] Selenium_Wrapper.click:(199) - Clicking on :[[ChromeDriver: chrome on WINDOWS (fe0e031507a74f7125fc4db7e45fbb19)] -> id: rn_LoginForm_2_Submit]
[INFO ][09-Nov-2021 12:45:29 pm] Selenium_Wrapper.click:(199) - Clicking on :[[ChromeDriver: chrome on WINDOWS (fe0e031507a74f7125fc4db7e45fbb19)] -> xpath: //input[@type='search']]
[INFO ][09-Nov-2021 12:45:30 pm] Selenium_Wrapper.enterText:(311) - Entering Text :Flexible Work in WebElement :[[ChromeDriver: chrome on WINDOWS (fe0e031507a74f7125fc4db7e45fbb19)] -> xpath: //input[@type='search']]
[INFO ][09-Nov-2021 12:45:58 pm] Selenium_Wrapper.click:(199) - Clicking on :[[ChromeDriver: chrome on WINDOWS (fe0e031507a74f7125fc4db7e45fbb19)] -> xpath: //ul[@aria-label='Suggested Search']//li[normalize-space()='Flexible Work']]
[INFO ][09-Nov-2021 12:46:05 pm] Selenium_Wrapper.click:(199) - Clicking on :[[ChromeDriver: chrome on WINDOWS (fe0e031507a74f7125fc4db7e45fbb19)] -> xpath: //div[@class='rn_SearchResultContent']//a[text()='Flexible Work']]
[INFO ][09-Nov-2021 12:46:29 pm] Selenium_Wrapper.click:(199) - Clicking on :[[ChromeDriver: chrome on WINDOWS (fe0e031507a74f7125fc4db7e45fbb19)] -> xpath: //button[@class='rn_RecommendContentButton p-0']]
[INFO ][09-Nov-2021 12:46:34 pm] Selenium_Wrapper.click:(199) - Clicking on :[[ChromeDriver: chrome on WINDOWS (fe0e031507a74f7125fc4db7e45fbb19)] -> id: rn_RequestUpdate_25_Description]
[INFO ][09-Nov-2021 12:46:35 pm] Selenium_Wrapper.enterText:(311) - Entering Text :Test Improve, comments, updates in WebElement :[[ChromeDriver: chrome on WINDOWS (fe0e031507a74f7125fc4db7e45fbb19)] -> id: rn_RequestUpdate_25_Description]
[INFO ][09-Nov-2021 12:46:40 pm] Selenium_Wrapper.click:(199) - Clicking on :[[ChromeDriver: chrome on WINDOWS (fe0e031507a74f7125fc4db7e45fbb19)] -> xpath: //button[text()='Submit']]
[INFO ][09-Nov-2021 12:46:53 pm] Selenium_Wrapper.click:(199) - Clicking on :[[ChromeDriver: chrome on WINDOWS (fe0e031507a74f7125fc4db7e45fbb19)] -> xpath: //div[@id='rnDialog2']//button[@type='button']]
[INFO ][09-Nov-2021 12:47:03 pm] Selenium_Wrapper.click:(199) - Clicking on :[[ChromeDriver: chrome on WINDOWS (fe0e031507a74f7125fc4db7e45fbb19)] -> class name: knowledge]
[INFO ][09-Nov-2021 12:47:11 pm] Selenium_Wrapper.click:(199) - Clicking on :[[ChromeDriver: chrome on WINDOWS (fe0e031507a74f7125fc4db7e45fbb19)] -> xpath: //div[@class='dropdown']]
[INFO ][09-Nov-2021 12:47:57 pm] Selenium_Wrapper.click:(199) - Clicking on :[[ChromeDriver: chrome on WINDOWS (fe0e031507a74f7125fc4db7e45fbb19)] -> xpath: //a[text()='My Feedback']]
[INFO ][09-Nov-2021 12:47:59 pm] Selenium_Wrapper.enterText:(311) - Entering Text :Flexible Work in WebElement :[[ChromeDriver: chrome on WINDOWS (fe0e031507a74f7125fc4db7e45fbb19)] -> xpath: //input[@placeholder='Search Your Feedback Report']]
[ERROR][09-Nov-2021 12:48:02 pm] Selenium_Wrapper.highlightWebElement:(417) - org.openqa.selenium.NoSuchElementException: no such element: Unable to locate element: {"method":"xpath","selector":"//div[@class='rn_SearchInput1 mt-3']//span[@class='btn-srch-icon']//i[@class='fa fa-search']"}
  (Session info: chrome=95.0.4638.54)
For documentation on this error, please visit: https://www.seleniumhq.org/exceptions/no_such_element.html
Build info: version: '3.141.59', revision: 'e82be7d358', time: '2018-11-14T08:17:03'
System info: host: 'DESKTOP-N43657M', ip: '192.168.29.58', os.name: 'Windows 10', os.arch: 'amd64', os.version: '10.0', java.version: '16.0.1'
Driver info: org.openqa.selenium.chrome.ChromeDriver
Capabilities {acceptInsecureCerts: false, browserName: chrome, browserVersion: 95.0.4638.54, chrome: {chromedriverVersion: 95.0.4638.17 (a9d0719444d4b..., userDataDir: C:\Users\Pramod\AppData\Loc...}, goog:chromeOptions: {debuggerAddress: localhost:56290}, javascriptEnabled: true, networkConnectionEnabled: false, pageLoadStrategy: normal, platform: WINDOWS, platformName: WINDOWS, proxy: Proxy(), setWindowRect: true, strictFileInteractability: false, timeouts: {implicit: 0, pageLoad: 300000, script: 30000}, unhandledPromptBehavior: dismiss and notify, webauthn:extension:credBlob: true, webauthn:extension:largeBlob: true, webauthn:virtualAuthenticators: true}
Session ID: fe0e031507a74f7125fc4db7e45fbb19
*** Element info: {Using=xpath, value=//div[@class='rn_SearchInput1 mt-3']//span[@class='btn-srch-icon']//i[@class='fa fa-search']}
[ERROR][09-Nov-2021 12:48:07 pm] FeedbackAdmin.testMyFeedbackStatus:(104) - My Feedback Article Status in CP Test is un-successfull
[INFO ][09-Nov-2021 12:48:08 pm] Selenium_Wrapper.openBrowser:(48) - Opening chrome browser.
[INFO ][09-Nov-2021 12:48:14 pm] Selenium_Wrapper.enterURL:(82) - Entering url :https://macu1--tst.custhelp.com/AgentWeb/
[INFO ][09-Nov-2021 12:48:18 pm] Selenium_Wrapper.enterText:(311) - Entering Text :RNT_pramod in WebElement :[[ChromeDriver: chrome on WINDOWS (47679d7f755021e1584283134a067f42)] -> id: username]
[INFO ][09-Nov-2021 12:48:19 pm] Selenium_Wrapper.enterText:(311) - Entering Text :Welcome123 in WebElement :[[ChromeDriver: chrome on WINDOWS (47679d7f755021e1584283134a067f42)] -> id: password]
