[INFO ][28-Jul-2023 12:41:14 pm] Selenium_Wrapper.openBrowser:(48) - Opening chrome browser.
[INFO ][28-Jul-2023 12:41:17 pm] Selenium_Wrapper.enterURL:(82) - Entering url :https://macu1--tst1.custhelp.com/AgentWeb/
[INFO ][28-Jul-2023 12:41:21 pm] Selenium_Wrapper.enterText:(311) - Entering Text :automation_testing in WebElement :[[ChromeDriver: chrome on WINDOWS (2106efa84a26838c7f777b1d4f2506ca)] -> id: username]
[INFO ][28-Jul-2023 12:41:23 pm] Selenium_Wrapper.enterText:(311) - Entering Text :Welcome123 in WebElement :[[ChromeDriver: chrome on WINDOWS (2106efa84a26838c7f777b1d4f2506ca)] -> id: password]
[INFO ][28-Jul-2023 12:41:42 pm] Selenium_Wrapper.click:(199) - Clicking on :[[ChromeDriver: chrome on WINDOWS (2106efa84a26838c7f777b1d4f2506ca)] -> id: loginbutton]
[ERROR][28-Jul-2023 12:41:54 pm] SchedulerJobs.testSchedulingReports:(41) - Selecting Scheduling Reports Test is un-successfull
[ERROR][28-Jul-2023 12:42:02 pm] SchedulerJobs.testSignout:(57) - Logout/SignOut un-successfull
