[INFO ][04-Oct-2023 12:44:28 pm] Selenium_Wrapper.openBrowser:(48) - Opening chrome browser.
[INFO ][04-Oct-2023 12:44:32 pm] Selenium_Wrapper.enterURL:(82) - Entering url :https://macu1--tst1.custhelp.com/app/home
[INFO ][04-Oct-2023 12:44:36 pm] Selenium_Wrapper.enterText:(311) - Entering Text :swamyk in WebElement :[[ChromeDriver: chrome on WINDOWS (3507c17c03f6bb09c2f3a2eaa30f4f42)] -> id: rn_LoginForm_2_Username]
[INFO ][04-Oct-2023 12:44:38 pm] Selenium_Wrapper.enterText:(311) - Entering Text :Soft@123 in WebElement :[[ChromeDriver: chrome on WINDOWS (3507c17c03f6bb09c2f3a2eaa30f4f42)] -> id: rn_LoginForm_2_Password]
[INFO ][04-Oct-2023 12:44:45 pm] Selenium_Wrapper.click:(199) - Clicking on :[[ChromeDriver: chrome on WINDOWS (3507c17c03f6bb09c2f3a2eaa30f4f42)] -> id: rn_LoginForm_2_Submit]
[ERROR][04-Oct-2023 12:44:54 pm] ArticlePage.testSearchPage:(37) - Search and Select Article Test case is un-successfull
[ERROR][04-Oct-2023 12:45:00 pm] ArticlePage.testBookmarkArticle:(94) - Bookmark Article Test case is un-successfull
[INFO ][04-Oct-2023 12:45:01 pm] Selenium_Wrapper.openBrowser:(48) - Opening chrome browser.
[INFO ][04-Oct-2023 12:45:08 pm] Selenium_Wrapper.enterURL:(82) - Entering url :https://macu1--tst1.custhelp.com/app/home
[ERROR][04-Oct-2023 12:45:08 pm] ArticlePage.testShareEmail:(133) - Share Email Test case is un-successfull
[INFO ][04-Oct-2023 12:45:12 pm] Selenium_Wrapper.enterText:(311) - Entering Text :swamyk in WebElement :[[ChromeDriver: chrome on WINDOWS (47c483dcb9f7bdf1e90df461db44c05a)] -> id: rn_LoginForm_2_Username]
[INFO ][04-Oct-2023 12:45:13 pm] Selenium_Wrapper.enterText:(311) - Entering Text :Soft@123 in WebElement :[[ChromeDriver: chrome on WINDOWS (47c483dcb9f7bdf1e90df461db44c05a)] -> id: rn_LoginForm_2_Password]
[ERROR][04-Oct-2023 12:45:18 pm] ArticlePage.testSearchArticle:(154) - Search Existing Article Test case is un-successfull
[ERROR][04-Oct-2023 12:45:20 pm] Selenium_Wrapper.scrollToWebElement:(487) - org.openqa.selenium.NoSuchWindowException: no such window: target window already closed
from unknown error: web view not found
  (Session info: chrome=117.0.5938.150)
Build info: version: '3.141.59', revision: 'e82be7d358', time: '2018-11-14T08:17:03'
System info: host: 'CAF-QA-SWAMYK', ip: '192.168.0.6', os.name: 'Windows 10', os.arch: 'amd64', os.version: '10.0', java.version: '17.0.5'
Driver info: org.openqa.selenium.chrome.ChromeDriver
Capabilities {acceptInsecureCerts: false, browserName: chrome, browserVersion: 117.0.5938.150, chrome: {chromedriverVersion: 117.0.5938.92 (67649b10b92b..., userDataDir: C:\Users\swamyk\AppData\Loc...}, fedcm:accounts: true, goog:chromeOptions: {debuggerAddress: localhost:57070}, javascriptEnabled: true, networkConnectionEnabled: false, pageLoadStrategy: normal, platform: WINDOWS, platformName: WINDOWS, proxy: Proxy(), setWindowRect: true, strictFileInteractability: false, timeouts: {implicit: 0, pageLoad: 300000, script: 30000}, unhandledPromptBehavior: dismiss and notify, webauthn:extension:credBlob: true, webauthn:extension:largeBlob: true, webauthn:extension:minPinLength: true, webauthn:extension:prf: true, webauthn:virtualAuthenticators: true}
Session ID: 3507c17c03f6bb09c2f3a2eaa30f4f42
*** Element info: {Using=class name, value=knowledge}
[ERROR][04-Oct-2023 12:45:20 pm] ArticlePage.testRequests:(203) - testRequests Test case is un-successfull
[INFO ][04-Oct-2023 12:45:20 pm] Selenium_Wrapper.click:(199) - Clicking on :[[ChromeDriver: chrome on WINDOWS (47c483dcb9f7bdf1e90df461db44c05a)] -> id: rn_LoginForm_2_Submit]
[ERROR][04-Oct-2023 12:45:29 pm] QuickNavigation.testAssertBookmarkArticle:(59) - Assert Article from My Top Bookmarks Test is un-successfull
[ERROR][04-Oct-2023 12:45:39 pm] QuickNavigation.testBookmarkArticle:(79) - Bookmark Article Test is un-successfull
[ERROR][04-Oct-2023 12:45:39 pm] QuickNavigation.testVerifyBookmarkArticle:(146) - Verify Bookmark Article and Highlight in List Test is un-successfull
[ERROR][04-Oct-2023 12:45:45 pm] QuickNavigation.testPreferencesBookmarkPage:(171) - Preferences in My Bookmarks Test is un-successfull
[ERROR][04-Oct-2023 12:45:50 pm] QuickNavigation.testPreferencesNotificationPage:(192) - Preferences My Notification Test is un-successfull
[ERROR][04-Oct-2023 12:45:53 pm] QuickNavigation.testSignout:(204) - Logout/SignOut un-successfull
